2015-05-11 10:05:22.137483 do get, return /home
2015-05-11 10:05:22.340600 do get, return /jquery-2.1.1.min.js
2015-05-11 10:05:22.418727 do get, return /figs/square_0_2d_F2s.png
2015-05-11 10:05:22.418727 do get, return /figs/layerss.png
2015-05-11 10:05:24.684393 do get, return /do?&x=0.8864&y=0.9849&z=0
2015-05-11 10:05:24.684393 do get, return /do?&x=0.8768&y=0.9619&z=0
2015-05-11 10:05:24.715610 [0.8864, 0.9849, 0.0]
2015-05-11 10:05:24.715610 [0.8768, 0.9619, 0.0]
2015-05-11 10:05:24.793740 do get, return /do?&x=0.8615&y=0.9390&z=0
2015-05-11 10:05:24.809367 do get, return /do?&x=0.7851&y=0.8568&z=0
2015-05-11 10:05:24.809367 [0.8615, 0.939, 0.0]
2015-05-11 10:05:24.809367 [0.7851, 0.8568, 0.0]
2015-05-11 10:05:25.371859 do get, return /do?&x=0.7813&y=0.8568&z=0
2015-05-11 10:05:25.371859 [0.7813, 0.8568, 0.0]
2015-05-11 10:05:25.387484 do get, return /do?&x=0.7794&y=0.8568&z=0
2015-05-11 10:05:25.387484 [0.7794, 0.8568, 0.0]
2015-05-11 10:05:25.450059 do get, return /do?&x=0.7775&y=0.8549&z=0
2015-05-11 10:05:25.465609 [0.7775, 0.8549, 0.0]
2015-05-11 10:05:25.450059 do get, return /do?&x=0.7641&y=0.8434&z=0
2015-05-11 10:05:25.465609 do get, return /do?&x=0.7545&y=0.8396&z=0
2015-05-11 10:05:25.481241 [0.7641, 0.8434, 0.0]
2015-05-11 10:05:25.481241 do get, return /do?&x=0.7469&y=0.8301&z=0
2015-05-11 10:05:25.481241 [0.7545, 0.8396, 0.0]
2015-05-11 10:05:25.496866 [0.7469, 0.8301, 0.0]
2015-05-11 10:05:25.637485 do get, return /do?&x=0.7373&y=0.8090&z=0
2015-05-11 10:05:25.637485 [0.7373, 0.809, 0.0]
2015-05-11 10:05:25.653110 do get, return /do?&x=0.7220&y=0.7861&z=0
2015-05-11 10:05:25.653110 [0.722, 0.7861, 0.0]
2015-05-11 10:05:25.684359 do get, return /do?&x=0.6953&y=0.7632&z=0
2015-05-11 10:05:25.684359 do get, return /do?&x=0.6666&y=0.7402&z=0
2015-05-11 10:05:25.684359 do get, return /do?&x=0.6475&y=0.7230&z=0
2015-05-11 10:05:25.684359 [0.6953, 0.7632, 0.0]
2015-05-11 10:05:25.699984 do get, return /do?&x=0.6322&y=0.7020&z=0
2015-05-11 10:05:25.699984 [0.6666, 0.7402, 0.0]
2015-05-11 10:05:25.699984 [0.6475, 0.723, 0.0]
2015-05-11 10:05:25.715610 [0.6322, 0.702, 0.0]
2015-05-11 10:05:25.731235 do get, return /do?&x=0.6188&y=0.6733&z=0
2015-05-11 10:05:25.746861 do get, return /do?&x=0.5672&y=0.6275&z=0
2015-05-11 10:05:25.762485 [0.6188, 0.6733, 0.0]
2015-05-11 10:05:25.762485 [0.5672, 0.6275, 0.0]
2015-05-11 10:05:25.809392 do get, return /do?&x=0.5634&y=0.6275&z=0
2015-05-11 10:05:25.809392 [0.5634, 0.6275, 0.0]
2015-05-11 10:05:25.840672 do get, return /do?&x=0.5577&y=0.6256&z=0
2015-05-11 10:05:25.840672 do get, return /do?&x=0.5558&y=0.6256&z=0
2015-05-11 10:05:25.840672 do get, return /do?&x=0.5538&y=0.6256&z=0
2015-05-11 10:05:25.856244 [0.5577, 0.6256, 0.0]
2015-05-11 10:05:25.856244 [0.5558, 0.6256, 0.0]
2015-05-11 10:05:25.856244 do get, return /do?&x=0.5519&y=0.6313&z=0
2015-05-11 10:05:25.871892 do get, return /do?&x=0.5519&y=0.6275&z=0
2015-05-11 10:05:25.871892 [0.5538, 0.6256, 0.0]
2015-05-11 10:05:25.871892 do get, return /do?&x=0.5519&y=0.6370&z=0
2015-05-11 10:05:25.887513 [0.5519, 0.6313, 0.0]
2015-05-11 10:05:25.887513 [0.5519, 0.6275, 0.0]
2015-05-11 10:05:25.918735 [0.5519, 0.637, 0.0]
2015-05-11 10:05:25.934362 do get, return /do?&x=0.5500&y=0.6447&z=0
2015-05-11 10:05:25.949988 [0.55, 0.6447, 0.0]
2015-05-11 10:05:25.981267 do get, return /do?&x=0.5481&y=0.6581&z=0
2015-05-11 10:05:25.996869 [0.5481, 0.6581, 0.0]
2015-05-11 10:05:26.012485 do get, return /do?&x=0.5481&y=0.6676&z=0
2015-05-11 10:05:26.028143 [0.5481, 0.6676, 0.0]
2015-05-11 10:05:26.106308 do get, return /do?&x=0.5462&y=0.6772&z=0
2015-05-11 10:05:26.106308 do get, return /do?&x=0.5462&y=0.6848&z=0
2015-05-11 10:05:26.121861 do get, return /do?&x=0.5443&y=0.6963&z=0
2015-05-11 10:05:26.121861 do get, return /do?&x=0.5443&y=0.7039&z=0
2015-05-11 10:05:26.121861 do get, return /do?&x=0.5405&y=0.7364&z=0
2015-05-11 10:05:26.137488 [0.5462, 0.6772, 0.0]
2015-05-11 10:05:26.153111 [0.5462, 0.6848, 0.0]
2015-05-11 10:05:26.153111 do get, return /do?&x=0.5405&y=0.7422&z=0
2015-05-11 10:05:26.168740 [0.5443, 0.6963, 0.0]
2015-05-11 10:05:26.168740 [0.5443, 0.7039, 0.0]
2015-05-11 10:05:26.184361 [0.5405, 0.7364, 0.0]
2015-05-11 10:05:26.199987 [0.5405, 0.7422, 0.0]
2015-05-11 10:05:26.309362 do get, return /do?&x=0.5405&y=0.7460&z=0
2015-05-11 10:05:26.309362 do get, return /do?&x=0.5405&y=0.7479&z=0
2015-05-11 10:05:26.309362 do get, return /do?&x=0.5385&y=0.7479&z=0
2015-05-11 10:05:26.309362 do get, return /do?&x=0.5385&y=0.7154&z=0
2015-05-11 10:05:26.309362 do get, return /do?&x=0.5385&y=0.7096&z=0
2015-05-11 10:05:26.324987 [0.5405, 0.746, 0.0]
2015-05-11 10:05:26.324987 do get, return /do?&x=0.5385&y=0.7058&z=0
2015-05-11 10:05:26.324987 [0.5405, 0.7479, 0.0]
2015-05-11 10:05:26.340640 [0.5385, 0.7479, 0.0]
2015-05-11 10:05:26.340640 [0.5385, 0.7154, 0.0]
2015-05-11 10:05:26.356244 [0.5385, 0.7096, 0.0]
2015-05-11 10:05:26.371867 [0.5385, 0.7058, 0.0]
2015-05-11 10:05:26.465644 do get, return /do?&x=0.5271&y=0.5625&z=0
2015-05-11 10:05:26.465644 do get, return /do?&x=0.5252&y=0.5491&z=0
2015-05-11 10:05:26.465644 do get, return /do?&x=0.5271&y=0.5549&z=0
2015-05-11 10:05:26.465644 [0.5271, 0.5625, 0.0]
2015-05-11 10:05:26.481237 [0.5252, 0.5491, 0.0]
2015-05-11 10:05:26.481237 [0.5271, 0.5549, 0.0]
2015-05-11 10:05:26.528145 do get, return /do?&x=0.5252&y=0.5472&z=0
2015-05-11 10:05:26.543738 [0.5252, 0.5472, 0.0]
2015-05-11 10:05:26.637559 do get, return /do?&x=0.5252&y=0.5510&z=0
2015-05-11 10:05:26.637559 do get, return /do?&x=0.5252&y=0.5491&z=0
2015-05-11 10:05:26.653114 [0.5252, 0.551, 0.0]
2015-05-11 10:05:26.653114 [0.5252, 0.5491, 0.0]
2015-05-11 10:05:26.668742 do get, return /do?&x=0.5252&y=0.5549&z=0
2015-05-11 10:05:26.684364 [0.5252, 0.5549, 0.0]
2015-05-11 10:05:26.715613 do get, return /do?&x=0.5252&y=0.5568&z=0
2015-05-11 10:05:26.715613 do get, return /do?&x=0.5252&y=0.5587&z=0
2015-05-11 10:05:26.715613 [0.5252, 0.5568, 0.0]
2015-05-11 10:05:26.731245 [0.5252, 0.5587, 0.0]
2015-05-11 10:05:26.793770 do get, return /do?&x=0.5252&y=0.5606&z=0
2015-05-11 10:05:26.793770 [0.5252, 0.5606, 0.0]
2015-05-11 10:05:26.825018 do get, return /do?&x=0.5252&y=0.5625&z=0
2015-05-11 10:05:26.840612 [0.5252, 0.5625, 0.0]
2015-05-11 10:05:26.840612 do get, return /do?&x=0.5252&y=0.5644&z=0
2015-05-11 10:05:26.840612 do get, return /do?&x=0.5252&y=0.5663&z=0
2015-05-11 10:05:26.856246 do get, return /do?&x=0.5405&y=0.6141&z=0
2015-05-11 10:05:26.856246 do get, return /do?&x=0.5959&y=0.6886&z=0
2015-05-11 10:05:26.856246 [0.5252, 0.5644, 0.0]
2015-05-11 10:05:26.856246 do get, return /do?&x=0.5672&y=0.6466&z=0
2015-05-11 10:05:26.871865 [0.5252, 0.5663, 0.0]
2015-05-11 10:05:26.871865 [0.5405, 0.6141, 0.0]
2015-05-11 10:05:26.887491 [0.5959, 0.6886, 0.0]
2015-05-11 10:05:26.887491 do get, return /do?&x=0.6456&y=0.7593&z=0
2015-05-11 10:05:26.903146 [0.5672, 0.6466, 0.0]
2015-05-11 10:05:26.934397 [0.6456, 0.7593, 0.0]
2015-05-11 10:05:27.090689 do get, return /do?&x=0.6475&y=0.7632&z=0
2015-05-11 10:05:27.106273 [0.6475, 0.7632, 0.0]
2015-05-11 10:05:27.168770 do get, return /do?&x=0.6532&y=0.7670&z=0
2015-05-11 10:05:27.168770 do get, return /do?&x=0.6571&y=0.7708&z=0
2015-05-11 10:05:27.168770 do get, return /do?&x=0.6647&y=0.7765&z=0
2015-05-11 10:05:27.184366 do get, return /do?&x=0.6666&y=0.7804&z=0
2015-05-11 10:05:27.184366 do get, return /do?&x=0.6685&y=0.7804&z=0
2015-05-11 10:05:27.184366 do get, return /do?&x=0.6685&y=0.7823&z=0
2015-05-11 10:05:27.184366 [0.6532, 0.767, 0.0]
2015-05-11 10:05:27.199993 [0.6571, 0.7708, 0.0]
2015-05-11 10:05:27.199993 [0.6647, 0.7765, 0.0]
2015-05-11 10:05:27.215616 [0.6666, 0.7804, 0.0]
2015-05-11 10:05:27.215616 [0.6685, 0.7804, 0.0]
2015-05-11 10:05:27.231242 [0.6685, 0.7823, 0.0]
2015-05-11 10:05:27.434398 do get, return /do?&x=0.6704&y=0.7823&z=0
2015-05-11 10:05:27.449991 [0.6704, 0.7823, 0.0]
2015-05-11 10:05:27.496867 do get, return /do?&x=0.6704&y=0.7842&z=0
2015-05-11 10:05:27.496867 do get, return /do?&x=0.6704&y=0.7823&z=0
2015-05-11 10:05:27.496867 [0.6704, 0.7842, 0.0]
2015-05-11 10:05:27.512505 do get, return /do?&x=0.6704&y=0.7804&z=0
2015-05-11 10:05:27.512505 [0.6704, 0.7823, 0.0]
2015-05-11 10:05:27.512505 do get, return /do?&x=0.6704&y=0.7785&z=0
2015-05-11 10:05:27.528120 do get, return /do?&x=0.6704&y=0.7804&z=0
2015-05-11 10:05:27.528120 [0.6704, 0.7804, 0.0]
2015-05-11 10:05:27.543744 [0.6704, 0.7785, 0.0]
2015-05-11 10:05:27.559365 [0.6704, 0.7804, 0.0]
2015-05-11 10:05:27.653132 do get, return /do?&x=0.6742&y=0.7899&z=0
2015-05-11 10:05:27.668740 do get, return /do?&x=0.6781&y=0.8071&z=0
2015-05-11 10:05:27.668740 [0.6742, 0.7899, 0.0]
2015-05-11 10:05:27.684393 [0.6781, 0.8071, 0.0]
2015-05-11 10:05:27.684393 do get, return /do?&x=0.6838&y=0.8262&z=0
2015-05-11 10:05:27.699990 do get, return /do?&x=0.6972&y=0.8683&z=0
2015-05-11 10:05:27.699990 do get, return /do?&x=0.6876&y=0.8473&z=0
2015-05-11 10:05:27.699990 do get, return /do?&x=0.6934&y=0.8606&z=0
2015-05-11 10:05:27.715645 [0.6838, 0.8262, 0.0]
2015-05-11 10:05:27.715645 [0.6972, 0.8683, 0.0]
2015-05-11 10:05:27.731273 [0.6876, 0.8473, 0.0]
2015-05-11 10:05:27.731273 [0.6934, 0.8606, 0.0]
2015-05-11 10:05:27.824990 do get, return /do?&x=0.6991&y=0.8721&z=0
2015-05-11 10:05:27.824990 do get, return /do?&x=0.7048&y=0.8759&z=0
2015-05-11 10:05:27.824990 [0.6991, 0.8721, 0.0]
2015-05-11 10:05:27.840614 [0.7048, 0.8759, 0.0]
2015-05-11 10:05:27.856239 do get, return /do?&x=0.7086&y=0.8778&z=0
2015-05-11 10:05:27.856239 do get, return /do?&x=0.7105&y=0.8797&z=0
2015-05-11 10:05:27.871898 [0.7086, 0.8778, 0.0]
2015-05-11 10:05:27.887520 do get, return /do?&x=0.7163&y=0.8855&z=0
2015-05-11 10:05:27.887520 do get, return /do?&x=0.7144&y=0.8836&z=0
2015-05-11 10:05:27.903114 [0.7105, 0.8797, 0.0]
2015-05-11 10:05:27.918767 [0.7163, 0.8855, 0.0]
2015-05-11 10:05:27.934397 [0.7144, 0.8836, 0.0]
2015-05-11 10:05:28.106302 do get, return /do?&x=0.7201&y=0.8874&z=0
2015-05-11 10:05:28.121866 [0.7201, 0.8874, 0.0]
2015-05-11 10:05:28.137492 do get, return /do?&x=0.7278&y=0.9084&z=0
2015-05-11 10:05:28.137492 do get, return /do?&x=0.7316&y=0.9122&z=0
2015-05-11 10:05:28.137492 do get, return /do?&x=0.7335&y=0.9180&z=0
2015-05-11 10:05:28.153116 do get, return /do?&x=0.7335&y=0.9218&z=0
2015-05-11 10:05:28.153116 do get, return /do?&x=0.7373&y=0.9256&z=0
2015-05-11 10:05:28.153116 do get, return /do?&x=0.7392&y=0.9294&z=0
2015-05-11 10:05:28.153116 [0.7278, 0.9084, 0.0]
2015-05-11 10:05:28.153116 [0.7316, 0.9122, 0.0]
2015-05-11 10:05:28.168741 [0.7335, 0.918, 0.0]
2015-05-11 10:05:28.168741 [0.7335, 0.9218, 0.0]
2015-05-11 10:05:28.184366 [0.7373, 0.9256, 0.0]
2015-05-11 10:05:28.200023 [0.7392, 0.9294, 0.0]
2015-05-11 10:05:28.403146 do get, return /do?&x=0.7431&y=0.9313&z=0
2015-05-11 10:05:28.403146 [0.7431, 0.9313, 0.0]
2015-05-11 10:05:28.418742 do get, return /do?&x=0.7450&y=0.9313&z=0
2015-05-11 10:05:28.418742 do get, return /do?&x=0.7488&y=0.9352&z=0
2015-05-11 10:05:28.418742 do get, return /do?&x=0.7526&y=0.9352&z=0
2015-05-11 10:05:28.418742 [0.745, 0.9313, 0.0]
2015-05-11 10:05:28.418742 [0.7488, 0.9352, 0.0]
2015-05-11 10:05:28.434364 do get, return /do?&x=0.7602&y=0.9371&z=0
2015-05-11 10:05:28.434364 [0.7526, 0.9352, 0.0]
2015-05-11 10:05:28.434364 do get, return /do?&x=0.7641&y=0.9390&z=0
2015-05-11 10:05:28.449996 [0.7602, 0.9371, 0.0]
2015-05-11 10:05:28.465640 do get, return /do?&x=0.7698&y=0.9390&z=0
2015-05-11 10:05:28.465640 [0.7641, 0.939, 0.0]
2015-05-11 10:05:28.481265 [0.7698, 0.939, 0.0]
2015-05-11 10:05:28.559414 do get, return /do?&x=0.7736&y=0.9409&z=0
2015-05-11 10:05:28.574992 [0.7736, 0.9409, 0.0]
2015-05-11 10:05:28.590620 do get, return /do?&x=0.7775&y=0.9409&z=0
2015-05-11 10:05:28.590620 do get, return /do?&x=0.7851&y=0.9447&z=0
2015-05-11 10:05:28.606251 [0.7775, 0.9409, 0.0]
2015-05-11 10:05:28.606251 do get, return /do?&x=0.7870&y=0.9447&z=0
2015-05-11 10:05:28.606251 do get, return /do?&x=0.7889&y=0.9466&z=0
2015-05-11 10:05:28.621867 [0.7851, 0.9447, 0.0]
2015-05-11 10:05:28.621867 do get, return /do?&x=0.7908&y=0.9466&z=0
2015-05-11 10:05:28.637495 [0.787, 0.9447, 0.0]
2015-05-11 10:05:28.653119 [0.7889, 0.9466, 0.0]
2015-05-11 10:05:28.668755 [0.7908, 0.9466, 0.0]
2015-05-11 10:05:28.778119 do get, return /do?&x=0.7927&y=0.9466&z=0
2015-05-11 10:05:28.778119 do get, return /do?&x=0.7985&y=0.9505&z=0
2015-05-11 10:05:28.793778 [0.7927, 0.9466, 0.0]
2015-05-11 10:05:28.793778 do get, return /do?&x=0.8004&y=0.9505&z=0
2015-05-11 10:05:28.793778 do get, return /do?&x=0.8023&y=0.9543&z=0
2015-05-11 10:05:28.809369 do get, return /do?&x=0.8061&y=0.9562&z=0
2015-05-11 10:05:28.809369 do get, return /do?&x=0.8099&y=0.9581&z=0
2015-05-11 10:05:28.809369 [0.7985, 0.9505, 0.0]
2015-05-11 10:05:28.856241 [0.8004, 0.9505, 0.0]
2015-05-11 10:05:28.871900 [0.8023, 0.9543, 0.0]
2015-05-11 10:05:28.887525 [0.8061, 0.9562, 0.0]
2015-05-11 10:05:28.903120 [0.8099, 0.9581, 0.0]
2015-05-11 10:05:28.965617 do get, return /figs/square_0_2d_F1s.png
2015-05-11 10:05:28.981250 do get, return /do?&x=0.8118&y=0.9600&z=0
2015-05-11 10:05:28.981250 do get, return /do?&x=0.8176&y=0.9658&z=0
2015-05-11 10:05:28.996871 do get, return /do?&x=0.8233&y=0.9715&z=0
2015-05-11 10:05:28.996871 do get, return /do?&x=0.8195&y=0.9696&z=0
2015-05-11 10:05:29.012530 [0.8118, 0.96, 0.0]
2015-05-11 10:05:29.028149 [0.8176, 0.9658, 0.0]
2015-05-11 10:05:29.043744 [0.8233, 0.9715, 0.0]
2015-05-11 10:05:29.059401 [0.8195, 0.9696, 0.0]
2015-05-11 10:05:29.153150 do get, return /do?&x=0.8252&y=0.9753&z=0
2015-05-11 10:05:29.168774 [0.8252, 0.9753, 0.0]
2015-05-11 10:05:29.184373 do get, return /do?&x=0.8271&y=0.9772&z=0
2015-05-11 10:05:29.199993 [0.8271, 0.9772, 0.0]
2015-05-11 10:05:29.246878 do get, return /do?&x=0.8271&y=0.9791&z=0
2015-05-11 10:05:29.262501 [0.8271, 0.9791, 0.0]
2015-05-11 10:05:29.341128 do get, return /do?&x=0.8310&y=0.9810&z=0
2015-05-11 10:05:29.341128 do get, return /do?&x=0.8310&y=0.9829&z=0
2015-05-11 10:05:29.341128 do get, return /do?&x=0.8348&y=0.9868&z=0
2015-05-11 10:05:29.356245 do get, return /do?&x=0.8329&y=0.9829&z=0
2015-05-11 10:05:29.356245 do get, return /do?&x=0.8329&y=0.9849&z=0
2015-05-11 10:05:29.356245 do get, return /do?&x=0.8348&y=0.9849&z=0
2015-05-11 10:05:29.356245 [0.831, 0.981, 0.0]
2015-05-11 10:05:29.371875 [0.831, 0.9829, 0.0]
2015-05-11 10:05:29.387527 [0.8348, 0.9868, 0.0]
2015-05-11 10:05:29.387527 [0.8329, 0.9829, 0.0]
2015-05-11 10:05:29.403125 [0.8329, 0.9849, 0.0]
2015-05-11 10:05:29.418775 [0.8348, 0.9849, 0.0]
2015-05-11 10:05:29.809401 do get, return /do?&x=0.8367&y=0.9868&z=0
2015-05-11 10:05:29.809401 do get, return /do?&x=0.8367&y=0.9887&z=0
2015-05-11 10:05:29.809401 do get, return /do?&x=0.8367&y=0.9906&z=0
2015-05-11 10:05:29.809401 do get, return /do?&x=0.8386&y=0.9925&z=0
2015-05-11 10:05:29.824997 do get, return /do?&x=0.8405&y=0.9963&z=0
2015-05-11 10:05:29.824997 do get, return /do?&x=0.8424&y=1.0002&z=0
2015-05-11 10:05:29.824997 [0.8367, 0.9868, 0.0]
2015-05-11 10:05:29.840647 [0.8367, 0.9887, 0.0]
2015-05-11 10:05:29.840647 [0.8367, 0.9906, 0.0]
2015-05-11 10:05:29.856244 [0.8386, 0.9925, 0.0]
2015-05-11 10:05:29.871871 [0.8405, 0.9963, 0.0]
2015-05-11 10:05:29.887499 [0.8424, 1.0002, 0.0]
2015-05-11 10:05:30.028156 do get, return /do?&x=0.8424&y=1.0002&z=1
2015-05-11 10:05:30.043750 [0.8424, 1.0002, 1.0]
2015-05-11 10:05:30.059377 do get, return /do?&x=0.7545&y=0.9619&z=1
2015-05-11 10:05:30.059377 do get, return /do?&x=0.6876&y=0.8492&z=1
2015-05-11 10:05:30.059377 do get, return /do?&x=0.7201&y=0.9065&z=1
2015-05-11 10:05:30.075023 [0.7545, 0.9619, 1.0]
2015-05-11 10:05:30.090653 [0.6876, 0.8492, 1.0]
2015-05-11 10:05:30.106248 [0.7201, 0.9065, 1.0]
2015-05-11 10:05:30.106248 do get, return /do?&x=0.6532&y=0.8033&z=1
2015-05-11 10:05:30.106248 do get, return /do?&x=0.6093&y=0.7498&z=1
2015-05-11 10:05:30.168750 [0.6532, 0.8033, 1.0]
2015-05-11 10:05:30.184376 do get, return /do?&x=0.5749&y=0.6829&z=1
2015-05-11 10:05:30.184376 [0.6093, 0.7498, 1.0]
2015-05-11 10:05:30.200006 [0.5749, 0.6829, 1.0]
2015-05-11 10:05:30.200006 do get, return /do?&x=0.5558&y=0.6447&z=1
2015-05-11 10:05:30.215623 do get, return /do?&x=0.5424&y=0.6160&z=1
2015-05-11 10:05:30.231247 do get, return /do?&x=0.5347&y=0.5912&z=1
2015-05-11 10:05:30.246879 [0.5558, 0.6447, 1.0]
2015-05-11 10:05:30.246879 [0.5424, 0.616, 1.0]
2015-05-11 10:05:30.262530 [0.5347, 0.5912, 1.0]
2015-05-11 10:05:30.324995 do get, return /do?&x=0.5156&y=0.5300&z=1
2015-05-11 10:05:30.324995 [0.5156, 0.53, 1.0]
2015-05-11 10:05:30.340653 do get, return /do?&x=0.5156&y=0.5281&z=1
2015-05-11 10:05:30.340653 do get, return /do?&x=0.5118&y=0.5185&z=1
2015-05-11 10:05:30.356246 do get, return /do?&x=0.5003&y=0.5013&z=1
2015-05-11 10:05:30.356246 do get, return /do?&x=0.4812&y=0.4822&z=1
2015-05-11 10:05:30.356246 do get, return /do?&x=0.4602&y=0.4574&z=1
2015-05-11 10:05:30.371876 [0.5156, 0.5281, 1.0]
2015-05-11 10:05:30.371876 [0.5118, 0.5185, 1.0]
2015-05-11 10:05:30.387503 [0.5003, 0.5013, 1.0]
2015-05-11 10:05:30.403151 [0.4812, 0.4822, 1.0]
2015-05-11 10:05:30.418779 [0.4602, 0.4574, 1.0]
2015-05-11 10:05:30.481246 do get, return /do?&x=0.4354&y=0.4058&z=1
2015-05-11 10:05:30.496907 do get, return /do?&x=0.4143&y=0.3618&z=1
2015-05-11 10:05:30.496907 [0.4354, 0.4058, 1.0]
2015-05-11 10:05:30.512496 do get, return /do?&x=0.3971&y=0.3313&z=1
2015-05-11 10:05:30.512496 [0.4143, 0.3618, 1.0]
2015-05-11 10:05:30.528121 do get, return /do?&x=0.3799&y=0.3064&z=1
2015-05-11 10:05:30.528121 do get, return /do?&x=0.3417&y=0.2395&z=1
2015-05-11 10:05:30.528121 do get, return /do?&x=0.3589&y=0.2701&z=1
2015-05-11 10:05:30.559373 [0.3971, 0.3313, 1.0]
2015-05-11 10:05:30.574995 [0.3799, 0.3064, 1.0]
2015-05-11 10:05:30.590624 [0.3417, 0.2395, 1.0]
2015-05-11 10:05:30.606253 [0.3589, 0.2701, 1.0]
2015-05-11 10:05:30.668777 do get, return /do?&x=0.3302&y=0.2242&z=1
2015-05-11 10:05:30.684375 do get, return /do?&x=0.3226&y=0.2089&z=1
2015-05-11 10:05:30.684375 [0.3302, 0.2242, 1.0]
2015-05-11 10:05:30.684375 do get, return /do?&x=0.3169&y=0.2013&z=1
2015-05-11 10:05:30.684375 do get, return /do?&x=0.3092&y=0.1803&z=1
2015-05-11 10:05:30.699996 do get, return /do?&x=0.3111&y=0.1898&z=1
2015-05-11 10:05:30.699996 do get, return /do?&x=0.3054&y=0.1745&z=1
2015-05-11 10:05:30.699996 [0.3226, 0.2089, 1.0]
2015-05-11 10:05:30.715622 [0.3169, 0.2013, 1.0]
2015-05-11 10:05:30.731247 [0.3092, 0.1803, 1.0]
2015-05-11 10:05:30.746879 [0.3111, 0.1898, 1.0]
2015-05-11 10:05:30.762525 [0.3054, 0.1745, 1.0]
2015-05-11 10:05:30.824997 do get, return /do?&x=0.2997&y=0.1554&z=1
2015-05-11 10:05:30.840652 [0.2997, 0.1554, 1.0]
2015-05-11 10:05:30.871871 do get, return /do?&x=0.2997&y=0.1535&z=1
2015-05-11 10:05:30.871871 do get, return /do?&x=0.2997&y=0.1516&z=1
2015-05-11 10:05:30.871871 do get, return /do?&x=0.2997&y=0.1497&z=1
2015-05-11 10:05:30.887498 [0.2997, 0.1535, 1.0]
2015-05-11 10:05:30.887498 do get, return /do?&x=0.2997&y=0.1478&z=1
2015-05-11 10:05:30.887498 [0.2997, 0.1516, 1.0]
2015-05-11 10:05:30.903127 [0.2997, 0.1497, 1.0]
2015-05-11 10:05:30.918766 do get, return /do?&x=0.2997&y=0.1459&z=1
2015-05-11 10:05:30.918766 do get, return /do?&x=0.2997&y=0.1440&z=1
2015-05-11 10:05:30.934373 [0.2997, 0.1478, 1.0]
2015-05-11 10:05:30.965655 [0.2997, 0.1459, 1.0]
2015-05-11 10:05:30.981246 do get, return /do?&x=0.2997&y=0.1420&z=1
2015-05-11 10:05:30.981246 [0.2997, 0.144, 1.0]
2015-05-11 10:05:30.996872 do get, return /do?&x=0.2997&y=0.1401&z=1
2015-05-11 10:05:31.028122 do get, return /do?&x=0.2997&y=0.1363&z=1
2015-05-11 10:05:31.028122 [0.2997, 0.142, 1.0]
2015-05-11 10:05:31.043747 do get, return /do?&x=0.2997&y=0.1344&z=1
2015-05-11 10:05:31.043747 do get, return /do?&x=0.2997&y=0.1306&z=1
2015-05-11 10:05:31.059402 [0.2997, 0.1401, 1.0]
2015-05-11 10:05:31.075030 [0.2997, 0.1363, 1.0]
2015-05-11 10:05:31.090621 do get, return /do?&x=0.2978&y=0.1306&z=1
2015-05-11 10:05:31.090621 [0.2997, 0.1344, 1.0]
2015-05-11 10:05:31.106256 do get, return /do?&x=0.2978&y=0.1287&z=1
2015-05-11 10:05:31.106256 [0.2997, 0.1306, 1.0]
2015-05-11 10:05:31.153124 do get, return /do?&x=0.2958&y=0.1268&z=1
2015-05-11 10:05:31.153124 [0.2978, 0.1306, 1.0]
2015-05-11 10:05:31.168780 do get, return /do?&x=0.2958&y=0.1249&z=1
2015-05-11 10:05:31.184373 [0.2978, 0.1287, 1.0]
2015-05-11 10:05:31.199997 [0.2958, 0.1268, 1.0]
2015-05-11 10:05:31.215622 do get, return /do?&x=0.2958&y=0.1229&z=1
2015-05-11 10:05:31.231278 do get, return /do?&x=0.2939&y=0.1229&z=1
2015-05-11 10:05:31.231278 [0.2958, 0.1249, 1.0]
2015-05-11 10:05:31.262500 [0.2958, 0.1229, 1.0]
2015-05-11 10:05:31.262500 [0.2939, 0.1229, 1.0]
2015-05-11 10:05:32.200033 do get, return /do?&x=0.2939&y=0.1210&z=1
2015-05-11 10:05:32.215656 [0.2939, 0.121, 1.0]
2015-05-11 10:05:33.700077 do get, return /do?&x=0.2997&y=0.1210&z=1
2015-05-11 10:05:33.700077 do get, return /do?&x=0.3665&y=0.1210&z=1
2015-05-11 10:05:33.715628 do get, return /do?&x=0.4545&y=0.1210&z=1
2015-05-11 10:05:33.715628 [0.2997, 0.121, 1.0]
2015-05-11 10:05:33.715628 do get, return /do?&x=0.5806&y=0.1076&z=1
2015-05-11 10:05:33.731265 [0.3665, 0.121, 1.0]
2015-05-11 10:05:33.731265 do get, return /do?&x=0.6857&y=0.0962&z=1
2015-05-11 10:05:33.731265 [0.4545, 0.121, 1.0]
2015-05-11 10:05:33.746882 do get, return /do?&x=0.8080&y=0.0809&z=1
2015-05-11 10:05:33.762506 [0.5806, 0.1076, 1.0]
2015-05-11 10:05:33.778138 do get, return /do?&x=0.9189&y=0.0618&z=1
2015-05-11 10:05:33.809379 [0.6857, 0.0962, 1.0]
2015-05-11 10:05:33.840636 [0.808, 0.0809, 1.0]
2015-05-11 10:05:33.871879 [0.9189, 0.0618, 1.0]
2015-05-11 10:05:51.357008 do get, return /do?&x=0.4201&y=0.0083&z=1
2015-05-11 10:05:51.357008 do get, return /do?&x=0.4220&y=0.0274&z=1
2015-05-11 10:05:51.372603 [0.4201, 0.0083, 1.0]
2015-05-11 10:05:51.388698 [0.422, 0.0274, 1.0]
2015-05-11 10:05:51.403859 do get, return /do?&x=0.4239&y=0.0427&z=1
2015-05-11 10:05:51.403859 do get, return /do?&x=0.4277&y=0.0694&z=1
2015-05-11 10:05:51.419481 do get, return /do?&x=0.4296&y=0.0866&z=1
2015-05-11 10:05:51.419481 do get, return /do?&x=0.4315&y=0.1096&z=1
2015-05-11 10:05:51.435102 [0.4239, 0.0427, 1.0]
2015-05-11 10:05:51.450728 do get, return /do?&x=0.4354&y=0.1325&z=1
2015-05-11 10:05:51.450728 [0.4277, 0.0694, 1.0]
2015-05-11 10:05:51.466351 [0.4296, 0.0866, 1.0]
2015-05-11 10:05:51.482010 [0.4315, 0.1096, 1.0]
2015-05-11 10:05:51.482010 do get, return /do?&x=0.4373&y=0.1516&z=1
2015-05-11 10:05:51.497633 [0.4354, 0.1325, 1.0]
2015-05-11 10:05:51.528893 do get, return /do?&x=0.4411&y=0.1688&z=1
2015-05-11 10:05:51.544481 do get, return /do?&x=0.4468&y=0.2013&z=1
2015-05-11 10:05:51.591384 [0.4373, 0.1516, 1.0]
2015-05-11 10:05:51.606978 do get, return /do?&x=0.4525&y=0.2338&z=1
2015-05-11 10:05:51.606978 do get, return /do?&x=0.4487&y=0.2166&z=1
2015-05-11 10:05:51.638255 [0.4411, 0.1688, 1.0]
2015-05-11 10:05:51.653884 do get, return /do?&x=0.4545&y=0.2472&z=1
2015-05-11 10:05:51.669478 [0.4468, 0.2013, 1.0]
2015-05-11 10:05:51.700754 [0.4525, 0.2338, 1.0]
2015-05-11 10:05:51.716353 do get, return /do?&x=0.4564&y=0.2567&z=1
2015-05-11 10:05:51.716353 [0.4487, 0.2166, 1.0]
2015-05-11 10:05:51.732009 [0.4545, 0.2472, 1.0]
2015-05-11 10:05:51.763237 do get, return /do?&x=0.4583&y=0.2644&z=1
2015-05-11 10:05:51.778855 do get, return /do?&x=0.4602&y=0.2701&z=1
2015-05-11 10:05:51.778855 [0.4564, 0.2567, 1.0]
2015-05-11 10:05:51.810108 do get, return /do?&x=0.4621&y=0.2854&z=1
2015-05-11 10:05:51.841353 [0.4583, 0.2644, 1.0]
2015-05-11 10:05:51.841353 do get, return /do?&x=0.4621&y=0.2873&z=1
2015-05-11 10:05:51.841353 do get, return /do?&x=0.4621&y=0.2892&z=1
2015-05-11 10:05:51.856982 [0.4602, 0.2701, 1.0]
2015-05-11 10:05:51.888229 [0.4621, 0.2854, 1.0]
2015-05-11 10:05:51.919484 [0.4621, 0.2873, 1.0]
2015-05-11 10:05:51.919484 do get, return /do?&x=0.4621&y=0.2930&z=1
2015-05-11 10:05:51.919484 do get, return /do?&x=0.4621&y=0.2949&z=1
2015-05-11 10:05:51.935112 [0.4621, 0.2892, 1.0]
2015-05-11 10:05:51.966356 do get, return /do?&x=0.4602&y=0.2949&z=1
2015-05-11 10:05:51.997603 do get, return /do?&x=0.4564&y=0.2949&z=1
2015-05-11 10:05:51.997603 [0.4621, 0.293, 1.0]
2015-05-11 10:05:51.997603 do get, return /do?&x=0.4583&y=0.2949&z=1
2015-05-11 10:05:52.013229 [0.4621, 0.2949, 1.0]
2015-05-11 10:05:52.060103 [0.4602, 0.2949, 1.0]
2015-05-11 10:05:52.060103 do get, return /do?&x=0.4545&y=0.2949&z=1
2015-05-11 10:05:52.075729 [0.4564, 0.2949, 1.0]
2015-05-11 10:05:52.107014 [0.4583, 0.2949, 1.0]
2015-05-11 10:05:52.122603 do get, return /do?&x=0.4525&y=0.2949&z=1
2015-05-11 10:05:52.138235 do get, return /do?&x=0.4506&y=0.2949&z=1
2015-05-11 10:05:52.153856 [0.4545, 0.2949, 1.0]
2015-05-11 10:05:52.200735 do get, return /do?&x=0.4506&y=0.2969&z=1
2015-05-11 10:05:52.216357 [0.4525, 0.2949, 1.0]
2015-05-11 10:05:52.247605 do get, return /do?&x=0.4487&y=0.2969&z=1
2015-05-11 10:05:52.247605 do get, return /do?&x=0.4449&y=0.2969&z=1
2015-05-11 10:05:52.263233 [0.4506, 0.2949, 1.0]
2015-05-11 10:05:52.325729 do get, return /do?&x=0.4354&y=0.2969&z=1
2015-05-11 10:05:52.341357 [0.4506, 0.2969, 1.0]
2015-05-11 10:05:52.419512 do get, return /do?&x=0.4277&y=0.2969&z=1
2015-05-11 10:05:52.435105 [0.4487, 0.2969, 1.0]
2015-05-11 10:05:52.466355 [0.4449, 0.2969, 1.0]
2015-05-11 10:05:52.528862 [0.4354, 0.2969, 1.0]
2015-05-11 10:05:52.528862 do get, return /do?&x=0.4258&y=0.2969&z=1
2015-05-11 10:05:52.560135 [0.4277, 0.2969, 1.0]
2015-05-11 10:05:52.575764 do get, return /do?&x=0.4239&y=0.2949&z=1
2015-05-11 10:05:52.606983 [0.4258, 0.2969, 1.0]
2015-05-11 10:05:52.622612 do get, return /do?&x=0.4220&y=0.2930&z=1
2015-05-11 10:05:52.622612 do get, return /do?&x=0.4201&y=0.2930&z=1
2015-05-11 10:05:52.622612 do get, return /do?&x=0.4182&y=0.2930&z=1
2015-05-11 10:05:52.638231 do get, return /do?&x=0.4182&y=0.2911&z=1
2015-05-11 10:05:52.638231 [0.4239, 0.2949, 1.0]
2015-05-11 10:05:52.669511 [0.422, 0.293, 1.0]
2015-05-11 10:05:52.685136 [0.4201, 0.293, 1.0]
2015-05-11 10:05:52.685136 do get, return /do?&x=0.4162&y=0.2911&z=1
2015-05-11 10:05:52.700735 [0.4182, 0.293, 1.0]
2015-05-11 10:05:52.716388 [0.4182, 0.2911, 1.0]
2015-05-11 10:05:52.778856 do get, return /do?&x=0.4143&y=0.2911&z=1
2015-05-11 10:05:52.778856 [0.4162, 0.2911, 1.0]
2015-05-11 10:05:52.794513 do get, return /do?&x=0.4124&y=0.2911&z=1
2015-05-11 10:05:52.810105 do get, return /do?&x=0.4086&y=0.2892&z=1
2015-05-11 10:05:52.825763 [0.4143, 0.2911, 1.0]
2015-05-11 10:05:52.841355 do get, return /do?&x=0.4067&y=0.2892&z=1
2015-05-11 10:05:52.841355 do get, return /do?&x=0.4048&y=0.2892&z=1
2015-05-11 10:05:52.856980 do get, return /do?&x=0.4009&y=0.2892&z=1
2015-05-11 10:05:52.856980 [0.4124, 0.2911, 1.0]
2015-05-11 10:05:52.872606 [0.4086, 0.2892, 1.0]
2015-05-11 10:05:52.903856 [0.4067, 0.2892, 1.0]
2015-05-11 10:05:52.919482 do get, return /do?&x=0.3971&y=0.2873&z=1
2015-05-11 10:05:52.919482 [0.4048, 0.2892, 1.0]
2015-05-11 10:05:52.935108 [0.4009, 0.2892, 1.0]
2015-05-11 10:05:52.997608 do get, return /do?&x=0.3952&y=0.2873&z=1
2015-05-11 10:05:52.997608 do get, return /do?&x=0.3933&y=0.2873&z=1
2015-05-11 10:05:53.013263 [0.3971, 0.2873, 1.0]
2015-05-11 10:05:53.013263 do get, return /do?&x=0.3914&y=0.2873&z=1
2015-05-11 10:05:53.044515 do get, return /do?&x=0.3895&y=0.2873&z=1
2015-05-11 10:05:53.060140 [0.3952, 0.2873, 1.0]
2015-05-11 10:05:53.060140 do get, return /do?&x=0.3876&y=0.2873&z=1
2015-05-11 10:05:53.075765 [0.3933, 0.2873, 1.0]
2015-05-11 10:05:53.106993 [0.3914, 0.2873, 1.0]
2015-05-11 10:05:53.122614 do get, return /do?&x=0.3857&y=0.2873&z=1
2015-05-11 10:05:53.122614 [0.3895, 0.2873, 1.0]
2015-05-11 10:05:53.153890 [0.3876, 0.2873, 1.0]
2015-05-11 10:05:53.153890 do get, return /do?&x=0.3838&y=0.2873&z=1
2015-05-11 10:05:53.185138 do get, return /do?&x=0.3818&y=0.2873&z=1
2015-05-11 10:05:53.200733 do get, return /do?&x=0.3799&y=0.2873&z=1
2015-05-11 10:05:53.200733 [0.3857, 0.2873, 1.0]
2015-05-11 10:05:53.232015 do get, return /do?&x=0.3780&y=0.2873&z=1
2015-05-11 10:05:53.247638 [0.3838, 0.2873, 1.0]
2015-05-11 10:05:53.247638 do get, return /do?&x=0.3780&y=0.2892&z=1
2015-05-11 10:05:53.263233 [0.3818, 0.2873, 1.0]
2015-05-11 10:05:53.278889 [0.3799, 0.2873, 1.0]
2015-05-11 10:05:53.294491 [0.378, 0.2873, 1.0]
2015-05-11 10:05:53.310140 do get, return /do?&x=0.3761&y=0.2892&z=1
2015-05-11 10:05:53.325765 [0.378, 0.2892, 1.0]
2015-05-11 10:05:53.325765 do get, return /do?&x=0.3761&y=0.2911&z=1
2015-05-11 10:05:53.357014 do get, return /do?&x=0.3761&y=0.2930&z=1
2015-05-11 10:05:53.372640 [0.3761, 0.2892, 1.0]
2015-05-11 10:05:53.372640 do get, return /do?&x=0.3742&y=0.2949&z=1
2015-05-11 10:05:53.388266 do get, return /do?&x=0.3761&y=0.2949&z=1
2015-05-11 10:05:53.403891 [0.3761, 0.2911, 1.0]
2015-05-11 10:05:53.403891 do get, return /do?&x=0.3780&y=0.2949&z=1
2015-05-11 10:05:53.419492 [0.3761, 0.293, 1.0]
2015-05-11 10:05:53.450735 do get, return /do?&x=0.3799&y=0.2949&z=1
2015-05-11 10:05:53.450735 [0.3742, 0.2949, 1.0]
2015-05-11 10:05:53.466380 [0.3761, 0.2949, 1.0]
2015-05-11 10:05:53.481985 [0.378, 0.2949, 1.0]
2015-05-11 10:05:53.497613 do get, return /do?&x=0.3818&y=0.2949&z=1
2015-05-11 10:05:53.513259 [0.3799, 0.2949, 1.0]
2015-05-11 10:05:53.544484 [0.3818, 0.2949, 1.0]
2015-05-11 10:05:54.388269 do get, return /do?&x=0.3818&y=0.2930&z=1
2015-05-11 10:05:54.403893 [0.3818, 0.293, 1.0]
2015-05-11 10:06:00.810302 do get, return /do?&x=0.3838&y=0.2949&z=1
2015-05-11 10:06:00.825898 [0.3838, 0.2949, 1.0]
2015-05-11 10:06:00.857146 do get, return /do?&x=0.3838&y=0.2930&z=1
2015-05-11 10:06:00.872772 [0.3838, 0.293, 1.0]
2015-05-11 10:06:01.138398 do get, return /do?&x=0.3838&y=0.2911&z=1
2015-05-11 10:06:01.154043 [0.3838, 0.2911, 1.0]
2015-05-11 10:06:01.373098 do get, return /do?&x=0.3838&y=0.2892&z=1
2015-05-11 10:06:01.404316 do get, return /do?&x=0.3818&y=0.2892&z=1
2015-05-11 10:06:01.404316 [0.3838, 0.2892, 1.0]
2015-05-11 10:06:01.419947 [0.3818, 0.2892, 1.0]
2015-05-11 10:06:01.435573 do get, return /do?&x=0.3799&y=0.2892&z=1
2015-05-11 10:06:01.466815 [0.3799, 0.2892, 1.0]
2015-05-11 10:06:01.935638 do get, return /do?&x=0.3857&y=0.2949&z=1
2015-05-11 10:06:01.951204 [0.3857, 0.2949, 1.0]
2015-05-11 10:06:02.279379 do get, return /do?&x=0.3857&y=0.2930&z=1
2015-05-11 10:06:02.294940 [0.3857, 0.293, 1.0]
2015-05-11 10:06:02.341814 do get, return /do?&x=0.3857&y=0.2911&z=1
2015-05-11 10:06:02.341814 do get, return /do?&x=0.3857&y=0.2892&z=1
2015-05-11 10:06:02.357454 [0.3857, 0.2911, 1.0]
2015-05-11 10:06:02.373098 [0.3857, 0.2892, 1.0]
2015-05-11 10:06:09.216967 do get, return /do?&x=0.3876&y=0.2930&z=1
2015-05-11 10:06:09.248218 [0.3876, 0.293, 1.0]
2015-05-11 10:06:09.248218 do get, return /do?&x=0.4086&y=0.2586&z=1
2015-05-11 10:06:09.279473 [0.4086, 0.2586, 1.0]
2015-05-11 10:06:09.279473 do get, return /do?&x=0.4851&y=0.1784&z=1
2015-05-11 10:06:09.295092 do get, return /do?&x=0.6322&y=0.0293&z=1
2015-05-11 10:06:09.310749 [0.4851, 0.1784, 1.0]
2015-05-11 10:06:09.341998 [0.6322, 0.0293, 1.0]
2015-05-11 10:06:14.467015 do get, return /do?&x=0.9475&y=0.1134&z=1
2015-05-11 10:06:14.482607 do get, return /do?&x=0.8730&y=0.1497&z=1
2015-05-11 10:06:14.482607 [0.9475, 0.1134, 1.0]
2015-05-11 10:06:14.498230 do get, return /do?&x=0.8080&y=0.1841&z=1
2015-05-11 10:06:14.498230 [0.873, 0.1497, 1.0]
2015-05-11 10:06:14.513855 do get, return /do?&x=0.7564&y=0.2166&z=1
2015-05-11 10:06:14.513855 do get, return /do?&x=0.6876&y=0.2433&z=1
2015-05-11 10:06:14.529506 [0.808, 0.1841, 1.0]
2015-05-11 10:06:14.529506 do get, return /do?&x=0.6341&y=0.2625&z=1
2015-05-11 10:06:14.545108 do get, return /do?&x=0.6016&y=0.2720&z=1
2015-05-11 10:06:14.545108 [0.7564, 0.2166, 1.0]
2015-05-11 10:06:14.560731 do get, return /do?&x=0.5711&y=0.2796&z=1
2015-05-11 10:06:14.560731 [0.6876, 0.2433, 1.0]
2015-05-11 10:06:14.576380 [0.6341, 0.2625, 1.0]
2015-05-11 10:06:14.591979 [0.6016, 0.272, 1.0]
2015-05-11 10:06:14.607609 do get, return /do?&x=0.5366&y=0.2873&z=1
2015-05-11 10:06:14.607609 [0.5711, 0.2796, 1.0]
2015-05-11 10:06:14.623257 do get, return /do?&x=0.5137&y=0.2911&z=1
2015-05-11 10:06:14.638855 do get, return /do?&x=0.4984&y=0.2930&z=1
2015-05-11 10:06:14.654479 do get, return /do?&x=0.4851&y=0.2949&z=1
2015-05-11 10:06:14.654479 [0.5366, 0.2873, 1.0]
2015-05-11 10:06:14.670132 do get, return /do?&x=0.4774&y=0.2949&z=1
2015-05-11 10:06:14.685757 [0.5137, 0.2911, 1.0]
2015-05-11 10:06:14.685757 do get, return /do?&x=0.4678&y=0.2969&z=1
2015-05-11 10:06:14.685757 [0.4984, 0.293, 1.0]
2015-05-11 10:06:14.701377 [0.4851, 0.2949, 1.0]
2015-05-11 10:06:14.732603 do get, return /do?&x=0.4602&y=0.2969&z=1
2015-05-11 10:06:14.763856 [0.4774, 0.2949, 1.0]
2015-05-11 10:06:14.841980 do get, return /do?&x=0.4392&y=0.2969&z=1
2015-05-11 10:06:14.873233 [0.4678, 0.2969, 1.0]
2015-05-11 10:06:14.920103 do get, return /do?&x=0.4296&y=0.2969&z=1
2015-05-11 10:06:14.935733 [0.4602, 0.2969, 1.0]
2015-05-11 10:06:14.935733 do get, return /do?&x=0.4201&y=0.2988&z=1
2015-05-11 10:06:14.951357 [0.4392, 0.2969, 1.0]
2015-05-11 10:06:14.951357 do get, return /do?&x=0.4143&y=0.2988&z=1
2015-05-11 10:06:14.982606 do get, return /do?&x=0.4086&y=0.2988&z=1
2015-05-11 10:06:14.982606 [0.4296, 0.2969, 1.0]
2015-05-11 10:06:14.998228 [0.4201, 0.2988, 1.0]
2015-05-11 10:06:15.013853 do get, return /do?&x=0.4029&y=0.2988&z=1
2015-05-11 10:06:15.029481 [0.4143, 0.2988, 1.0]
2015-05-11 10:06:15.029481 do get, return /do?&x=0.3952&y=0.3007&z=1
2015-05-11 10:06:15.029481 [0.4086, 0.2988, 1.0]
2015-05-11 10:06:15.060756 do get, return /do?&x=0.3876&y=0.3026&z=1
2015-05-11 10:06:15.060756 [0.4029, 0.2988, 1.0]
2015-05-11 10:06:15.076378 do get, return /do?&x=0.3761&y=0.3083&z=1
2015-05-11 10:06:15.091983 [0.3952, 0.3007, 1.0]
2015-05-11 10:06:15.091983 do get, return /do?&x=0.3627&y=0.3140&z=1
2015-05-11 10:06:15.107605 do get, return /do?&x=0.3513&y=0.3198&z=1
2015-05-11 10:06:15.107605 [0.3876, 0.3026, 1.0]
2015-05-11 10:06:15.123232 do get, return /do?&x=0.3436&y=0.3255&z=1
2015-05-11 10:06:15.123232 [0.3761, 0.3083, 1.0]
2015-05-11 10:06:15.138880 [0.3627, 0.314, 1.0]
2015-05-11 10:06:15.154505 [0.3513, 0.3198, 1.0]
2015-05-11 10:06:15.154505 do get, return /do?&x=0.3417&y=0.3274&z=1
2015-05-11 10:06:15.170104 [0.3436, 0.3255, 1.0]
2015-05-11 10:06:15.185734 do get, return /do?&x=0.3379&y=0.3313&z=1
2015-05-11 10:06:15.201359 do get, return /do?&x=0.3360&y=0.3351&z=1
2015-05-11 10:06:15.201359 do get, return /do?&x=0.3341&y=0.3351&z=1
2015-05-11 10:06:15.217004 do get, return /do?&x=0.3322&y=0.3351&z=1
2015-05-11 10:06:15.217004 [0.3417, 0.3274, 1.0]
2015-05-11 10:06:15.232607 [0.3379, 0.3313, 1.0]
2015-05-11 10:06:15.248228 do get, return /do?&x=0.3322&y=0.3332&z=1
2015-05-11 10:06:15.248228 [0.336, 0.3351, 1.0]
2015-05-11 10:06:15.263879 [0.3341, 0.3351, 1.0]
2015-05-11 10:06:15.263879 [0.3322, 0.3351, 1.0]
2015-05-11 10:06:15.295107 do get, return /do?&x=0.3322&y=0.3313&z=1
2015-05-11 10:06:15.295107 [0.3322, 0.3332, 1.0]
2015-05-11 10:06:15.295107 do get, return /do?&x=0.3322&y=0.3293&z=1
2015-05-11 10:06:15.326354 do get, return /do?&x=0.3341&y=0.3255&z=1
2015-05-11 10:06:15.326354 [0.3322, 0.3313, 1.0]
2015-05-11 10:06:15.341980 [0.3322, 0.3293, 1.0]
2015-05-11 10:06:15.341980 do get, return /do?&x=0.3322&y=0.3255&z=1
2015-05-11 10:06:15.341980 do get, return /do?&x=0.3322&y=0.3236&z=1
2015-05-11 10:06:15.341980 [0.3341, 0.3255, 1.0]
2015-05-11 10:06:15.357608 do get, return /do?&x=0.3302&y=0.3217&z=1
2015-05-11 10:06:15.373256 [0.3322, 0.3255, 1.0]
2015-05-11 10:06:15.373256 [0.3322, 0.3236, 1.0]
2015-05-11 10:06:15.388881 [0.3302, 0.3217, 1.0]
2015-05-11 10:06:15.388881 do get, return /do?&x=0.3302&y=0.3198&z=1
2015-05-11 10:06:15.420104 do get, return /do?&x=0.3283&y=0.3198&z=1
2015-05-11 10:06:15.420104 do get, return /do?&x=0.3264&y=0.3179&z=1
2015-05-11 10:06:15.435752 [0.3302, 0.3198, 1.0]
2015-05-11 10:06:15.435752 [0.3283, 0.3198, 1.0]
2015-05-11 10:06:15.451378 [0.3264, 0.3179, 1.0]
2015-05-11 10:06:15.498232 do get, return /do?&x=0.3245&y=0.3160&z=1
2015-05-11 10:06:15.498232 do get, return /do?&x=0.3245&y=0.3140&z=1
2015-05-11 10:06:15.498232 do get, return /do?&x=0.3207&y=0.3121&z=1
2015-05-11 10:06:15.498232 [0.3245, 0.316, 1.0]
2015-05-11 10:06:15.513858 [0.3245, 0.314, 1.0]
2015-05-11 10:06:15.513858 do get, return /do?&x=0.3169&y=0.3083&z=1
2015-05-11 10:06:15.513858 do get, return /do?&x=0.3149&y=0.3083&z=1
2015-05-11 10:06:15.513858 do get, return /do?&x=0.3035&y=0.2949&z=1
2015-05-11 10:06:15.529480 [0.3207, 0.3121, 1.0]
2015-05-11 10:06:15.560730 do get, return /do?&x=0.3016&y=0.2949&z=1
2015-05-11 10:06:15.560730 [0.3169, 0.3083, 1.0]
2015-05-11 10:06:15.560730 do get, return /do?&x=0.2997&y=0.2949&z=1
2015-05-11 10:06:15.576381 [0.3149, 0.3083, 1.0]
2015-05-11 10:06:15.591979 [0.3035, 0.2949, 1.0]
2015-05-11 10:06:15.591979 do get, return /do?&x=0.2997&y=0.2930&z=1
2015-05-11 10:06:15.607606 [0.3016, 0.2949, 1.0]
2015-05-11 10:06:15.638861 [0.2997, 0.2949, 1.0]
2015-05-11 10:06:15.638861 do get, return /do?&x=0.2978&y=0.2930&z=1
2015-05-11 10:06:15.654480 do get, return /do?&x=0.2978&y=0.2911&z=1
2015-05-11 10:06:15.654480 do get, return /do?&x=0.2978&y=0.2892&z=1
2015-05-11 10:06:15.670110 [0.2997, 0.293, 1.0]
2015-05-11 10:06:15.701356 do get, return /do?&x=0.2958&y=0.2892&z=1
2015-05-11 10:06:15.716981 [0.2978, 0.293, 1.0]
2015-05-11 10:06:15.732607 [0.2978, 0.2911, 1.0]
2015-05-11 10:06:15.748255 [0.2978, 0.2892, 1.0]
2015-05-11 10:06:15.763880 [0.2958, 0.2892, 1.0]
2015-05-11 10:06:15.795105 do get, return /do?&x=0.2958&y=0.2873&z=1
2015-05-11 10:06:15.810805 do get, return /do?&x=0.2939&y=0.2873&z=1
2015-05-11 10:06:15.857609 [0.2958, 0.2873, 1.0]
2015-05-11 10:06:15.857609 [0.2939, 0.2873, 1.0]
2015-05-11 10:06:16.592019 do get, return /do?&x=0.2939&y=0.2892&z=1
2015-05-11 10:06:16.623243 [0.2939, 0.2892, 1.0]
2015-05-11 10:06:16.857628 do get, return /do?&x=0.2920&y=0.2892&z=1
2015-05-11 10:06:16.873269 [0.292, 0.2892, 1.0]
2015-05-11 10:06:17.045120 do get, return /do?&x=0.2901&y=0.2892&z=1
2015-05-11 10:06:17.060743 [0.2901, 0.2892, 1.0]
2015-05-11 10:06:17.107646 do get, return /do?&x=0.2901&y=0.2911&z=1
2015-05-11 10:06:17.123241 [0.2901, 0.2911, 1.0]
2015-05-11 10:06:17.263932 do get, return /do?&x=0.2882&y=0.2911&z=1
2015-05-11 10:06:17.279521 [0.2882, 0.2911, 1.0]
2015-05-11 10:06:17.810811 do get, return /do?&x=0.2920&y=0.2911&z=1
2015-05-11 10:06:17.826371 [0.292, 0.2911, 1.0]
2015-05-11 10:06:18.029563 do get, return /do?&x=0.2939&y=0.2911&z=1
2015-05-11 10:06:18.045150 [0.2939, 0.2911, 1.0]
2015-05-11 10:06:18.498272 do get, return /do?&x=0.3169&y=0.2835&z=1
2015-05-11 10:06:18.498272 do get, return /do?&x=0.3608&y=0.2739&z=1
2015-05-11 10:06:18.513866 [0.3169, 0.2835, 1.0]
2015-05-11 10:06:18.529494 do get, return /do?&x=0.5538&y=0.2013&z=1
2015-05-11 10:06:18.545118 do get, return /do?&x=0.6551&y=0.1554&z=1
2015-05-11 10:06:18.545118 do get, return /do?&x=0.7698&y=0.1153&z=1
2015-05-11 10:06:18.560772 do get, return /do?&x=0.8596&y=0.0828&z=1
2015-05-11 10:06:18.576394 [0.3608, 0.2739, 1.0]
2015-05-11 10:06:18.638868 do get, return /do?&x=0.9495&y=0.0446&z=1
2015-05-11 10:06:18.670146 [0.5538, 0.2013, 1.0]
2015-05-11 10:06:18.716997 [0.6551, 0.1554, 1.0]
2015-05-11 10:06:18.763871 [0.7698, 0.1153, 1.0]
2015-05-11 10:06:18.795139 [0.8596, 0.0828, 1.0]
2015-05-11 10:06:18.857638 [0.9495, 0.0446, 1.0]
2015-05-11 10:06:29.482676 do get, return /do?&x=0.9284&y=0.0924&z=1
2015-05-11 10:06:29.498274 do get, return /do?&x=0.8462&y=0.1363&z=1
2015-05-11 10:06:29.498274 [0.9284, 0.0924, 1.0]
2015-05-11 10:06:29.498274 do get, return /do?&x=0.7775&y=0.1669&z=1
2015-05-11 10:06:29.513922 do get, return /do?&x=0.6991&y=0.1917&z=1
2015-05-11 10:06:29.513922 [0.8462, 0.1363, 1.0]
2015-05-11 10:06:29.529521 do get, return /do?&x=0.6494&y=0.2109&z=1
2015-05-11 10:06:29.545146 do get, return /do?&x=0.6207&y=0.2242&z=1
2015-05-11 10:06:29.545146 [0.7775, 0.1669, 1.0]
2015-05-11 10:06:29.560767 do get, return /do?&x=0.5997&y=0.2376&z=1
2015-05-11 10:06:29.560767 [0.6991, 0.1917, 1.0]
2015-05-11 10:06:29.592038 [0.6494, 0.2109, 1.0]
2015-05-11 10:06:29.592038 do get, return /do?&x=0.5787&y=0.2510&z=1
2015-05-11 10:06:29.592038 [0.6207, 0.2242, 1.0]
2015-05-11 10:06:29.607666 [0.5997, 0.2376, 1.0]
2015-05-11 10:06:29.623264 do get, return /do?&x=0.5596&y=0.2605&z=1
2015-05-11 10:06:29.638891 do get, return /do?&x=0.5462&y=0.2701&z=1
2015-05-11 10:06:29.638891 [0.5787, 0.251, 1.0]
2015-05-11 10:06:29.654516 do get, return /do?&x=0.5366&y=0.2758&z=1
2015-05-11 10:06:29.670165 [0.5596, 0.2605, 1.0]
2015-05-11 10:06:29.670165 [0.5462, 0.2701, 1.0]
2015-05-11 10:06:29.685790 do get, return /do?&x=0.5290&y=0.2816&z=1
2015-05-11 10:06:29.685790 [0.5366, 0.2758, 1.0]
2015-05-11 10:06:29.685790 do get, return /do?&x=0.5271&y=0.2835&z=1
2015-05-11 10:06:29.685790 do get, return /do?&x=0.5252&y=0.2873&z=1
2015-05-11 10:06:29.717015 [0.529, 0.2816, 1.0]
2015-05-11 10:06:29.717015 do get, return /do?&x=0.5214&y=0.2873&z=1
2015-05-11 10:06:29.732641 [0.5271, 0.2835, 1.0]
2015-05-11 10:06:29.748266 [0.5252, 0.2873, 1.0]
2015-05-11 10:06:29.748266 do get, return /do?&x=0.5195&y=0.2873&z=1
2015-05-11 10:06:29.748266 do get, return /do?&x=0.5175&y=0.2873&z=1
2015-05-11 10:06:29.763890 do get, return /do?&x=0.5137&y=0.2892&z=1
2015-05-11 10:06:29.763890 [0.5214, 0.2873, 1.0]
2015-05-11 10:06:29.795141 do get, return /do?&x=0.5080&y=0.2911&z=1
2015-05-11 10:06:29.795141 [0.5195, 0.2873, 1.0]
2015-05-11 10:06:29.810793 [0.5175, 0.2873, 1.0]
2015-05-11 10:06:29.810793 do get, return /do?&x=0.4946&y=0.2930&z=1
2015-05-11 10:06:29.810793 [0.5137, 0.2892, 1.0]
2015-05-11 10:06:29.826392 [0.508, 0.2911, 1.0]
2015-05-11 10:06:29.857677 do get, return /do?&x=0.4793&y=0.2949&z=1
2015-05-11 10:06:29.873271 [0.4946, 0.293, 1.0]
2015-05-11 10:06:29.873271 do get, return /do?&x=0.4659&y=0.2969&z=1
2015-05-11 10:06:29.873271 do get, return /do?&x=0.4564&y=0.2988&z=1
2015-05-11 10:06:29.888893 do get, return /do?&x=0.4468&y=0.3007&z=1
2015-05-11 10:06:29.904517 [0.4793, 0.2949, 1.0]
2015-05-11 10:06:29.920142 do get, return /do?&x=0.4392&y=0.3026&z=1
2015-05-11 10:06:29.920142 [0.4659, 0.2969, 1.0]
2015-05-11 10:06:29.935767 do get, return /do?&x=0.4335&y=0.3026&z=1
2015-05-11 10:06:29.967017 [0.4564, 0.2988, 1.0]
2015-05-11 10:06:29.967017 [0.4468, 0.3007, 1.0]
2015-05-11 10:06:29.998267 [0.4392, 0.3026, 1.0]
2015-05-11 10:06:29.998267 do get, return /do?&x=0.4277&y=0.3026&z=1
2015-05-11 10:06:30.029517 [0.4335, 0.3026, 1.0]
2015-05-11 10:06:30.045142 do get, return /do?&x=0.4239&y=0.3026&z=1
2015-05-11 10:06:30.045142 do get, return /do?&x=0.4182&y=0.3026&z=1
2015-05-11 10:06:30.076391 do get, return /do?&x=0.4143&y=0.3026&z=1
2015-05-11 10:06:30.076391 do get, return /do?&x=0.4105&y=0.3026&z=1
2015-05-11 10:06:30.076391 [0.4277, 0.3026, 1.0]
2015-05-11 10:06:30.092016 [0.4239, 0.3026, 1.0]
2015-05-11 10:06:30.092016 do get, return /do?&x=0.4105&y=0.3026&z=1
2015-05-11 10:06:30.092016 [0.4182, 0.3026, 1.0]
2015-05-11 10:06:30.107664 [0.4143, 0.3026, 1.0]
2015-05-11 10:06:30.107664 [0.4105, 0.3026, 1.0]
2015-05-11 10:06:30.123265 do get, return /do?&x=0.4067&y=0.3026&z=1
2015-05-11 10:06:30.138893 [0.4105, 0.3026, 1.0]
2015-05-11 10:06:30.138893 do get, return /do?&x=0.4029&y=0.3026&z=1
2015-05-11 10:06:30.154515 do get, return /do?&x=0.4009&y=0.3026&z=1
2015-05-11 10:06:30.170143 do get, return /do?&x=0.3971&y=0.3026&z=1
2015-05-11 10:06:30.170143 [0.4067, 0.3026, 1.0]
2015-05-11 10:06:30.185768 do get, return /do?&x=0.3933&y=0.3026&z=1
2015-05-11 10:06:30.185768 [0.4029, 0.3026, 1.0]
2015-05-11 10:06:30.185768 do get, return /do?&x=0.3914&y=0.3026&z=1
2015-05-11 10:06:30.185768 [0.4009, 0.3026, 1.0]
2015-05-11 10:06:30.201414 [0.3971, 0.3026, 1.0]
2015-05-11 10:06:30.201414 [0.3933, 0.3026, 1.0]
2015-05-11 10:06:30.217016 do get, return /do?&x=0.3857&y=0.3026&z=1
2015-05-11 10:06:30.217016 [0.3914, 0.3026, 1.0]
2015-05-11 10:06:30.217016 do get, return /do?&x=0.3818&y=0.3026&z=1
2015-05-11 10:06:30.232638 do get, return /do?&x=0.3799&y=0.3045&z=1
2015-05-11 10:06:30.248265 [0.3857, 0.3026, 1.0]
2015-05-11 10:06:30.248265 do get, return /do?&x=0.3780&y=0.3064&z=1
2015-05-11 10:06:30.248265 do get, return /do?&x=0.3780&y=0.3083&z=1
2015-05-11 10:06:30.248265 [0.3818, 0.3026, 1.0]
2015-05-11 10:06:30.263889 [0.3799, 0.3045, 1.0]
2015-05-11 10:06:30.263889 [0.378, 0.3064, 1.0]
2015-05-11 10:06:30.279513 [0.378, 0.3083, 1.0]
2015-05-11 10:06:30.295164 do get, return /do?&x=0.3742&y=0.3083&z=1
2015-05-11 10:06:30.310764 [0.3742, 0.3083, 1.0]
2015-05-11 10:06:30.310764 do get, return /do?&x=0.3723&y=0.3083&z=1
2015-05-11 10:06:30.310764 [0.3723, 0.3083, 1.0]
2015-05-11 10:06:30.326389 do get, return /do?&x=0.3704&y=0.3102&z=1
2015-05-11 10:06:30.326389 [0.3704, 0.3102, 1.0]
2015-05-11 10:06:30.342014 do get, return /do?&x=0.3685&y=0.3102&z=1
2015-05-11 10:06:30.342014 [0.3685, 0.3102, 1.0]
2015-05-11 10:06:30.342014 do get, return /do?&x=0.3665&y=0.3121&z=1
2015-05-11 10:06:30.357640 [0.3665, 0.3121, 1.0]
2015-05-11 10:06:30.357640 do get, return /do?&x=0.3646&y=0.3121&z=1
2015-05-11 10:06:30.388889 do get, return /do?&x=0.3627&y=0.3121&z=1
2015-05-11 10:06:30.388889 do get, return /do?&x=0.3608&y=0.3121&z=1
2015-05-11 10:06:30.404515 [0.3646, 0.3121, 1.0]
2015-05-11 10:06:30.404515 do get, return /do?&x=0.3589&y=0.3121&z=1
2015-05-11 10:06:30.420139 do get, return /do?&x=0.3551&y=0.3121&z=1
2015-05-11 10:06:30.435767 [0.3627, 0.3121, 1.0]
2015-05-11 10:06:30.435767 do get, return /do?&x=0.3494&y=0.3121&z=1
2015-05-11 10:06:30.451391 [0.3608, 0.3121, 1.0]
2015-05-11 10:06:30.482641 do get, return /do?&x=0.3417&y=0.3121&z=1
2015-05-11 10:06:30.498268 [0.3589, 0.3121, 1.0]
2015-05-11 10:06:30.513891 [0.3551, 0.3121, 1.0]
2015-05-11 10:06:30.545139 do get, return /do?&x=0.3360&y=0.3121&z=1
2015-05-11 10:06:30.560766 [0.3494, 0.3121, 1.0]
2015-05-11 10:06:30.607640 [0.3417, 0.3121, 1.0]
2015-05-11 10:06:30.670141 do get, return /do?&x=0.3322&y=0.3121&z=1
2015-05-11 10:06:30.670141 do get, return /do?&x=0.3264&y=0.3102&z=1
2015-05-11 10:06:30.670141 do get, return /do?&x=0.3302&y=0.3102&z=1
2015-05-11 10:06:30.670141 [0.336, 0.3121, 1.0]
2015-05-11 10:06:30.717021 do get, return /do?&x=0.3245&y=0.3083&z=1
2015-05-11 10:06:30.748267 [0.3322, 0.3121, 1.0]
2015-05-11 10:06:30.748267 do get, return /do?&x=0.3226&y=0.3064&z=1
2015-05-11 10:06:30.763894 [0.3264, 0.3102, 1.0]
2015-05-11 10:06:30.795173 [0.3302, 0.3102, 1.0]
2015-05-11 10:06:30.826393 do get, return /do?&x=0.3207&y=0.3064&z=1
2015-05-11 10:06:30.826393 [0.3245, 0.3083, 1.0]
2015-05-11 10:06:30.873273 do get, return /do?&x=0.3207&y=0.3045&z=1
2015-05-11 10:06:30.873273 [0.3226, 0.3064, 1.0]
2015-05-11 10:06:30.920167 do get, return /do?&x=0.3188&y=0.3045&z=1
2015-05-11 10:06:30.920167 do get, return /do?&x=0.3169&y=0.3045&z=1
2015-05-11 10:06:30.951417 [0.3207, 0.3064, 1.0]
2015-05-11 10:06:31.013894 do get, return /do?&x=0.3169&y=0.3026&z=1
2015-05-11 10:06:31.013894 [0.3207, 0.3045, 1.0]
2015-05-11 10:06:31.045142 do get, return /do?&x=0.3130&y=0.3026&z=1
2015-05-11 10:06:31.060769 [0.3188, 0.3045, 1.0]
2015-05-11 10:06:31.076394 [0.3169, 0.3045, 1.0]
2015-05-11 10:06:31.107667 do get, return /do?&x=0.3111&y=0.3007&z=1
2015-05-11 10:06:31.107667 [0.3169, 0.3026, 1.0]
2015-05-11 10:06:31.154541 do get, return /do?&x=0.2997&y=0.3007&z=1
2015-05-11 10:06:31.154541 [0.313, 0.3026, 1.0]
2015-05-11 10:06:31.185800 do get, return /do?&x=0.2978&y=0.3007&z=1
2015-05-11 10:06:31.248277 do get, return /do?&x=0.2978&y=0.2988&z=1
2015-05-11 10:06:31.279552 [0.3111, 0.3007, 1.0]
2015-05-11 10:06:31.357675 [0.2997, 0.3007, 1.0]
2015-05-11 10:06:31.388895 do get, return /do?&x=0.2958&y=0.2988&z=1
2015-05-11 10:06:31.420152 do get, return /do?&x=0.2958&y=0.3007&z=1
2015-05-11 10:06:31.451428 [0.2978, 0.3007, 1.0]
2015-05-11 10:06:31.498301 [0.2978, 0.2988, 1.0]
2015-05-11 10:06:31.576424 do get, return /do?&x=0.2978&y=0.3007&z=1
2015-05-11 10:06:31.623276 do get, return /do?&x=0.2997&y=0.3007&z=1
2015-05-11 10:06:31.638897 [0.2958, 0.2988, 1.0]
2015-05-11 10:06:31.685799 [0.2958, 0.3007, 1.0]
2015-05-11 10:06:31.732652 do get, return /do?&x=0.3016&y=0.3007&z=1
2015-05-11 10:06:31.763922 do get, return /do?&x=0.3035&y=0.3007&z=1
2015-05-11 10:06:31.779551 [0.2978, 0.3007, 1.0]
2015-05-11 10:06:31.810802 [0.2997, 0.3007, 1.0]
2015-05-11 10:06:31.904523 [0.3016, 0.3007, 1.0]
2015-05-11 10:06:31.920174 [0.3035, 0.3007, 1.0]
2015-05-11 10:06:33.936140 do get, return /do?&x=0.3054&y=0.3007&z=1
2015-05-11 10:06:33.967325 [0.3054, 0.3007, 1.0]
2015-05-11 10:06:34.233008 do get, return /do?&x=0.3073&y=0.3007&z=1
2015-05-11 10:06:34.264227 [0.3073, 0.3007, 1.0]
2015-05-11 10:06:34.279825 do get, return /do?&x=0.3092&y=0.3007&z=1
2015-05-11 10:06:34.295452 do get, return /do?&x=0.3130&y=0.3007&z=1
2015-05-11 10:06:34.295452 [0.3092, 0.3007, 1.0]
2015-05-11 10:06:34.311102 do get, return /do?&x=0.3188&y=0.3007&z=1
2015-05-11 10:06:34.311102 do get, return /do?&x=0.3245&y=0.3007&z=1
2015-05-11 10:06:34.326697 do get, return /do?&x=0.3322&y=0.3007&z=1
2015-05-11 10:06:34.326697 [0.313, 0.3007, 1.0]
2015-05-11 10:06:34.342330 do get, return /do?&x=0.3379&y=0.3007&z=1
2015-05-11 10:06:34.373604 do get, return /do?&x=0.3417&y=0.3007&z=1
2015-05-11 10:06:34.373604 [0.3188, 0.3007, 1.0]
2015-05-11 10:06:34.389201 [0.3245, 0.3007, 1.0]
2015-05-11 10:06:34.404819 [0.3322, 0.3007, 1.0]
2015-05-11 10:06:34.451727 [0.3379, 0.3007, 1.0]
2015-05-11 10:06:34.451727 do get, return /do?&x=0.3475&y=0.3007&z=1
2015-05-11 10:06:34.467326 [0.3417, 0.3007, 1.0]
2015-05-11 10:06:34.514195 do get, return /do?&x=0.3532&y=0.3007&z=1
2015-05-11 10:06:34.529820 do get, return /do?&x=0.3589&y=0.3007&z=1
2015-05-11 10:06:34.545445 do get, return /do?&x=0.3665&y=0.3007&z=1
2015-05-11 10:06:34.561069 [0.3475, 0.3007, 1.0]
2015-05-11 10:06:34.561069 do get, return /do?&x=0.3723&y=0.3007&z=1
2015-05-11 10:06:34.607978 do get, return /do?&x=0.3761&y=0.3007&z=1
2015-05-11 10:06:34.623570 [0.3532, 0.3007, 1.0]
2015-05-11 10:06:34.654854 [0.3589, 0.3007, 1.0]
2015-05-11 10:06:34.670476 [0.3665, 0.3007, 1.0]
2015-05-11 10:06:34.717352 [0.3723, 0.3007, 1.0]
2015-05-11 10:06:34.717352 do get, return /do?&x=0.3838&y=0.3007&z=1
2015-05-11 10:06:34.732946 [0.3761, 0.3007, 1.0]
2015-05-11 10:06:34.779823 do get, return /do?&x=0.3857&y=0.3007&z=1
2015-05-11 10:06:34.779823 do get, return /do?&x=0.3876&y=0.3007&z=1
2015-05-11 10:06:34.795446 do get, return /do?&x=0.3895&y=0.3026&z=1
2015-05-11 10:06:34.811077 [0.3838, 0.3007, 1.0]
2015-05-11 10:06:34.842322 [0.3857, 0.3007, 1.0]
2015-05-11 10:06:34.857953 [0.3876, 0.3007, 1.0]
2015-05-11 10:06:34.873601 do get, return /do?&x=0.3838&y=0.3026&z=1
2015-05-11 10:06:34.873601 [0.3895, 0.3026, 1.0]
2015-05-11 10:06:34.936070 [0.3838, 0.3026, 1.0]
2015-05-11 10:06:34.951715 do get, return /do?&x=0.3818&y=0.3045&z=1
2015-05-11 10:06:34.982950 [0.3818, 0.3045, 1.0]
2015-05-11 10:06:35.014196 do get, return /do?&x=0.3818&y=0.3064&z=1
2015-05-11 10:06:35.029851 [0.3818, 0.3064, 1.0]
2015-05-11 10:06:35.045478 do get, return /do?&x=0.3799&y=0.3083&z=1
2015-05-11 10:06:35.061073 [0.3799, 0.3083, 1.0]
2015-05-11 10:06:35.357947 do get, return /do?&x=0.3818&y=0.3083&z=1
2015-05-11 10:06:35.357947 [0.3818, 0.3083, 1.0]
2015-05-11 10:06:35.436103 do get, return /do?&x=0.3838&y=0.3083&z=1
2015-05-11 10:06:35.451731 [0.3838, 0.3083, 1.0]
2015-05-11 10:06:35.498604 do get, return /do?&x=0.3838&y=0.3064&z=1
2015-05-11 10:06:35.514197 [0.3838, 0.3064, 1.0]
2015-05-11 10:06:35.857950 do get, return /do?&x=0.3838&y=0.3045&z=1
2015-05-11 10:06:35.873605 [0.3838, 0.3045, 1.0]
2015-05-11 10:06:36.092396 do get, return /do?&x=0.3857&y=0.3045&z=1
2015-05-11 10:06:36.107985 [0.3857, 0.3045, 1.0]
2015-05-11 10:06:36.217358 do get, return /do?&x=0.3876&y=0.2988&z=1
2015-05-11 10:06:36.232952 [0.3876, 0.2988, 1.0]
2015-05-11 10:06:36.232952 do get, return /do?&x=0.3895&y=0.2969&z=1
2015-05-11 10:06:36.248605 do get, return /do?&x=0.3895&y=0.2949&z=1
2015-05-11 10:06:36.264230 do get, return /do?&x=0.3914&y=0.2911&z=1
2015-05-11 10:06:36.264230 [0.3895, 0.2969, 1.0]
2015-05-11 10:06:36.264230 [0.3895, 0.2949, 1.0]
2015-05-11 10:06:36.279825 [0.3914, 0.2911, 1.0]
2015-05-11 10:06:36.279825 do get, return /do?&x=0.3952&y=0.2816&z=1
2015-05-11 10:06:36.295448 do get, return /do?&x=0.3971&y=0.2739&z=1
2015-05-11 10:06:36.311101 do get, return /do?&x=0.3991&y=0.2682&z=1
2015-05-11 10:06:36.311101 do get, return /do?&x=0.4009&y=0.2644&z=1
2015-05-11 10:06:36.326708 do get, return /do?&x=0.4009&y=0.2586&z=1
2015-05-11 10:06:36.342330 [0.3952, 0.2816, 1.0]
2015-05-11 10:06:36.342330 do get, return /do?&x=0.4048&y=0.2567&z=1
2015-05-11 10:06:36.342330 [0.3971, 0.2739, 1.0]
2015-05-11 10:06:36.357982 [0.3991, 0.2682, 1.0]
2015-05-11 10:06:36.373607 [0.4009, 0.2644, 1.0]
2015-05-11 10:06:36.389239 [0.4009, 0.2586, 1.0]
2015-05-11 10:06:36.404856 [0.4048, 0.2567, 1.0]
2015-05-11 10:06:36.436074 do get, return /do?&x=0.4048&y=0.2529&z=1
2015-05-11 10:06:36.467326 do get, return /do?&x=0.4067&y=0.2510&z=1
2015-05-11 10:06:36.482954 [0.4048, 0.2529, 1.0]
2015-05-11 10:06:36.482954 [0.4067, 0.251, 1.0]
2015-05-11 10:06:36.498575 do get, return /do?&x=0.4067&y=0.2491&z=1
2015-05-11 10:06:36.498575 do get, return /do?&x=0.4086&y=0.2472&z=1
2015-05-11 10:06:36.498575 do get, return /do?&x=0.4086&y=0.2453&z=1
2015-05-11 10:06:36.498575 do get, return /do?&x=0.4086&y=0.2433&z=1
2015-05-11 10:06:36.529826 [0.4067, 0.2491, 1.0]
2015-05-11 10:06:36.529826 [0.4086, 0.2472, 1.0]
2015-05-11 10:06:36.545450 do get, return /do?&x=0.4086&y=0.2414&z=1
2015-05-11 10:06:36.545450 do get, return /do?&x=0.4086&y=0.2376&z=1
2015-05-11 10:06:36.545450 [0.4086, 0.2453, 1.0]
2015-05-11 10:06:36.561075 [0.4086, 0.2433, 1.0]
2015-05-11 10:06:36.576700 [0.4086, 0.2414, 1.0]
2015-05-11 10:06:36.592324 [0.4086, 0.2376, 1.0]
2015-05-11 10:06:37.529833 do get, return /do?&x=0.4086&y=0.2338&z=1
2015-05-11 10:06:37.545487 do get, return /do?&x=0.4067&y=0.2319&z=1
2015-05-11 10:06:37.545487 [0.4086, 0.2338, 1.0]
2015-05-11 10:06:37.545487 do get, return /do?&x=0.4048&y=0.2300&z=1
2015-05-11 10:06:37.561078 [0.4067, 0.2319, 1.0]
2015-05-11 10:06:37.561078 do get, return /do?&x=0.4029&y=0.2300&z=1
2015-05-11 10:06:37.576738 do get, return /do?&x=0.3991&y=0.2280&z=1
2015-05-11 10:06:37.592361 [0.4048, 0.23, 1.0]
2015-05-11 10:06:37.592361 do get, return /do?&x=0.3952&y=0.2223&z=1
2015-05-11 10:06:37.623585 [0.4029, 0.23, 1.0]
2015-05-11 10:06:37.623585 [0.3991, 0.228, 1.0]
2015-05-11 10:06:37.670454 do get, return /do?&x=0.3857&y=0.2166&z=1
2015-05-11 10:06:37.670454 [0.3952, 0.2223, 1.0]
2015-05-11 10:06:37.670454 do get, return /do?&x=0.3761&y=0.2051&z=1
2015-05-11 10:06:37.701728 [0.3857, 0.2166, 1.0]
2015-05-11 10:06:37.717327 do get, return /do?&x=0.3665&y=0.1917&z=1
2015-05-11 10:06:37.717327 do get, return /do?&x=0.3436&y=0.1516&z=1
2015-05-11 10:06:37.717327 [0.3761, 0.2051, 1.0]
2015-05-11 10:06:37.732956 do get, return /do?&x=0.3360&y=0.1440&z=1
2015-05-11 10:06:37.732956 do get, return /do?&x=0.3245&y=0.1306&z=1
2015-05-11 10:06:37.748605 [0.3665, 0.1917, 1.0]
2015-05-11 10:06:37.748605 [0.3436, 0.1516, 1.0]
2015-05-11 10:06:37.779861 do get, return /do?&x=0.3149&y=0.1229&z=1
2015-05-11 10:06:37.779861 do get, return /do?&x=0.3035&y=0.1115&z=1
2015-05-11 10:06:37.779861 [0.336, 0.144, 1.0]
2015-05-11 10:06:37.811107 [0.3245, 0.1306, 1.0]
2015-05-11 10:06:37.857953 do get, return /do?&x=0.2958&y=0.1057&z=1
2015-05-11 10:06:37.873611 [0.3149, 0.1229, 1.0]
2015-05-11 10:06:37.873611 do get, return /do?&x=0.2901&y=0.1000&z=1
2015-05-11 10:06:37.904860 [0.3035, 0.1115, 1.0]
2015-05-11 10:06:37.936077 do get, return /do?&x=0.2863&y=0.0981&z=1
2015-05-11 10:06:37.951736 [0.2958, 0.1057, 1.0]
2015-05-11 10:06:37.967330 do get, return /do?&x=0.2844&y=0.0943&z=1
2015-05-11 10:06:37.982979 [0.2901, 0.1, 1.0]
2015-05-11 10:06:37.982979 do get, return /do?&x=0.2825&y=0.0943&z=1
2015-05-11 10:06:37.998580 [0.2863, 0.0981, 1.0]
2015-05-11 10:06:38.014203 do get, return /do?&x=0.2805&y=0.0943&z=1
2015-05-11 10:06:38.029836 [0.2844, 0.0943, 1.0]
2015-05-11 10:06:38.029836 do get, return /do?&x=0.2805&y=0.0962&z=1
2015-05-11 10:06:38.045452 do get, return /do?&x=0.2805&y=0.0981&z=1
2015-05-11 10:06:38.045452 [0.2825, 0.0943, 1.0]
2015-05-11 10:06:38.076710 [0.2805, 0.0943, 1.0]
2015-05-11 10:06:38.076710 do get, return /do?&x=0.2805&y=0.1000&z=1
2015-05-11 10:06:38.107987 [0.2805, 0.0962, 1.0]
2015-05-11 10:06:38.107987 do get, return /do?&x=0.2805&y=0.1019&z=1
2015-05-11 10:06:38.123588 [0.2805, 0.0981, 1.0]
2015-05-11 10:06:38.170461 do get, return /do?&x=0.2805&y=0.1038&z=1
2015-05-11 10:06:38.186087 do get, return /do?&x=0.2805&y=0.1057&z=1
2015-05-11 10:06:38.186087 [0.2805, 0.1, 1.0]
2015-05-11 10:06:38.217330 do get, return /do?&x=0.2805&y=0.1076&z=1
2015-05-11 10:06:38.232955 [0.2805, 0.1019, 1.0]
2015-05-11 10:06:38.264236 [0.2805, 0.1038, 1.0]
2015-05-11 10:06:38.264236 do get, return /do?&x=0.2805&y=0.1096&z=1
2015-05-11 10:06:38.279832 [0.2805, 0.1057, 1.0]
2015-05-11 10:06:38.311110 do get, return /do?&x=0.2805&y=0.1115&z=1
2015-05-11 10:06:38.311110 [0.2805, 0.1076, 1.0]
2015-05-11 10:06:38.357972 [0.2805, 0.1096, 1.0]
2015-05-11 10:06:38.357972 do get, return /do?&x=0.2805&y=0.1134&z=1
2015-05-11 10:06:38.373580 do get, return /do?&x=0.2825&y=0.1134&z=1
2015-05-11 10:06:38.404829 [0.2805, 0.1115, 1.0]
2015-05-11 10:06:38.404829 do get, return /do?&x=0.2844&y=0.1134&z=1
2015-05-11 10:06:38.420458 do get, return /do?&x=0.2863&y=0.1134&z=1
2015-05-11 10:06:38.451705 [0.2805, 0.1134, 1.0]
2015-05-11 10:06:38.451705 do get, return /do?&x=0.2882&y=0.1134&z=1
2015-05-11 10:06:38.467329 [0.2825, 0.1134, 1.0]
2015-05-11 10:06:38.498610 do get, return /do?&x=0.2901&y=0.1134&z=1
2015-05-11 10:06:38.498610 [0.2844, 0.1134, 1.0]
2015-05-11 10:06:38.514204 [0.2863, 0.1134, 1.0]
2015-05-11 10:06:38.545486 [0.2882, 0.1134, 1.0]
2015-05-11 10:06:38.545486 do get, return /do?&x=0.2920&y=0.1134&z=1
2015-05-11 10:06:38.576703 do get, return /do?&x=0.2939&y=0.1134&z=1
2015-05-11 10:06:38.576703 [0.2901, 0.1134, 1.0]
2015-05-11 10:06:38.607954 do get, return /do?&x=0.2978&y=0.1134&z=1
2015-05-11 10:06:38.623584 do get, return /do?&x=0.3035&y=0.1134&z=1
2015-05-11 10:06:38.639236 do get, return /do?&x=0.3207&y=0.1115&z=1
2015-05-11 10:06:38.639236 [0.292, 0.1134, 1.0]
2015-05-11 10:06:38.654861 [0.2939, 0.1134, 1.0]
2015-05-11 10:06:38.670455 [0.2978, 0.1134, 1.0]
2015-05-11 10:06:38.686111 [0.3035, 0.1134, 1.0]
2015-05-11 10:06:38.686111 do get, return /do?&x=0.3494&y=0.1096&z=1
2015-05-11 10:06:38.701708 [0.3207, 0.1115, 1.0]
2015-05-11 10:06:38.732986 do get, return /do?&x=0.3876&y=0.1076&z=1
2015-05-11 10:06:38.732986 do get, return /do?&x=0.4640&y=0.0962&z=1
2015-05-11 10:06:38.748586 [0.3494, 0.1096, 1.0]
2015-05-11 10:06:38.764206 do get, return /do?&x=0.5271&y=0.0904&z=1
2015-05-11 10:06:38.764206 [0.3876, 0.1076, 1.0]
2015-05-11 10:06:38.779837 do get, return /do?&x=0.6131&y=0.0790&z=1
2015-05-11 10:06:38.779837 do get, return /do?&x=0.6742&y=0.0656&z=1
2015-05-11 10:06:38.779837 [0.464, 0.0962, 1.0]
2015-05-11 10:06:38.811114 do get, return /do?&x=0.7526&y=0.0599&z=1
2015-05-11 10:06:38.811114 [0.5271, 0.0904, 1.0]
2015-05-11 10:06:38.842363 [0.6131, 0.079, 1.0]
2015-05-11 10:06:38.842363 do get, return /do?&x=0.8099&y=0.0465&z=1
2015-05-11 10:06:38.857961 [0.6742, 0.0656, 1.0]
2015-05-11 10:06:38.873612 [0.7526, 0.0599, 1.0]
2015-05-11 10:06:38.873612 do get, return /do?&x=0.8539&y=0.0389&z=1
2015-05-11 10:06:38.904863 do get, return /do?&x=0.8921&y=0.0255&z=1
2015-05-11 10:06:38.920456 [0.8099, 0.0465, 1.0]
2015-05-11 10:06:38.920456 do get, return /do?&x=0.9246&y=0.0159&z=1
2015-05-11 10:06:38.951709 do get, return /do?&x=0.9456&y=0.0064&z=1
2015-05-11 10:06:38.951709 do get, return /do?&x=0.9590&y=0.0006&z=1
2015-05-11 10:06:38.967336 [0.8539, 0.0389, 1.0]
2015-05-11 10:06:38.982986 [0.8921, 0.0255, 1.0]
2015-05-11 10:06:38.998581 [0.9246, 0.0159, 1.0]
2015-05-11 10:06:39.014206 [0.9456, 0.0064, 1.0]
2015-05-11 10:06:39.029830 [0.959, 0.0006, 1.0]
