2015-05-05 15:25:29.679494 do get, return /home
2015-05-05 15:25:29.710673 do get, return /jquery-2.1.1.min.js
2015-05-05 15:25:29.710673 do get, return /figs/square_0_2d_F2s.png
2015-05-05 15:25:29.726328 do get, return /figs/layerss.png
2015-05-05 15:25:30.726298 do get, return /do?&x=0.6915&y=0.9906&z=0
2015-05-05 15:25:30.741927 do get, return /do?&x=0.6838&y=0.9600&z=0
2015-05-05 15:25:30.741927 [0.6915, 0.9906, 0.0]
2015-05-05 15:25:30.741927 [0.6838, 0.96, 0.0]
2015-05-05 15:25:30.741927 do get, return /do?&x=0.6800&y=0.9447&z=0
2015-05-05 15:25:30.773199 do get, return /do?&x=0.6762&y=0.9294&z=0
2015-05-05 15:25:30.788807 do get, return /do?&x=0.6742&y=0.9142&z=0
2015-05-05 15:25:30.788807 do get, return /do?&x=0.6723&y=0.9008&z=0
2015-05-05 15:25:30.788807 [0.68, 0.9447, 0.0]
2015-05-05 15:25:30.804430 [0.6762, 0.9294, 0.0]
2015-05-05 15:25:30.804430 [0.6742, 0.9142, 0.0]
2015-05-05 15:25:30.820056 [0.6723, 0.9008, 0.0]
2015-05-05 15:25:30.866956 do get, return /do?&x=0.6666&y=0.8683&z=0
2015-05-05 15:25:30.882549 do get, return /do?&x=0.6704&y=0.8893&z=0
2015-05-05 15:25:30.882549 do get, return /do?&x=0.6666&y=0.8606&z=0
2015-05-05 15:25:30.882549 [0.6666, 0.8683, 0.0]
2015-05-05 15:25:30.882549 [0.6704, 0.8893, 0.0]
2015-05-05 15:25:30.882549 [0.6666, 0.8606, 0.0]
2015-05-05 15:25:30.913800 do get, return /do?&x=0.6666&y=0.8415&z=0
2015-05-05 15:25:30.913800 do get, return /do?&x=0.6666&y=0.8492&z=0
2015-05-05 15:25:30.913800 do get, return /do?&x=0.6666&y=0.8339&z=0
2015-05-05 15:25:30.913800 [0.6666, 0.8415, 0.0]
2015-05-05 15:25:30.913800 [0.6666, 0.8492, 0.0]
2015-05-05 15:25:30.929420 [0.6666, 0.8339, 0.0]
2015-05-05 15:25:30.929420 do get, return /do?&x=0.6685&y=0.8243&z=0
2015-05-05 15:25:30.929420 do get, return /do?&x=0.6723&y=0.8186&z=0
2015-05-05 15:25:30.945063 [0.6685, 0.8243, 0.0]
2015-05-05 15:25:30.945063 [0.6723, 0.8186, 0.0]
2015-05-05 15:25:30.960688 do get, return /do?&x=0.6762&y=0.8129&z=0
2015-05-05 15:25:30.960688 do get, return /do?&x=0.6819&y=0.8052&z=0
2015-05-05 15:25:30.960688 [0.6762, 0.8129, 0.0]
2015-05-05 15:25:30.960688 do get, return /do?&x=0.6857&y=0.7995&z=0
2015-05-05 15:25:30.960688 do get, return /do?&x=0.6895&y=0.7956&z=0
2015-05-05 15:25:30.960688 do get, return /do?&x=0.6953&y=0.7880&z=0
2015-05-05 15:25:30.960688 [0.6819, 0.8052, 0.0]
2015-05-05 15:25:30.960688 do get, return /do?&x=0.7105&y=0.7746&z=0
2015-05-05 15:25:30.976300 [0.6857, 0.7995, 0.0]
2015-05-05 15:25:30.976300 [0.6895, 0.7956, 0.0]
2015-05-05 15:25:30.976300 [0.6953, 0.788, 0.0]
2015-05-05 15:25:30.976300 [0.7105, 0.7746, 0.0]
2015-05-05 15:25:31.070107 do get, return /do?&x=0.7144&y=0.7746&z=0
2015-05-05 15:25:31.070107 [0.7144, 0.7746, 0.0]
2015-05-05 15:25:31.163806 do get, return /do?&x=0.7163&y=0.7746&z=0
2015-05-05 15:25:31.163806 [0.7163, 0.7746, 0.0]
2015-05-05 15:25:31.163806 do get, return /do?&x=0.7182&y=0.7727&z=0
2015-05-05 15:25:31.179425 [0.7182, 0.7727, 0.0]
2015-05-05 15:25:31.179425 do get, return /do?&x=0.7182&y=0.7689&z=0
2015-05-05 15:25:31.195053 do get, return /do?&x=0.7182&y=0.7670&z=0
2015-05-05 15:25:31.195053 [0.7182, 0.7689, 0.0]
2015-05-05 15:25:31.195053 do get, return /do?&x=0.7182&y=0.7651&z=0
2015-05-05 15:25:31.210706 [0.7182, 0.767, 0.0]
2015-05-05 15:25:31.210706 do get, return /do?&x=0.7201&y=0.7632&z=0
2015-05-05 15:25:31.226301 do get, return /do?&x=0.7220&y=0.7574&z=0
2015-05-05 15:25:31.226301 [0.7182, 0.7651, 0.0]
2015-05-05 15:25:31.226301 do get, return /do?&x=0.7239&y=0.7498&z=0
2015-05-05 15:25:31.241937 [0.7201, 0.7632, 0.0]
2015-05-05 15:25:31.241937 do get, return /do?&x=0.7258&y=0.7402&z=0
2015-05-05 15:25:31.241937 [0.722, 0.7574, 0.0]
2015-05-05 15:25:31.257549 do get, return /do?&x=0.7258&y=0.7307&z=0
2015-05-05 15:25:31.257549 [0.7239, 0.7498, 0.0]
2015-05-05 15:25:31.273185 do get, return /do?&x=0.7278&y=0.7192&z=0
2015-05-05 15:25:31.273185 [0.7258, 0.7402, 0.0]
2015-05-05 15:25:31.288802 do get, return /do?&x=0.7278&y=0.7135&z=0
2015-05-05 15:25:31.288802 [0.7258, 0.7307, 0.0]
2015-05-05 15:25:31.304425 [0.7278, 0.7192, 0.0]
2015-05-05 15:25:31.304425 do get, return /do?&x=0.7297&y=0.7001&z=0
2015-05-05 15:25:31.320049 do get, return /do?&x=0.7297&y=0.6963&z=0
2015-05-05 15:25:31.320049 do get, return /do?&x=0.7297&y=0.6944&z=0
2015-05-05 15:25:31.320049 [0.7278, 0.7135, 0.0]
2015-05-05 15:25:31.335688 [0.7297, 0.7001, 0.0]
2015-05-05 15:25:31.351312 [0.7297, 0.6963, 0.0]
2015-05-05 15:25:31.351312 [0.7297, 0.6944, 0.0]
2015-05-05 15:25:31.382592 do get, return /do?&x=0.7297&y=0.6982&z=0
2015-05-05 15:25:31.382592 [0.7297, 0.6982, 0.0]
2015-05-05 15:25:31.398172 do get, return /do?&x=0.7297&y=0.7020&z=0
2015-05-05 15:25:31.398172 [0.7297, 0.702, 0.0]
2015-05-05 15:25:31.413799 do get, return /do?&x=0.7297&y=0.7039&z=0
2015-05-05 15:25:31.413799 [0.7297, 0.7039, 0.0]
2015-05-05 15:25:31.413799 do get, return /do?&x=0.7316&y=0.7077&z=0
2015-05-05 15:25:31.429424 [0.7316, 0.7077, 0.0]
2015-05-05 15:25:31.429424 do get, return /do?&x=0.7316&y=0.7116&z=0
2015-05-05 15:25:31.429424 [0.7316, 0.7116, 0.0]
2015-05-05 15:25:31.429424 do get, return /do?&x=0.7335&y=0.7154&z=0
2015-05-05 15:25:31.445061 do get, return /do?&x=0.7335&y=0.7192&z=0
2015-05-05 15:25:31.445061 [0.7335, 0.7154, 0.0]
2015-05-05 15:25:31.445061 [0.7335, 0.7192, 0.0]
2015-05-05 15:25:31.445061 do get, return /do?&x=0.7335&y=0.7249&z=0
2015-05-05 15:25:31.460674 do get, return /do?&x=0.7335&y=0.7307&z=0
2015-05-05 15:25:31.460674 [0.7335, 0.7249, 0.0]
2015-05-05 15:25:31.460674 [0.7335, 0.7307, 0.0]
2015-05-05 15:25:31.460674 do get, return /do?&x=0.7354&y=0.7364&z=0
2015-05-05 15:25:31.476301 [0.7354, 0.7364, 0.0]
2015-05-05 15:25:31.491923 do get, return /do?&x=0.7373&y=0.7422&z=0
2015-05-05 15:25:31.507573 [0.7373, 0.7422, 0.0]
2015-05-05 15:25:31.507573 do get, return /do?&x=0.7392&y=0.7632&z=0
2015-05-05 15:25:31.507573 do get, return /do?&x=0.7411&y=0.7708&z=0
2015-05-05 15:25:31.507573 [0.7392, 0.7632, 0.0]
2015-05-05 15:25:31.507573 do get, return /do?&x=0.7431&y=0.7785&z=0
2015-05-05 15:25:31.523187 [0.7411, 0.7708, 0.0]
2015-05-05 15:25:31.523187 do get, return /do?&x=0.7450&y=0.7880&z=0
2015-05-05 15:25:31.523187 [0.7431, 0.7785, 0.0]
2015-05-05 15:25:31.523187 do get, return /do?&x=0.7488&y=0.7976&z=0
2015-05-05 15:25:31.538813 [0.745, 0.788, 0.0]
2015-05-05 15:25:31.538813 do get, return /do?&x=0.7507&y=0.8090&z=0
2015-05-05 15:25:31.538813 [0.7488, 0.7976, 0.0]
2015-05-05 15:25:31.554426 do get, return /do?&x=0.7545&y=0.8205&z=0
2015-05-05 15:25:31.554426 do get, return /do?&x=0.7564&y=0.8301&z=0
2015-05-05 15:25:31.554426 [0.7507, 0.809, 0.0]
2015-05-05 15:25:31.554426 do get, return /do?&x=0.7583&y=0.8396&z=0
2015-05-05 15:25:31.570064 [0.7545, 0.8205, 0.0]
2015-05-05 15:25:31.570064 [0.7564, 0.8301, 0.0]
2015-05-05 15:25:31.570064 [0.7583, 0.8396, 0.0]
2015-05-05 15:25:31.601342 do get, return /do?&x=0.7602&y=0.8473&z=0
2015-05-05 15:25:31.601342 [0.7602, 0.8473, 0.0]
2015-05-05 15:25:31.601342 do get, return /do?&x=0.7660&y=0.8740&z=0
2015-05-05 15:25:31.616924 do get, return /do?&x=0.7660&y=0.8759&z=0
2015-05-05 15:25:31.616924 [0.766, 0.874, 0.0]
2015-05-05 15:25:31.616924 [0.766, 0.8759, 0.0]
2015-05-05 15:25:31.632564 do get, return /do?&x=0.7660&y=0.8797&z=0
2015-05-05 15:25:31.648176 [0.766, 0.8797, 0.0]
2015-05-05 15:25:31.710746 do get, return /do?&x=0.7660&y=0.8778&z=0
2015-05-05 15:25:31.710746 [0.766, 0.8778, 0.0]
2015-05-05 15:25:31.757573 do get, return /do?&x=0.7660&y=0.8721&z=0
2015-05-05 15:25:31.757573 [0.766, 0.8721, 0.0]
2015-05-05 15:25:31.773199 do get, return /do?&x=0.7679&y=0.8721&z=0
2015-05-05 15:25:31.788809 [0.7679, 0.8721, 0.0]
2015-05-05 15:25:31.788809 do get, return /do?&x=0.7679&y=0.8702&z=0
2015-05-05 15:25:31.788809 [0.7679, 0.8702, 0.0]
2015-05-05 15:25:31.788809 do get, return /do?&x=0.7679&y=0.8683&z=0
2015-05-05 15:25:31.804427 do get, return /do?&x=0.7698&y=0.8683&z=0
2015-05-05 15:25:31.804427 [0.7679, 0.8683, 0.0]
2015-05-05 15:25:31.804427 [0.7698, 0.8683, 0.0]
2015-05-05 15:25:31.820077 do get, return /do?&x=0.7717&y=0.8683&z=0
2015-05-05 15:25:31.835679 [0.7717, 0.8683, 0.0]
2015-05-05 15:25:31.835679 do get, return /do?&x=0.7717&y=0.8664&z=0
2015-05-05 15:25:31.835679 [0.7717, 0.8664, 0.0]
2015-05-05 15:25:31.851299 do get, return /do?&x=0.7736&y=0.8664&z=0
2015-05-05 15:25:31.851299 [0.7736, 0.8664, 0.0]
2015-05-05 15:25:31.866923 do get, return /do?&x=0.7755&y=0.8645&z=0
2015-05-05 15:25:31.866923 [0.7755, 0.8645, 0.0]
2015-05-05 15:25:32.179496 do get, return /do?&x=0.7755&y=0.8625&z=0
2015-05-05 15:25:32.195071 [0.7755, 0.8625, 0.0]
2015-05-05 15:25:32.195071 do get, return /do?&x=0.7775&y=0.8606&z=0
2015-05-05 15:25:32.210684 do get, return /do?&x=0.7775&y=0.8587&z=0
2015-05-05 15:25:32.210684 [0.7775, 0.8606, 0.0]
2015-05-05 15:25:32.226302 [0.7775, 0.8587, 0.0]
2015-05-05 15:25:32.226302 do get, return /do?&x=0.7775&y=0.8568&z=0
2015-05-05 15:25:32.226302 do get, return /do?&x=0.7775&y=0.8549&z=0
2015-05-05 15:25:32.241927 do get, return /do?&x=0.7775&y=0.8530&z=0
2015-05-05 15:25:32.241927 do get, return /do?&x=0.7775&y=0.8511&z=0
2015-05-05 15:25:32.241927 [0.7775, 0.8568, 0.0]
2015-05-05 15:25:32.257552 do get, return /do?&x=0.7775&y=0.8492&z=0
2015-05-05 15:25:32.257552 [0.7775, 0.8549, 0.0]
2015-05-05 15:25:32.257552 do get, return /do?&x=0.7775&y=0.8473&z=0
2015-05-05 15:25:32.273183 [0.7775, 0.853, 0.0]
2015-05-05 15:25:32.273183 [0.7775, 0.8511, 0.0]
2015-05-05 15:25:32.288814 [0.7775, 0.8492, 0.0]
2015-05-05 15:25:32.304432 do get, return /do?&x=0.7775&y=0.8453&z=0
2015-05-05 15:25:32.304432 [0.7775, 0.8473, 0.0]
2015-05-05 15:25:32.320053 do get, return /do?&x=0.7775&y=0.8377&z=0
2015-05-05 15:25:32.335682 do get, return /do?&x=0.7775&y=0.8339&z=0
2015-05-05 15:25:32.335682 do get, return /do?&x=0.7775&y=0.8301&z=0
2015-05-05 15:25:32.351299 [0.7775, 0.8453, 0.0]
2015-05-05 15:25:32.351299 do get, return /do?&x=0.7755&y=0.8262&z=0
2015-05-05 15:25:32.351299 do get, return /do?&x=0.7736&y=0.8205&z=0
2015-05-05 15:25:32.351299 [0.7775, 0.8377, 0.0]
2015-05-05 15:25:32.366925 [0.7775, 0.8339, 0.0]
2015-05-05 15:25:32.366925 [0.7775, 0.8301, 0.0]
2015-05-05 15:25:32.366925 [0.7755, 0.8262, 0.0]
2015-05-05 15:25:32.366925 [0.7736, 0.8205, 0.0]
2015-05-05 15:25:32.398176 do get, return /do?&x=0.7736&y=0.8148&z=0
2015-05-05 15:25:32.398176 do get, return /do?&x=0.7717&y=0.8090&z=0
2015-05-05 15:25:32.398176 do get, return /do?&x=0.7679&y=0.8014&z=0
2015-05-05 15:25:32.398176 do get, return /do?&x=0.7660&y=0.7956&z=0
2015-05-05 15:25:32.398176 do get, return /do?&x=0.7622&y=0.7880&z=0
2015-05-05 15:25:32.398176 [0.7736, 0.8148, 0.0]
2015-05-05 15:25:32.398176 do get, return /do?&x=0.7526&y=0.7651&z=0
2015-05-05 15:25:32.398176 [0.7717, 0.809, 0.0]
2015-05-05 15:25:32.398176 [0.7679, 0.8014, 0.0]
2015-05-05 15:25:32.413802 [0.766, 0.7956, 0.0]
2015-05-05 15:25:32.413802 [0.7622, 0.788, 0.0]
2015-05-05 15:25:32.413802 [0.7526, 0.7651, 0.0]
2015-05-05 15:25:32.445054 do get, return /do?&x=0.7507&y=0.7613&z=0
2015-05-05 15:25:32.445054 do get, return /do?&x=0.7507&y=0.7555&z=0
2015-05-05 15:25:32.445054 do get, return /do?&x=0.7488&y=0.7536&z=0
2015-05-05 15:25:32.445054 [0.7507, 0.7613, 0.0]
2015-05-05 15:25:32.445054 [0.7507, 0.7555, 0.0]
2015-05-05 15:25:32.460678 [0.7488, 0.7536, 0.0]
2015-05-05 15:25:32.476301 do get, return /do?&x=0.7431&y=0.7498&z=0
2015-05-05 15:25:32.476301 [0.7431, 0.7498, 0.0]
2015-05-05 15:25:32.491930 do get, return /do?&x=0.7411&y=0.7498&z=0
2015-05-05 15:25:32.491930 [0.7411, 0.7498, 0.0]
2015-05-05 15:25:32.507555 do get, return /do?&x=0.7392&y=0.7536&z=0
2015-05-05 15:25:32.507555 do get, return /do?&x=0.7354&y=0.7555&z=0
2015-05-05 15:25:32.507555 [0.7392, 0.7536, 0.0]
2015-05-05 15:25:32.507555 do get, return /do?&x=0.7297&y=0.7593&z=0
2015-05-05 15:25:32.507555 [0.7354, 0.7555, 0.0]
2015-05-05 15:25:32.523175 do get, return /do?&x=0.7220&y=0.7613&z=0
2015-05-05 15:25:32.523175 [0.7297, 0.7593, 0.0]
2015-05-05 15:25:32.523175 [0.722, 0.7613, 0.0]
2015-05-05 15:25:32.523175 do get, return /do?&x=0.7144&y=0.7632&z=0
2015-05-05 15:25:32.538801 do get, return /do?&x=0.7067&y=0.7651&z=0
2015-05-05 15:25:32.538801 [0.7144, 0.7632, 0.0]
2015-05-05 15:25:32.538801 do get, return /do?&x=0.6991&y=0.7651&z=0
2015-05-05 15:25:32.538801 [0.7067, 0.7651, 0.0]
2015-05-05 15:25:32.554429 do get, return /do?&x=0.6895&y=0.7651&z=0
2015-05-05 15:25:32.554429 [0.6991, 0.7651, 0.0]
2015-05-05 15:25:32.554429 [0.6895, 0.7651, 0.0]
2015-05-05 15:25:32.554429 do get, return /do?&x=0.6800&y=0.7632&z=0
2015-05-05 15:25:32.570053 do get, return /do?&x=0.6666&y=0.7593&z=0
2015-05-05 15:25:32.570053 [0.68, 0.7632, 0.0]
2015-05-05 15:25:32.570053 do get, return /do?&x=0.6513&y=0.7536&z=0
2015-05-05 15:25:32.570053 [0.6666, 0.7593, 0.0]
2015-05-05 15:25:32.585680 do get, return /do?&x=0.6379&y=0.7479&z=0
2015-05-05 15:25:32.585680 [0.6513, 0.7536, 0.0]
2015-05-05 15:25:32.585680 [0.6379, 0.7479, 0.0]
2015-05-05 15:25:32.616929 do get, return /do?&x=0.6226&y=0.7422&z=0
2015-05-05 15:25:32.632554 [0.6226, 0.7422, 0.0]
2015-05-05 15:25:32.632554 do get, return /do?&x=0.5749&y=0.7135&z=0
2015-05-05 15:25:32.632554 do get, return /do?&x=0.5653&y=0.7077&z=0
2015-05-05 15:25:32.632554 [0.5749, 0.7135, 0.0]
2015-05-05 15:25:32.632554 [0.5653, 0.7077, 0.0]
2015-05-05 15:25:32.648175 do get, return /do?&x=0.5596&y=0.7039&z=0
2015-05-05 15:25:32.648175 do get, return /do?&x=0.5538&y=0.7020&z=0
2015-05-05 15:25:32.648175 [0.5596, 0.7039, 0.0]
2015-05-05 15:25:32.663802 do get, return /do?&x=0.5519&y=0.6982&z=0
2015-05-05 15:25:32.663802 [0.5538, 0.702, 0.0]
2015-05-05 15:25:32.663802 do get, return /do?&x=0.5500&y=0.6982&z=0
2015-05-05 15:25:32.663802 [0.5519, 0.6982, 0.0]
2015-05-05 15:25:32.679427 [0.55, 0.6982, 0.0]
2015-05-05 15:25:32.710750 do get, return /do?&x=0.5500&y=0.6982&z=2
2015-05-05 15:25:32.710750 [0.55, 0.6982, 2.0]
2015-05-05 15:25:32.976334 do get, return /do?&x=0.5500&y=0.6963&z=2
2015-05-05 15:25:32.976334 [0.55, 0.6963, 2.0]
2015-05-05 15:25:32.991935 do get, return /do?&x=0.5500&y=0.6944&z=2
2015-05-05 15:25:32.991935 do get, return /do?&x=0.5500&y=0.6925&z=2
2015-05-05 15:25:32.991935 [0.55, 0.6944, 2.0]
2015-05-05 15:25:33.007554 do get, return /do?&x=0.5500&y=0.6905&z=2
2015-05-05 15:25:33.007554 [0.55, 0.6925, 2.0]
2015-05-05 15:25:33.007554 do get, return /do?&x=0.5500&y=0.6886&z=2
2015-05-05 15:25:33.023180 do get, return /do?&x=0.5500&y=0.6867&z=2
2015-05-05 15:25:33.023180 [0.55, 0.6905, 2.0]
2015-05-05 15:25:33.023180 do get, return /do?&x=0.5500&y=0.6848&z=2
2015-05-05 15:25:33.038806 do get, return /do?&x=0.5500&y=0.6810&z=2
2015-05-05 15:25:33.054430 do get, return /do?&x=0.5500&y=0.6791&z=2
2015-05-05 15:25:33.054430 [0.55, 0.6886, 2.0]
2015-05-05 15:25:33.054430 [0.55, 0.6867, 2.0]
2015-05-05 15:25:33.085679 do get, return /do?&x=0.5500&y=0.6772&z=2
2015-05-05 15:25:33.085679 [0.55, 0.6848, 2.0]
2015-05-05 15:25:33.101335 [0.55, 0.681, 2.0]
2015-05-05 15:25:33.101335 [0.55, 0.6791, 2.0]
2015-05-05 15:25:33.132566 do get, return /do?&x=0.5500&y=0.6733&z=2
2015-05-05 15:25:33.132566 [0.55, 0.6772, 2.0]
2015-05-05 15:25:33.132566 do get, return /do?&x=0.5500&y=0.6714&z=2
2015-05-05 15:25:33.148181 do get, return /do?&x=0.5500&y=0.6695&z=2
2015-05-05 15:25:33.163803 do get, return /do?&x=0.5500&y=0.6676&z=2
2015-05-05 15:25:33.163803 [0.55, 0.6733, 2.0]
2015-05-05 15:25:33.163803 do get, return /do?&x=0.5500&y=0.6638&z=2
2015-05-05 15:25:33.179443 do get, return /do?&x=0.5500&y=0.6619&z=2
2015-05-05 15:25:33.179443 [0.55, 0.6714, 2.0]
2015-05-05 15:25:33.195068 [0.55, 0.6695, 2.0]
2015-05-05 15:25:33.195068 [0.55, 0.6676, 2.0]
2015-05-05 15:25:33.210685 do get, return /do?&x=0.5500&y=0.6600&z=2
2015-05-05 15:25:33.210685 [0.55, 0.6638, 2.0]
2015-05-05 15:25:33.226310 [0.55, 0.6619, 2.0]
2015-05-05 15:25:33.241929 do get, return /do?&x=0.5500&y=0.6581&z=2
2015-05-05 15:25:33.257561 [0.55, 0.66, 2.0]
2015-05-05 15:25:33.288803 [0.55, 0.6581, 2.0]
2015-05-05 15:25:33.288803 do get, return /figs/square_0_2d_F1s.png
2015-05-05 15:25:33.288803 do get, return /do?&x=0.5500&y=0.6562&z=1
2015-05-05 15:25:33.288803 do get, return /do?&x=0.5500&y=0.6562&z=2
2015-05-05 15:25:33.320052 [0.55, 0.6562, 1.0]
2015-05-05 15:25:33.320052 [0.55, 0.6562, 2.0]
2015-05-05 15:25:33.757556 do get, return /do?&x=0.5500&y=0.6542&z=1
2015-05-05 15:25:33.757556 do get, return /do?&x=0.5500&y=0.6523&z=1
2015-05-05 15:25:33.757556 [0.55, 0.6542, 1.0]
2015-05-05 15:25:33.773184 [0.55, 0.6523, 1.0]
2015-05-05 15:25:33.773184 do get, return /do?&x=0.5500&y=0.6504&z=1
2015-05-05 15:25:33.788805 do get, return /do?&x=0.5500&y=0.6485&z=1
2015-05-05 15:25:33.788805 do get, return /do?&x=0.5500&y=0.6466&z=1
2015-05-05 15:25:33.804431 [0.55, 0.6504, 1.0]
2015-05-05 15:25:33.804431 do get, return /do?&x=0.5500&y=0.6428&z=1
2015-05-05 15:25:33.820084 [0.55, 0.6485, 1.0]
2015-05-05 15:25:33.820084 do get, return /do?&x=0.5500&y=0.6409&z=1
2015-05-05 15:25:33.820084 [0.55, 0.6466, 1.0]
2015-05-05 15:25:33.835683 do get, return /do?&x=0.5500&y=0.6370&z=1
2015-05-05 15:25:33.851312 do get, return /do?&x=0.5481&y=0.6351&z=1
2015-05-05 15:25:33.851312 [0.55, 0.6428, 1.0]
2015-05-05 15:25:33.866939 [0.55, 0.6409, 1.0]
2015-05-05 15:25:33.866939 do get, return /do?&x=0.5481&y=0.6332&z=1
2015-05-05 15:25:33.898182 [0.55, 0.637, 1.0]
2015-05-05 15:25:33.898182 [0.5481, 0.6351, 1.0]
2015-05-05 15:25:33.913816 do get, return /do?&x=0.5462&y=0.6294&z=1
2015-05-05 15:25:33.929431 do get, return /do?&x=0.5443&y=0.6275&z=1
2015-05-05 15:25:33.929431 [0.5481, 0.6332, 1.0]
2015-05-05 15:25:33.945059 do get, return /do?&x=0.5424&y=0.6256&z=1
2015-05-05 15:25:33.960679 [0.5462, 0.6294, 1.0]
2015-05-05 15:25:33.960679 [0.5443, 0.6275, 1.0]
2015-05-05 15:25:33.976305 do get, return /do?&x=0.5347&y=0.6141&z=1
2015-05-05 15:25:33.976305 do get, return /do?&x=0.5424&y=0.6217&z=1
2015-05-05 15:25:33.976305 [0.5424, 0.6256, 1.0]
2015-05-05 15:25:33.976305 do get, return /do?&x=0.5328&y=0.6103&z=1
2015-05-05 15:25:33.991930 do get, return /do?&x=0.5290&y=0.6045&z=1
2015-05-05 15:25:33.991930 [0.5347, 0.6141, 1.0]
2015-05-05 15:25:33.991930 do get, return /do?&x=0.5271&y=0.6026&z=1
2015-05-05 15:25:34.007556 [0.5424, 0.6217, 1.0]
2015-05-05 15:25:34.023186 [0.5328, 0.6103, 1.0]
2015-05-05 15:25:34.023186 do get, return /do?&x=0.5214&y=0.5950&z=1
2015-05-05 15:25:34.023186 [0.529, 0.6045, 1.0]
2015-05-05 15:25:34.038808 do get, return /do?&x=0.5175&y=0.5931&z=1
2015-05-05 15:25:34.054431 [0.5271, 0.6026, 1.0]
2015-05-05 15:25:34.085705 do get, return /do?&x=0.5099&y=0.5873&z=1
2015-05-05 15:25:34.085705 do get, return /do?&x=0.5156&y=0.5893&z=1
2015-05-05 15:25:34.101311 [0.5214, 0.595, 1.0]
2015-05-05 15:25:34.132556 do get, return /do?&x=0.5061&y=0.5835&z=1
2015-05-05 15:25:34.132556 [0.5175, 0.5931, 1.0]
2015-05-05 15:25:34.163804 do get, return /do?&x=0.5003&y=0.5816&z=1
2015-05-05 15:25:34.179454 [0.5099, 0.5873, 1.0]
2015-05-05 15:25:34.195083 [0.5156, 0.5893, 1.0]
2015-05-05 15:25:34.210694 do get, return /do?&x=0.4946&y=0.5778&z=1
2015-05-05 15:25:34.210694 [0.5061, 0.5835, 1.0]
2015-05-05 15:25:34.226308 do get, return /do?&x=0.4851&y=0.5740&z=1
2015-05-05 15:25:34.226308 [0.5003, 0.5816, 1.0]
2015-05-05 15:25:34.241947 do get, return /do?&x=0.4774&y=0.5720&z=1
2015-05-05 15:25:34.257555 do get, return /do?&x=0.4659&y=0.5682&z=1
2015-05-05 15:25:34.257555 [0.4946, 0.5778, 1.0]
2015-05-05 15:25:34.273179 do get, return /do?&x=0.4525&y=0.5644&z=1
2015-05-05 15:25:34.273179 [0.4851, 0.574, 1.0]
2015-05-05 15:25:34.288805 [0.4774, 0.572, 1.0]
2015-05-05 15:25:34.304430 [0.4659, 0.5682, 1.0]
2015-05-05 15:25:34.320059 [0.4525, 0.5644, 1.0]
2015-05-05 15:25:34.320059 do get, return /do?&x=0.4392&y=0.5606&z=1
2015-05-05 15:25:34.320059 do get, return /do?&x=0.3876&y=0.5434&z=1
2015-05-05 15:25:34.335680 do get, return /do?&x=0.3742&y=0.5396&z=1
2015-05-05 15:25:34.351329 do get, return /do?&x=0.3608&y=0.5357&z=1
2015-05-05 15:25:34.351329 do get, return /do?&x=0.3494&y=0.5319&z=1
2015-05-05 15:25:34.366945 do get, return /do?&x=0.3379&y=0.5281&z=1
2015-05-05 15:25:34.366945 [0.4392, 0.5606, 1.0]
2015-05-05 15:25:34.382571 [0.3876, 0.5434, 1.0]
2015-05-05 15:25:34.398196 [0.3742, 0.5396, 1.0]
2015-05-05 15:25:34.398196 [0.3608, 0.5357, 1.0]
2015-05-05 15:25:34.413831 [0.3494, 0.5319, 1.0]
2015-05-05 15:25:34.413831 [0.3379, 0.5281, 1.0]
2015-05-05 15:25:34.429435 do get, return /do?&x=0.3302&y=0.5243&z=1
2015-05-05 15:25:34.445055 do get, return /do?&x=0.3207&y=0.5205&z=1
2015-05-05 15:25:34.445055 do get, return /do?&x=0.3130&y=0.5185&z=1
2015-05-05 15:25:34.460679 do get, return /do?&x=0.3073&y=0.5166&z=1
2015-05-05 15:25:34.460679 do get, return /do?&x=0.3016&y=0.5147&z=1
2015-05-05 15:25:34.460679 do get, return /do?&x=0.2958&y=0.5128&z=1
2015-05-05 15:25:34.476306 [0.3302, 0.5243, 1.0]
2015-05-05 15:25:34.476306 [0.3207, 0.5205, 1.0]
2015-05-05 15:25:34.476306 [0.313, 0.5185, 1.0]
2015-05-05 15:25:34.491948 [0.3073, 0.5166, 1.0]
2015-05-05 15:25:34.491948 [0.3016, 0.5147, 1.0]
2015-05-05 15:25:34.491948 [0.2958, 0.5128, 1.0]
2015-05-05 15:25:34.507583 do get, return /do?&x=0.2901&y=0.5109&z=1
2015-05-05 15:25:34.507583 do get, return /do?&x=0.2882&y=0.5109&z=1
2015-05-05 15:25:34.523182 do get, return /do?&x=0.2844&y=0.5109&z=1
2015-05-05 15:25:34.523182 do get, return /do?&x=0.2825&y=0.5109&z=1
2015-05-05 15:25:34.538805 do get, return /do?&x=0.2805&y=0.5109&z=1
2015-05-05 15:25:34.538805 [0.2901, 0.5109, 1.0]
2015-05-05 15:25:34.554429 [0.2882, 0.5109, 1.0]
2015-05-05 15:25:34.554429 [0.2844, 0.5109, 1.0]
2015-05-05 15:25:34.554429 do get, return /do?&x=0.2786&y=0.5109&z=1
2015-05-05 15:25:34.554429 [0.2825, 0.5109, 1.0]
2015-05-05 15:25:34.570055 [0.2805, 0.5109, 1.0]
2015-05-05 15:25:34.585697 [0.2786, 0.5109, 1.0]
2015-05-05 15:25:34.601304 do get, return /do?&x=0.2767&y=0.5109&z=1
2015-05-05 15:25:34.601304 do get, return /do?&x=0.2729&y=0.5109&z=1
2015-05-05 15:25:34.601304 do get, return /do?&x=0.2710&y=0.5109&z=1
2015-05-05 15:25:34.601304 do get, return /do?&x=0.2691&y=0.5128&z=1
2015-05-05 15:25:34.601304 do get, return /do?&x=0.2519&y=0.5205&z=1
2015-05-05 15:25:34.616947 do get, return /do?&x=0.2500&y=0.5224&z=1
2015-05-05 15:25:34.616947 [0.2767, 0.5109, 1.0]
2015-05-05 15:25:34.616947 [0.2729, 0.5109, 1.0]
2015-05-05 15:25:34.632554 [0.271, 0.5109, 1.0]
2015-05-05 15:25:34.632554 [0.2691, 0.5128, 1.0]
2015-05-05 15:25:34.648205 [0.2519, 0.5205, 1.0]
2015-05-05 15:25:34.648205 [0.25, 0.5224, 1.0]
2015-05-05 15:25:34.663805 do get, return /do?&x=0.2462&y=0.5224&z=1
2015-05-05 15:25:34.663805 do get, return /do?&x=0.2423&y=0.5243&z=1
2015-05-05 15:25:34.679447 do get, return /do?&x=0.2423&y=0.5262&z=1
2015-05-05 15:25:34.679447 do get, return /do?&x=0.2404&y=0.5262&z=1
2015-05-05 15:25:34.679447 do get, return /do?&x=0.2404&y=0.5281&z=1
2015-05-05 15:25:34.695056 [0.2462, 0.5224, 1.0]
2015-05-05 15:25:34.695056 [0.2423, 0.5243, 1.0]
2015-05-05 15:25:34.710702 [0.2423, 0.5262, 1.0]
2015-05-05 15:25:34.710702 [0.2404, 0.5262, 1.0]
2015-05-05 15:25:34.710702 do get, return /do?&x=0.2385&y=0.5281&z=1
2015-05-05 15:25:34.710702 [0.2404, 0.5281, 1.0]
2015-05-05 15:25:34.726305 do get, return /do?&x=0.2366&y=0.5281&z=1
2015-05-05 15:25:34.726305 do get, return /do?&x=0.2347&y=0.5300&z=1
2015-05-05 15:25:34.741933 do get, return /do?&x=0.2328&y=0.5300&z=1
2015-05-05 15:25:34.741933 do get, return /do?&x=0.2328&y=0.5319&z=1
2015-05-05 15:25:34.741933 [0.2385, 0.5281, 1.0]
2015-05-05 15:25:34.757555 do get, return /do?&x=0.2309&y=0.5319&z=1
2015-05-05 15:25:34.757555 [0.2366, 0.5281, 1.0]
2015-05-05 15:25:34.757555 [0.2347, 0.53, 1.0]
2015-05-05 15:25:34.773196 [0.2328, 0.53, 1.0]
2015-05-05 15:25:34.773196 [0.2328, 0.5319, 1.0]
2015-05-05 15:25:34.773196 do get, return /do?&x=0.2289&y=0.5338&z=1
2015-05-05 15:25:34.788827 [0.2309, 0.5319, 1.0]
2015-05-05 15:25:34.788827 do get, return /do?&x=0.2270&y=0.5357&z=1
2015-05-05 15:25:34.788827 do get, return /do?&x=0.2251&y=0.5376&z=1
2015-05-05 15:25:34.804430 do get, return /do?&x=0.2232&y=0.5396&z=1
2015-05-05 15:25:34.804430 do get, return /do?&x=0.2213&y=0.5415&z=1
2015-05-05 15:25:34.804430 [0.2289, 0.5338, 1.0]
2015-05-05 15:25:34.820055 do get, return /do?&x=0.2194&y=0.5434&z=1
2015-05-05 15:25:34.820055 [0.227, 0.5357, 1.0]
2015-05-05 15:25:34.820055 [0.2251, 0.5376, 1.0]
2015-05-05 15:25:34.820055 [0.2232, 0.5396, 1.0]
2015-05-05 15:25:34.835723 [0.2213, 0.5415, 1.0]
2015-05-05 15:25:34.835723 do get, return /do?&x=0.2175&y=0.5453&z=1
2015-05-05 15:25:34.835723 [0.2194, 0.5434, 1.0]
2015-05-05 15:25:34.851305 do get, return /do?&x=0.2156&y=0.5472&z=1
2015-05-05 15:25:34.851305 do get, return /do?&x=0.2156&y=0.5491&z=1
2015-05-05 15:25:34.851305 do get, return /do?&x=0.2156&y=0.5510&z=1
2015-05-05 15:25:34.866932 do get, return /do?&x=0.2137&y=0.5510&z=1
2015-05-05 15:25:34.866932 [0.2175, 0.5453, 1.0]
2015-05-05 15:25:34.866932 do get, return /do?&x=0.2137&y=0.5529&z=1
2015-05-05 15:25:34.866932 [0.2156, 0.5472, 1.0]
2015-05-05 15:25:34.882559 [0.2156, 0.5491, 1.0]
2015-05-05 15:25:34.882559 [0.2156, 0.551, 1.0]
2015-05-05 15:25:34.882559 [0.2137, 0.551, 1.0]
2015-05-05 15:25:34.898206 [0.2137, 0.5529, 1.0]
2015-05-05 15:25:34.898206 do get, return /do?&x=0.2137&y=0.5549&z=1
2015-05-05 15:25:34.898206 do get, return /do?&x=0.2118&y=0.5549&z=1
2015-05-05 15:25:34.913806 do get, return /do?&x=0.2118&y=0.5587&z=1
2015-05-05 15:25:34.913806 do get, return /do?&x=0.2098&y=0.5587&z=1
2015-05-05 15:25:34.929431 do get, return /do?&x=0.2098&y=0.5606&z=1
2015-05-05 15:25:34.929431 [0.2137, 0.5549, 1.0]
2015-05-05 15:25:34.929431 [0.2118, 0.5549, 1.0]
2015-05-05 15:25:34.929431 [0.2118, 0.5587, 1.0]
2015-05-05 15:25:34.945054 [0.2098, 0.5587, 1.0]
2015-05-05 15:25:34.945054 [0.2098, 0.5606, 1.0]
2015-05-05 15:25:35.007601 do get, return /do?&x=0.2098&y=0.5625&z=1
2015-05-05 15:25:35.007601 [0.2098, 0.5625, 1.0]
2015-05-05 15:25:35.085754 do get, return /do?&x=0.2098&y=0.5644&z=1
2015-05-05 15:25:35.085754 [0.2098, 0.5644, 1.0]
2015-05-05 15:25:35.117004 do get, return /do?&x=0.2098&y=0.5663&z=1
2015-05-05 15:25:35.117004 [0.2098, 0.5663, 1.0]
2015-05-05 15:25:35.148254 do get, return /do?&x=0.2098&y=0.5682&z=1
2015-05-05 15:25:35.163827 [0.2098, 0.5682, 1.0]
2015-05-05 15:25:35.210755 do get, return /do?&x=0.2098&y=0.5702&z=1
2015-05-05 15:25:35.226340 [0.2098, 0.5702, 1.0]
2015-05-05 15:25:35.257630 do get, return /do?&x=0.2098&y=0.5720&z=1
2015-05-05 15:25:35.257630 [0.2098, 0.572, 1.0]
2015-05-05 15:25:35.288824 do get, return /do?&x=0.2098&y=0.5740&z=1
2015-05-05 15:25:35.304433 do get, return /do?&x=0.2098&y=0.5759&z=1
2015-05-05 15:25:35.304433 [0.2098, 0.574, 1.0]
2015-05-05 15:25:35.320072 do get, return /do?&x=0.2098&y=0.5778&z=1
2015-05-05 15:25:35.320072 [0.2098, 0.5759, 1.0]
2015-05-05 15:25:35.335697 [0.2098, 0.5778, 1.0]
2015-05-05 15:25:35.742005 do get, return /do?&x=0.2098&y=0.5797&z=1
2015-05-05 15:25:35.757560 do get, return /do?&x=0.2098&y=0.5816&z=1
2015-05-05 15:25:35.757560 [0.2098, 0.5797, 1.0]
2015-05-05 15:25:35.773218 [0.2098, 0.5816, 1.0]
2015-05-05 15:25:35.788821 do get, return /do?&x=0.2098&y=0.5835&z=1
2015-05-05 15:25:35.804456 [0.2098, 0.5835, 1.0]
2015-05-05 15:25:35.820061 do get, return /do?&x=0.2098&y=0.5854&z=1
2015-05-05 15:25:35.835692 [0.2098, 0.5854, 1.0]
2015-05-05 15:25:50.007664 do get, return /do?&x=0.2137&y=0.5797&z=1
2015-05-05 15:25:50.023218 do get, return /do?&x=0.2156&y=0.5797&z=1
2015-05-05 15:25:50.023218 [0.2137, 0.5797, 1.0]
2015-05-05 15:25:50.038844 do get, return /do?&x=0.2175&y=0.5797&z=1
2015-05-05 15:25:50.054469 [0.2156, 0.5797, 1.0]
2015-05-05 15:25:50.054469 do get, return /do?&x=0.2194&y=0.5797&z=1
2015-05-05 15:25:50.054469 do get, return /do?&x=0.2213&y=0.5797&z=1
2015-05-05 15:25:50.070095 do get, return /do?&x=0.2232&y=0.5797&z=1
2015-05-05 15:25:50.085720 do get, return /do?&x=0.2251&y=0.5797&z=1
2015-05-05 15:25:50.085720 [0.2175, 0.5797, 1.0]
2015-05-05 15:25:50.116970 do get, return /do?&x=0.2270&y=0.5797&z=1
2015-05-05 15:25:50.116970 [0.2194, 0.5797, 1.0]
2015-05-05 15:25:50.132626 [0.2213, 0.5797, 1.0]
2015-05-05 15:25:50.148224 [0.2232, 0.5797, 1.0]
2015-05-05 15:25:50.163866 [0.2251, 0.5797, 1.0]
2015-05-05 15:25:50.179483 do get, return /do?&x=0.2309&y=0.5797&z=1
2015-05-05 15:25:50.179483 [0.227, 0.5797, 1.0]
2015-05-05 15:25:50.195091 do get, return /do?&x=0.2328&y=0.5797&z=1
2015-05-05 15:25:50.195091 do get, return /do?&x=0.2347&y=0.5797&z=1
2015-05-05 15:25:50.210733 do get, return /do?&x=0.2385&y=0.5797&z=1
2015-05-05 15:25:50.226359 do get, return /do?&x=0.2404&y=0.5797&z=1
2015-05-05 15:25:50.226359 [0.2309, 0.5797, 1.0]
2015-05-05 15:25:50.241984 do get, return /do?&x=0.2423&y=0.5797&z=1
2015-05-05 15:25:50.241984 [0.2328, 0.5797, 1.0]
2015-05-05 15:25:50.257619 [0.2347, 0.5797, 1.0]
2015-05-05 15:25:50.257619 [0.2385, 0.5797, 1.0]
2015-05-05 15:25:50.273235 [0.2404, 0.5797, 1.0]
2015-05-05 15:25:50.288859 do get, return /do?&x=0.2442&y=0.5797&z=1
2015-05-05 15:25:50.288859 [0.2423, 0.5797, 1.0]
2015-05-05 15:25:50.304485 do get, return /do?&x=0.2462&y=0.5797&z=1
2015-05-05 15:25:50.304485 do get, return /do?&x=0.2500&y=0.5797&z=1
2015-05-05 15:25:50.304485 do get, return /do?&x=0.2519&y=0.5797&z=1
2015-05-05 15:25:50.320110 do get, return /do?&x=0.2538&y=0.5797&z=1
2015-05-05 15:25:50.320110 [0.2442, 0.5797, 1.0]
2015-05-05 15:25:50.335758 do get, return /do?&x=0.2557&y=0.5797&z=1
2015-05-05 15:25:50.335758 [0.2462, 0.5797, 1.0]
2015-05-05 15:25:50.335758 [0.25, 0.5797, 1.0]
2015-05-05 15:25:50.351346 [0.2519, 0.5797, 1.0]
2015-05-05 15:25:50.351346 [0.2538, 0.5797, 1.0]
2015-05-05 15:25:50.366967 do get, return /do?&x=0.2595&y=0.5797&z=1
2015-05-05 15:25:50.366967 [0.2557, 0.5797, 1.0]
2015-05-05 15:25:50.382592 do get, return /do?&x=0.2615&y=0.5797&z=1
2015-05-05 15:25:50.398218 do get, return /do?&x=0.2634&y=0.5797&z=1
2015-05-05 15:25:50.398218 do get, return /do?&x=0.2672&y=0.5797&z=1
2015-05-05 15:25:50.413841 do get, return /do?&x=0.2691&y=0.5797&z=1
2015-05-05 15:25:50.413841 [0.2595, 0.5797, 1.0]
2015-05-05 15:25:50.429468 do get, return /do?&x=0.2710&y=0.5797&z=1
2015-05-05 15:25:50.429468 [0.2615, 0.5797, 1.0]
2015-05-05 15:25:50.429468 [0.2634, 0.5797, 1.0]
2015-05-05 15:25:50.445094 [0.2672, 0.5797, 1.0]
2015-05-05 15:25:50.445094 [0.2691, 0.5797, 1.0]
2015-05-05 15:25:50.460716 do get, return /do?&x=0.2729&y=0.5778&z=1
2015-05-05 15:25:50.460716 [0.271, 0.5797, 1.0]
2015-05-05 15:25:50.476358 do get, return /do?&x=0.2767&y=0.5778&z=1
2015-05-05 15:25:50.476358 do get, return /do?&x=0.2786&y=0.5778&z=1
2015-05-05 15:25:50.491982 do get, return /do?&x=0.2825&y=0.5759&z=1
2015-05-05 15:25:50.491982 do get, return /do?&x=0.2863&y=0.5759&z=1
2015-05-05 15:25:50.491982 [0.2729, 0.5778, 1.0]
2015-05-05 15:25:50.507609 do get, return /do?&x=0.2882&y=0.5759&z=1
2015-05-05 15:25:50.507609 [0.2767, 0.5778, 1.0]
2015-05-05 15:25:50.523233 [0.2786, 0.5778, 1.0]
2015-05-05 15:25:50.523233 [0.2825, 0.5759, 1.0]
2015-05-05 15:25:50.523233 [0.2863, 0.5759, 1.0]
2015-05-05 15:25:50.538869 [0.2882, 0.5759, 1.0]
2015-05-05 15:25:50.538869 do get, return /do?&x=0.2901&y=0.5759&z=1
2015-05-05 15:25:50.538869 do get, return /do?&x=0.2920&y=0.5759&z=1
2015-05-05 15:25:50.538869 do get, return /do?&x=0.2939&y=0.5759&z=1
2015-05-05 15:25:50.554467 do get, return /do?&x=0.2958&y=0.5759&z=1
2015-05-05 15:25:50.554467 do get, return /do?&x=0.2978&y=0.5759&z=1
2015-05-05 15:25:50.554467 [0.2901, 0.5759, 1.0]
2015-05-05 15:25:50.554467 do get, return /do?&x=0.2997&y=0.5759&z=1
2015-05-05 15:25:50.554467 [0.292, 0.5759, 1.0]
2015-05-05 15:25:50.570110 [0.2939, 0.5759, 1.0]
2015-05-05 15:25:50.570110 [0.2958, 0.5759, 1.0]
2015-05-05 15:25:50.570110 [0.2978, 0.5759, 1.0]
2015-05-05 15:25:50.570110 [0.2997, 0.5759, 1.0]
2015-05-05 15:25:50.570110 do get, return /do?&x=0.3016&y=0.5759&z=1
2015-05-05 15:25:50.585734 do get, return /do?&x=0.3035&y=0.5759&z=1
2015-05-05 15:25:50.585734 do get, return /do?&x=0.3054&y=0.5759&z=1
2015-05-05 15:25:50.585734 do get, return /do?&x=0.3092&y=0.5759&z=1
2015-05-05 15:25:50.601344 do get, return /do?&x=0.3111&y=0.5759&z=1
2015-05-05 15:25:50.601344 [0.3016, 0.5759, 1.0]
2015-05-05 15:25:50.601344 do get, return /do?&x=0.3130&y=0.5759&z=1
2015-05-05 15:25:50.601344 [0.3035, 0.5759, 1.0]
2015-05-05 15:25:50.601344 [0.3054, 0.5759, 1.0]
2015-05-05 15:25:50.601344 [0.3092, 0.5759, 1.0]
2015-05-05 15:25:50.616967 [0.3111, 0.5759, 1.0]
2015-05-05 15:25:50.616967 [0.313, 0.5759, 1.0]
2015-05-05 15:25:50.616967 do get, return /do?&x=0.3149&y=0.5759&z=1
2015-05-05 15:25:50.632598 do get, return /do?&x=0.3149&y=0.5778&z=1
2015-05-05 15:25:50.632598 do get, return /do?&x=0.3169&y=0.5778&z=1
2015-05-05 15:25:50.632598 do get, return /do?&x=0.3188&y=0.5778&z=1
2015-05-05 15:25:50.648219 do get, return /do?&x=0.3207&y=0.5778&z=1
2015-05-05 15:25:50.648219 do get, return /do?&x=0.3226&y=0.5797&z=1
2015-05-05 15:25:50.648219 [0.3149, 0.5759, 1.0]
2015-05-05 15:25:50.663864 [0.3149, 0.5778, 1.0]
2015-05-05 15:25:50.663864 [0.3169, 0.5778, 1.0]
2015-05-05 15:25:50.663864 [0.3188, 0.5778, 1.0]
2015-05-05 15:25:50.663864 [0.3207, 0.5778, 1.0]
2015-05-05 15:25:50.663864 [0.3226, 0.5797, 1.0]
2015-05-05 15:25:50.679467 do get, return /do?&x=0.3245&y=0.5797&z=1
2015-05-05 15:25:50.679467 do get, return /do?&x=0.3264&y=0.5797&z=1
2015-05-05 15:25:50.695100 [0.3245, 0.5797, 1.0]
2015-05-05 15:25:50.695100 [0.3264, 0.5797, 1.0]
2015-05-05 15:25:51.023220 do get, return /do?&x=0.3283&y=0.5797&z=1
2015-05-05 15:25:51.038848 [0.3283, 0.5797, 1.0]
2015-05-05 15:25:51.054472 do get, return /do?&x=0.3302&y=0.5797&z=1
2015-05-05 15:25:51.070111 [0.3302, 0.5797, 1.0]
2015-05-05 15:25:51.070111 do get, return /do?&x=0.3302&y=0.5778&z=1
2015-05-05 15:25:51.085722 do get, return /do?&x=0.3302&y=0.5759&z=1
2015-05-05 15:25:51.085722 [0.3302, 0.5778, 1.0]
2015-05-05 15:25:51.101347 [0.3302, 0.5759, 1.0]
2015-05-05 15:26:01.710752 do get, return /do?&x=0.3283&y=0.5759&z=1
2015-05-05 15:26:01.710752 do get, return /do?&x=0.3264&y=0.5740&z=1
2015-05-05 15:26:01.710752 [0.3283, 0.5759, 1.0]
2015-05-05 15:26:01.726402 do get, return /do?&x=0.3245&y=0.5740&z=1
2015-05-05 15:26:01.726402 [0.3264, 0.574, 1.0]
2015-05-05 15:26:01.742025 do get, return /do?&x=0.3245&y=0.5720&z=1
2015-05-05 15:26:01.757622 do get, return /do?&x=0.3226&y=0.5720&z=1
2015-05-05 15:26:01.757622 [0.3245, 0.574, 1.0]
2015-05-05 15:26:01.773245 [0.3245, 0.572, 1.0]
2015-05-05 15:26:01.788903 [0.3226, 0.572, 1.0]
2015-05-05 15:26:02.335818 do get, return /do?&x=0.3264&y=0.5720&z=1
2015-05-05 15:26:02.351406 [0.3264, 0.572, 1.0]
2015-05-05 15:26:03.117070 do get, return /do?&x=0.3283&y=0.5720&z=1
2015-05-05 15:26:03.132657 [0.3283, 0.572, 1.0]
2015-05-05 15:26:17.023300 do get, return /do?&x=0.3322&y=0.5759&z=1
2015-05-05 15:26:17.023300 do get, return /do?&x=0.3398&y=0.5797&z=1
2015-05-05 15:26:17.038907 do get, return /do?&x=0.3455&y=0.5854&z=1
2015-05-05 15:26:17.038907 [0.3322, 0.5759, 1.0]
2015-05-05 15:26:17.054531 do get, return /do?&x=0.3532&y=0.5912&z=1
2015-05-05 15:26:17.054531 [0.3398, 0.5797, 1.0]
2015-05-05 15:26:17.054531 do get, return /do?&x=0.3570&y=0.5950&z=1
2015-05-05 15:26:17.054531 do get, return /do?&x=0.3608&y=0.5969&z=1
2015-05-05 15:26:17.070710 [0.3455, 0.5854, 1.0]
2015-05-05 15:26:17.085794 [0.3532, 0.5912, 1.0]
2015-05-05 15:26:17.101407 do get, return /do?&x=0.3665&y=0.6007&z=1
2015-05-05 15:26:17.117039 do get, return /do?&x=0.3742&y=0.6084&z=1
2015-05-05 15:26:17.117039 [0.357, 0.595, 1.0]
2015-05-05 15:26:17.132695 [0.3608, 0.5969, 1.0]
2015-05-05 15:26:17.148290 do get, return /do?&x=0.3780&y=0.6103&z=1
2015-05-05 15:26:17.163906 do get, return /do?&x=0.3799&y=0.6122&z=1
2015-05-05 15:26:17.163906 [0.3665, 0.6007, 1.0]
2015-05-05 15:26:17.179559 [0.3742, 0.6084, 1.0]
2015-05-05 15:26:17.195158 do get, return /do?&x=0.3818&y=0.6141&z=1
2015-05-05 15:26:17.210808 do get, return /do?&x=0.3857&y=0.6141&z=1
2015-05-05 15:26:17.226407 [0.378, 0.6103, 1.0]
2015-05-05 15:26:17.226407 [0.3799, 0.6122, 1.0]
2015-05-05 15:26:17.257658 do get, return /do?&x=0.3876&y=0.6160&z=1
2015-05-05 15:26:17.273308 do get, return /do?&x=0.3895&y=0.6160&z=1
2015-05-05 15:26:17.273308 [0.3818, 0.6141, 1.0]
2015-05-05 15:26:17.288925 [0.3857, 0.6141, 1.0]
2015-05-05 15:26:17.320164 do get, return /do?&x=0.3933&y=0.6179&z=1
2015-05-05 15:26:17.335782 do get, return /do?&x=0.3952&y=0.6198&z=1
2015-05-05 15:26:17.335782 [0.3876, 0.616, 1.0]
2015-05-05 15:26:17.351437 [0.3895, 0.616, 1.0]
2015-05-05 15:26:17.367063 do get, return /do?&x=0.3971&y=0.6198&z=1
2015-05-05 15:26:17.382659 do get, return /do?&x=0.4009&y=0.6217&z=1
2015-05-05 15:26:17.382659 [0.3933, 0.6179, 1.0]
2015-05-05 15:26:17.382659 [0.3952, 0.6198, 1.0]
2015-05-05 15:26:17.398284 do get, return /do?&x=0.4029&y=0.6236&z=1
2015-05-05 15:26:17.398284 do get, return /do?&x=0.4067&y=0.6236&z=1
2015-05-05 15:26:17.398284 [0.3971, 0.6198, 1.0]
2015-05-05 15:26:17.413915 [0.4009, 0.6217, 1.0]
2015-05-05 15:26:17.413915 do get, return /do?&x=0.4086&y=0.6256&z=1
2015-05-05 15:26:17.429530 do get, return /do?&x=0.4105&y=0.6275&z=1
2015-05-05 15:26:17.429530 [0.4029, 0.6236, 1.0]
2015-05-05 15:26:17.429530 [0.4067, 0.6236, 1.0]
2015-05-05 15:26:17.445155 do get, return /do?&x=0.4124&y=0.6275&z=1
2015-05-05 15:26:17.445155 do get, return /do?&x=0.4124&y=0.6294&z=1
2015-05-05 15:26:17.445155 [0.4086, 0.6256, 1.0]
2015-05-05 15:26:17.445155 [0.4105, 0.6275, 1.0]
2015-05-05 15:26:17.460797 do get, return /do?&x=0.4143&y=0.6294&z=1
2015-05-05 15:26:17.460797 do get, return /do?&x=0.4162&y=0.6294&z=1
2015-05-05 15:26:17.460797 [0.4124, 0.6275, 1.0]
2015-05-05 15:26:17.476421 [0.4124, 0.6294, 1.0]
2015-05-05 15:26:17.476421 do get, return /do?&x=0.4182&y=0.6313&z=1
2015-05-05 15:26:17.476421 do get, return /do?&x=0.4220&y=0.6313&z=1
2015-05-05 15:26:17.492033 [0.4143, 0.6294, 1.0]
2015-05-05 15:26:17.492033 [0.4162, 0.6294, 1.0]
2015-05-05 15:26:17.492033 do get, return /do?&x=0.4239&y=0.6313&z=1
2015-05-05 15:26:17.507673 do get, return /do?&x=0.4239&y=0.6332&z=1
2015-05-05 15:26:17.507673 [0.4182, 0.6313, 1.0]
2015-05-05 15:26:17.507673 [0.422, 0.6313, 1.0]
2015-05-05 15:26:17.523304 do get, return /do?&x=0.4258&y=0.6332&z=1
2015-05-05 15:26:17.523304 do get, return /do?&x=0.4277&y=0.6332&z=1
2015-05-05 15:26:17.538924 [0.4239, 0.6313, 1.0]
2015-05-05 15:26:17.538924 [0.4239, 0.6332, 1.0]
2015-05-05 15:26:17.554544 do get, return /do?&x=0.4296&y=0.6332&z=1
2015-05-05 15:26:17.554544 do get, return /do?&x=0.4296&y=0.6351&z=1
2015-05-05 15:26:17.554544 [0.4258, 0.6332, 1.0]
2015-05-05 15:26:17.570173 [0.4277, 0.6332, 1.0]
2015-05-05 15:26:17.570173 do get, return /do?&x=0.4315&y=0.6351&z=1
2015-05-05 15:26:17.585804 do get, return /do?&x=0.4335&y=0.6351&z=1
2015-05-05 15:26:17.585804 [0.4296, 0.6332, 1.0]
2015-05-05 15:26:17.601423 [0.4296, 0.6351, 1.0]
2015-05-05 15:26:17.601423 do get, return /do?&x=0.4354&y=0.6351&z=1
2015-05-05 15:26:17.601423 do get, return /do?&x=0.4373&y=0.6351&z=1
2015-05-05 15:26:17.617050 [0.4315, 0.6351, 1.0]
2015-05-05 15:26:17.617050 [0.4335, 0.6351, 1.0]
2015-05-05 15:26:17.617050 do get, return /do?&x=0.4392&y=0.6351&z=1
2015-05-05 15:26:17.632659 do get, return /do?&x=0.4392&y=0.6370&z=1
2015-05-05 15:26:17.632659 [0.4354, 0.6351, 1.0]
2015-05-05 15:26:17.632659 [0.4373, 0.6351, 1.0]
2015-05-05 15:26:17.648281 do get, return /do?&x=0.4411&y=0.6370&z=1
2015-05-05 15:26:17.648281 do get, return /do?&x=0.4430&y=0.6370&z=1
2015-05-05 15:26:17.648281 [0.4392, 0.6351, 1.0]
2015-05-05 15:26:17.648281 [0.4392, 0.637, 1.0]
2015-05-05 15:26:17.663930 do get, return /do?&x=0.4449&y=0.6370&z=1
2015-05-05 15:26:17.663930 do get, return /do?&x=0.4468&y=0.6370&z=1
2015-05-05 15:26:17.663930 [0.4411, 0.637, 1.0]
2015-05-05 15:26:17.679553 [0.443, 0.637, 1.0]
2015-05-05 15:26:17.679553 do get, return /do?&x=0.4487&y=0.6370&z=1
2015-05-05 15:26:17.695156 do get, return /do?&x=0.4506&y=0.6351&z=1
2015-05-05 15:26:17.695156 [0.4449, 0.637, 1.0]
2015-05-05 15:26:17.710803 [0.4468, 0.637, 1.0]
2015-05-05 15:26:17.710803 do get, return /do?&x=0.4525&y=0.6351&z=1
2015-05-05 15:26:17.726409 do get, return /do?&x=0.4545&y=0.6351&z=1
2015-05-05 15:26:17.726409 [0.4487, 0.637, 1.0]
2015-05-05 15:26:17.742056 [0.4506, 0.6351, 1.0]
2015-05-05 15:26:17.742056 do get, return /do?&x=0.4545&y=0.6332&z=1
2015-05-05 15:26:17.757657 do get, return /do?&x=0.4525&y=0.6332&z=1
2015-05-05 15:26:17.757657 [0.4525, 0.6351, 1.0]
2015-05-05 15:26:17.773284 [0.4545, 0.6351, 1.0]
2015-05-05 15:26:17.788908 [0.4545, 0.6332, 1.0]
2015-05-05 15:26:17.804532 [0.4525, 0.6332, 1.0]
2015-05-05 15:26:17.898354 do get, return /do?&x=0.4506&y=0.6332&z=1
2015-05-05 15:26:17.913908 [0.4506, 0.6332, 1.0]
2015-05-05 15:26:18.304605 do get, return /do?&x=0.4506&y=0.6370&z=1
2015-05-05 15:26:18.320159 [0.4506, 0.637, 1.0]
2015-05-05 15:26:18.320159 do get, return /do?&x=0.4487&y=0.6389&z=1
2015-05-05 15:26:18.320159 [0.4487, 0.6389, 1.0]
2015-05-05 15:26:18.335799 do get, return /do?&x=0.4487&y=0.6409&z=1
2015-05-05 15:26:18.335799 [0.4487, 0.6409, 1.0]
2015-05-05 15:26:18.367035 do get, return /do?&x=0.4468&y=0.6409&z=1
2015-05-05 15:26:18.367035 [0.4468, 0.6409, 1.0]
2015-05-05 15:26:18.382665 do get, return /do?&x=0.4468&y=0.6428&z=1
2015-05-05 15:26:18.398293 [0.4468, 0.6428, 1.0]
2015-05-05 15:26:19.773288 do get, return /do?&x=0.4468&y=0.6447&z=1
2015-05-05 15:26:19.773288 do get, return /do?&x=0.4468&y=0.6466&z=1
2015-05-05 15:26:19.773288 [0.4468, 0.6447, 1.0]
2015-05-05 15:26:19.788947 [0.4468, 0.6466, 1.0]
2015-05-05 15:26:19.804537 do get, return /do?&x=0.4468&y=0.6485&z=1
2015-05-05 15:26:19.820167 do get, return /do?&x=0.4468&y=0.6504&z=1
2015-05-05 15:26:19.835790 [0.4468, 0.6485, 1.0]
2015-05-05 15:26:19.867072 [0.4468, 0.6504, 1.0]
2015-05-05 15:26:39.304654 do get, return /do?&x=0.4487&y=0.6485&z=1
2015-05-05 15:26:39.320210 do get, return /do?&x=0.4487&y=0.6504&z=1
2015-05-05 15:26:39.320210 do get, return /do?&x=0.4506&y=0.6504&z=1
2015-05-05 15:26:39.351460 [0.4487, 0.6485, 1.0]
2015-05-05 15:26:39.351460 do get, return /do?&x=0.4525&y=0.6504&z=1
2015-05-05 15:26:39.351460 do get, return /do?&x=0.4564&y=0.6504&z=1
2015-05-05 15:26:39.367091 do get, return /do?&x=0.4640&y=0.6466&z=1
2015-05-05 15:26:39.382718 [0.4487, 0.6504, 1.0]
2015-05-05 15:26:39.413982 [0.4506, 0.6504, 1.0]
2015-05-05 15:26:39.460839 do get, return /do?&x=0.4736&y=0.6389&z=1
2015-05-05 15:26:39.507707 [0.4525, 0.6504, 1.0]
2015-05-05 15:26:39.538962 [0.4564, 0.6504, 1.0]
2015-05-05 15:26:39.585859 [0.464, 0.6466, 1.0]
2015-05-05 15:26:39.632710 do get, return /do?&x=0.4870&y=0.6294&z=1
2015-05-05 15:26:39.663987 do get, return /do?&x=0.5022&y=0.6198&z=1
2015-05-05 15:26:39.695238 [0.4736, 0.6389, 1.0]
2015-05-05 15:26:39.820234 [0.487, 0.6294, 1.0]
2015-05-05 15:26:39.835836 [0.5022, 0.6198, 1.0]
2015-05-05 15:26:39.851459 do get, return /do?&x=0.5156&y=0.6103&z=1
2015-05-05 15:26:39.851459 do get, return /do?&x=0.5921&y=0.5644&z=1
2015-05-05 15:26:39.851459 do get, return /do?&x=0.6303&y=0.5510&z=1
2015-05-05 15:26:39.851459 do get, return /do?&x=0.6418&y=0.5491&z=1
2015-05-05 15:26:39.867083 do get, return /do?&x=0.6513&y=0.5491&z=1
2015-05-05 15:26:39.867083 do get, return /do?&x=0.6590&y=0.5491&z=1
2015-05-05 15:26:39.867083 [0.5156, 0.6103, 1.0]
2015-05-05 15:26:39.882712 [0.5921, 0.5644, 1.0]
2015-05-05 15:26:39.882712 [0.6303, 0.551, 1.0]
2015-05-05 15:26:39.898364 [0.6418, 0.5491, 1.0]
2015-05-05 15:26:39.898364 [0.6513, 0.5491, 1.0]
2015-05-05 15:26:39.913964 [0.659, 0.5491, 1.0]
2015-05-05 15:26:39.929609 do get, return /do?&x=0.6647&y=0.5491&z=1
2015-05-05 15:26:39.945207 do get, return /do?&x=0.6704&y=0.5491&z=1
2015-05-05 15:26:39.945207 do get, return /do?&x=0.6762&y=0.5529&z=1
2015-05-05 15:26:39.960832 do get, return /do?&x=0.6781&y=0.5529&z=1
2015-05-05 15:26:39.960832 do get, return /do?&x=0.6800&y=0.5549&z=1
2015-05-05 15:26:39.976482 do get, return /do?&x=0.6838&y=0.5568&z=1
2015-05-05 15:26:39.976482 [0.6647, 0.5491, 1.0]
2015-05-05 15:26:39.992087 [0.6704, 0.5491, 1.0]
2015-05-05 15:26:40.007712 [0.6762, 0.5529, 1.0]
2015-05-05 15:26:40.007712 [0.6781, 0.5529, 1.0]
2015-05-05 15:26:40.023363 [0.68, 0.5549, 1.0]
2015-05-05 15:26:40.023363 [0.6838, 0.5568, 1.0]
2015-05-05 15:26:40.038959 do get, return /do?&x=0.6857&y=0.5568&z=1
2015-05-05 15:26:40.054611 do get, return /do?&x=0.6857&y=0.5587&z=1
2015-05-05 15:26:40.070209 do get, return /do?&x=0.6876&y=0.5587&z=1
2015-05-05 15:26:40.070209 do get, return /do?&x=0.6895&y=0.5587&z=1
2015-05-05 15:26:40.085834 do get, return /do?&x=0.6915&y=0.5606&z=1
2015-05-05 15:26:40.101458 do get, return /do?&x=0.6934&y=0.5625&z=1
2015-05-05 15:26:40.101458 [0.6857, 0.5568, 1.0]
2015-05-05 15:26:40.117100 [0.6857, 0.5587, 1.0]
2015-05-05 15:26:40.132736 [0.6876, 0.5587, 1.0]
2015-05-05 15:26:40.132736 [0.6895, 0.5587, 1.0]
2015-05-05 15:26:40.148334 [0.6915, 0.5606, 1.0]
2015-05-05 15:26:40.163986 [0.6934, 0.5625, 1.0]
2015-05-05 15:26:40.179584 do get, return /do?&x=0.6953&y=0.5625&z=1
2015-05-05 15:26:40.195214 do get, return /do?&x=0.6972&y=0.5625&z=1
2015-05-05 15:26:40.210834 do get, return /do?&x=0.6972&y=0.5644&z=1
2015-05-05 15:26:40.210834 do get, return /do?&x=0.6991&y=0.5644&z=1
2015-05-05 15:26:40.242089 [0.6953, 0.5625, 1.0]
2015-05-05 15:26:40.257716 do get, return /do?&x=0.7010&y=0.5644&z=1
2015-05-05 15:26:40.257716 do get, return /do?&x=0.7010&y=0.5663&z=1
2015-05-05 15:26:40.257716 [0.6972, 0.5625, 1.0]
2015-05-05 15:26:40.273336 [0.6972, 0.5644, 1.0]
2015-05-05 15:26:40.288986 [0.6991, 0.5644, 1.0]
2015-05-05 15:26:40.304584 do get, return /do?&x=0.7010&y=0.5682&z=1
2015-05-05 15:26:40.320226 [0.701, 0.5644, 1.0]
2015-05-05 15:26:40.320226 [0.701, 0.5663, 1.0]
2015-05-05 15:26:40.351459 do get, return /do?&x=0.7010&y=0.5702&z=1
2015-05-05 15:26:40.351459 do get, return /do?&x=0.7010&y=0.5720&z=1
2015-05-05 15:26:40.367100 do get, return /do?&x=0.7010&y=0.5740&z=1
2015-05-05 15:26:40.382715 [0.701, 0.5682, 1.0]
2015-05-05 15:26:40.398339 do get, return /do?&x=0.6991&y=0.5759&z=1
2015-05-05 15:26:40.413985 do get, return /do?&x=0.6953&y=0.5759&z=1
2015-05-05 15:26:40.429611 [0.701, 0.5702, 1.0]
2015-05-05 15:26:40.445235 [0.701, 0.572, 1.0]
2015-05-05 15:26:40.460838 [0.701, 0.574, 1.0]
2015-05-05 15:26:40.476463 do get, return /do?&x=0.6934&y=0.5778&z=1
2015-05-05 15:26:40.476463 [0.6991, 0.5759, 1.0]
2015-05-05 15:26:40.492084 [0.6953, 0.5759, 1.0]
2015-05-05 15:26:40.492084 do get, return /do?&x=0.6895&y=0.5797&z=1
2015-05-05 15:26:40.507734 do get, return /do?&x=0.6762&y=0.5816&z=1
2015-05-05 15:26:40.507734 do get, return /do?&x=0.6742&y=0.5816&z=1
2015-05-05 15:26:40.523354 [0.6934, 0.5778, 1.0]
2015-05-05 15:26:40.523354 do get, return /do?&x=0.6723&y=0.5816&z=1
2015-05-05 15:26:40.538959 do get, return /do?&x=0.6704&y=0.5816&z=1
2015-05-05 15:26:40.538959 [0.6895, 0.5797, 1.0]
2015-05-05 15:26:40.538959 [0.6762, 0.5816, 1.0]
2015-05-05 15:26:40.554606 [0.6742, 0.5816, 1.0]
2015-05-05 15:26:40.554606 do get, return /do?&x=0.6685&y=0.5816&z=1
2015-05-05 15:26:40.570228 [0.6723, 0.5816, 1.0]
2015-05-05 15:26:40.570228 [0.6704, 0.5816, 1.0]
2015-05-05 15:26:40.585861 do get, return /do?&x=0.6666&y=0.5816&z=1
2015-05-05 15:26:40.601460 [0.6685, 0.5816, 1.0]
2015-05-05 15:26:40.617083 [0.6666, 0.5816, 1.0]
2015-05-05 15:26:40.882751 do get, return /do?&x=0.6800&y=0.5816&z=1
2015-05-05 15:26:40.898369 do get, return /do?&x=0.6819&y=0.5816&z=1
2015-05-05 15:26:40.898369 [0.68, 0.5816, 1.0]
2015-05-05 15:26:40.898369 do get, return /do?&x=0.6857&y=0.5816&z=1
2015-05-05 15:26:40.913993 do get, return /do?&x=0.6895&y=0.5835&z=1
2015-05-05 15:26:40.913993 [0.6819, 0.5816, 1.0]
2015-05-05 15:26:40.913993 do get, return /do?&x=0.6934&y=0.5835&z=1
2015-05-05 15:26:40.929618 do get, return /do?&x=0.6972&y=0.5835&z=1
2015-05-05 15:26:40.945214 do get, return /do?&x=0.6991&y=0.5835&z=1
2015-05-05 15:26:40.960839 [0.6857, 0.5816, 1.0]
2015-05-05 15:26:40.976463 [0.6895, 0.5835, 1.0]
2015-05-05 15:26:40.992111 do get, return /do?&x=0.7029&y=0.5835&z=1
2015-05-05 15:26:40.992111 [0.6934, 0.5835, 1.0]
2015-05-05 15:26:41.007737 [0.6972, 0.5835, 1.0]
2015-05-05 15:26:41.023336 [0.6991, 0.5835, 1.0]
2015-05-05 15:26:41.038965 do get, return /do?&x=0.7048&y=0.5835&z=1
2015-05-05 15:26:41.038965 do get, return /do?&x=0.7067&y=0.5854&z=1
2015-05-05 15:26:41.054587 [0.7029, 0.5835, 1.0]
2015-05-05 15:26:41.070211 do get, return /do?&x=0.7086&y=0.5854&z=1
2015-05-05 15:26:41.070211 do get, return /do?&x=0.7125&y=0.5854&z=1
2015-05-05 15:26:41.085851 do get, return /do?&x=0.7144&y=0.5854&z=1
2015-05-05 15:26:41.085851 [0.7048, 0.5835, 1.0]
2015-05-05 15:26:41.101465 [0.7067, 0.5854, 1.0]
2015-05-05 15:26:41.117111 do get, return /do?&x=0.7163&y=0.5854&z=1
2015-05-05 15:26:41.117111 [0.7086, 0.5854, 1.0]
2015-05-05 15:26:41.132740 [0.7125, 0.5854, 1.0]
2015-05-05 15:26:41.148338 [0.7144, 0.5854, 1.0]
2015-05-05 15:26:41.179613 [0.7163, 0.5854, 1.0]
2015-05-05 15:26:41.195210 do get, return /do?&x=0.7182&y=0.5854&z=1
2015-05-05 15:26:41.195210 do get, return /do?&x=0.7220&y=0.5854&z=1
2015-05-05 15:26:41.195210 do get, return /do?&x=0.7258&y=0.5873&z=1
2015-05-05 15:26:41.210838 do get, return /do?&x=0.7278&y=0.5873&z=1
2015-05-05 15:26:41.210838 do get, return /do?&x=0.7297&y=0.5873&z=1
2015-05-05 15:26:41.226463 do get, return /do?&x=0.7335&y=0.5893&z=1
2015-05-05 15:26:41.226463 [0.7182, 0.5854, 1.0]
2015-05-05 15:26:41.242086 [0.722, 0.5854, 1.0]
2015-05-05 15:26:41.242086 [0.7258, 0.5873, 1.0]
2015-05-05 15:26:41.257738 [0.7278, 0.5873, 1.0]
2015-05-05 15:26:41.273336 [0.7297, 0.5873, 1.0]
2015-05-05 15:26:41.273336 [0.7335, 0.5893, 1.0]
2015-05-05 15:26:41.288985 do get, return /do?&x=0.7354&y=0.5893&z=1
2015-05-05 15:26:41.288985 do get, return /do?&x=0.7373&y=0.5893&z=1
2015-05-05 15:26:41.304591 do get, return /do?&x=0.7392&y=0.5893&z=1
2015-05-05 15:26:41.320212 do get, return /do?&x=0.7411&y=0.5893&z=1
2015-05-05 15:26:41.320212 do get, return /do?&x=0.7431&y=0.5893&z=1
2015-05-05 15:26:41.335836 do get, return /do?&x=0.7450&y=0.5893&z=1
2015-05-05 15:26:41.335836 [0.7354, 0.5893, 1.0]
2015-05-05 15:26:41.351464 [0.7373, 0.5893, 1.0]
2015-05-05 15:26:41.367091 [0.7392, 0.5893, 1.0]
2015-05-05 15:26:41.382733 [0.7411, 0.5893, 1.0]
2015-05-05 15:26:41.382733 [0.7431, 0.5893, 1.0]
2015-05-05 15:26:41.398336 [0.745, 0.5893, 1.0]
2015-05-05 15:26:41.398336 do get, return /do?&x=0.7469&y=0.5893&z=1
2015-05-05 15:26:41.413965 do get, return /do?&x=0.7488&y=0.5893&z=1
2015-05-05 15:26:41.429589 do get, return /do?&x=0.7507&y=0.5893&z=1
2015-05-05 15:26:41.429589 do get, return /do?&x=0.7526&y=0.5893&z=1
2015-05-05 15:26:41.445212 do get, return /do?&x=0.7545&y=0.5893&z=1
2015-05-05 15:26:41.445212 do get, return /do?&x=0.7564&y=0.5893&z=1
2015-05-05 15:26:41.445212 [0.7469, 0.5893, 1.0]
2015-05-05 15:26:41.460837 [0.7488, 0.5893, 1.0]
2015-05-05 15:26:41.460837 [0.7507, 0.5893, 1.0]
2015-05-05 15:26:41.476461 [0.7526, 0.5893, 1.0]
2015-05-05 15:26:41.476461 [0.7545, 0.5893, 1.0]
2015-05-05 15:26:41.492086 [0.7564, 0.5893, 1.0]
2015-05-05 15:26:41.507711 do get, return /do?&x=0.7583&y=0.5893&z=1
2015-05-05 15:26:41.507711 do get, return /do?&x=0.7602&y=0.5893&z=1
2015-05-05 15:26:41.523337 do get, return /do?&x=0.7622&y=0.5893&z=1
2015-05-05 15:26:41.523337 do get, return /do?&x=0.7641&y=0.5893&z=1
2015-05-05 15:26:41.538963 do get, return /do?&x=0.7660&y=0.5893&z=1
2015-05-05 15:26:41.538963 do get, return /do?&x=0.7679&y=0.5893&z=1
2015-05-05 15:26:41.554610 [0.7583, 0.5893, 1.0]
2015-05-05 15:26:41.554610 [0.7602, 0.5893, 1.0]
2015-05-05 15:26:41.570233 [0.7622, 0.5893, 1.0]
2015-05-05 15:26:41.570233 [0.7641, 0.5893, 1.0]
2015-05-05 15:26:41.585860 [0.766, 0.5893, 1.0]
2015-05-05 15:26:41.585860 [0.7679, 0.5893, 1.0]
2015-05-05 15:26:41.601491 do get, return /do?&x=0.7679&y=0.5873&z=1
2015-05-05 15:26:41.601491 do get, return /do?&x=0.7698&y=0.5873&z=1
2015-05-05 15:26:41.617087 do get, return /do?&x=0.7717&y=0.5873&z=1
2015-05-05 15:26:41.617087 do get, return /do?&x=0.7736&y=0.5873&z=1
2015-05-05 15:26:41.632713 do get, return /do?&x=0.7755&y=0.5873&z=1
2015-05-05 15:26:41.632713 do get, return /do?&x=0.7775&y=0.5873&z=1
2015-05-05 15:26:41.648337 [0.7679, 0.5873, 1.0]
2015-05-05 15:26:41.648337 [0.7698, 0.5873, 1.0]
2015-05-05 15:26:41.663984 [0.7717, 0.5873, 1.0]
2015-05-05 15:26:41.663984 [0.7736, 0.5873, 1.0]
2015-05-05 15:26:41.679586 [0.7755, 0.5873, 1.0]
2015-05-05 15:26:41.679586 [0.7775, 0.5873, 1.0]
2015-05-05 15:26:41.695237 do get, return /do?&x=0.7794&y=0.5873&z=1
2015-05-05 15:26:41.695237 do get, return /do?&x=0.7813&y=0.5873&z=1
2015-05-05 15:26:41.710839 do get, return /do?&x=0.7832&y=0.5873&z=1
2015-05-05 15:26:41.710839 do get, return /do?&x=0.7851&y=0.5873&z=1
2015-05-05 15:26:41.726463 do get, return /do?&x=0.7870&y=0.5873&z=1
2015-05-05 15:26:41.742103 [0.7794, 0.5873, 1.0]
2015-05-05 15:26:41.742103 [0.7813, 0.5873, 1.0]
2015-05-05 15:26:41.757711 [0.7832, 0.5873, 1.0]
2015-05-05 15:26:41.757711 [0.7851, 0.5873, 1.0]
2015-05-05 15:26:41.773337 [0.787, 0.5873, 1.0]
2015-05-05 15:26:42.945253 do get, return /do?&x=0.7889&y=0.5873&z=1
2015-05-05 15:26:42.945253 do get, return /do?&x=0.7908&y=0.5873&z=1
2015-05-05 15:26:42.945253 [0.7889, 0.5873, 1.0]
2015-05-05 15:26:42.960864 do get, return /do?&x=0.7927&y=0.5873&z=1
2015-05-05 15:26:42.960864 [0.7908, 0.5873, 1.0]
2015-05-05 15:26:42.976502 do get, return /do?&x=0.7965&y=0.5854&z=1
2015-05-05 15:26:42.976502 do get, return /do?&x=0.7985&y=0.5854&z=1
2015-05-05 15:26:42.992091 do get, return /do?&x=0.8004&y=0.5854&z=1
2015-05-05 15:26:42.992091 [0.7927, 0.5873, 1.0]
2015-05-05 15:26:42.992091 do get, return /do?&x=0.8023&y=0.5835&z=1
2015-05-05 15:26:43.007730 do get, return /do?&x=0.8080&y=0.5835&z=1
2015-05-05 15:26:43.007730 [0.7965, 0.5854, 1.0]
2015-05-05 15:26:43.023370 [0.7985, 0.5854, 1.0]
2015-05-05 15:26:43.023370 [0.8004, 0.5854, 1.0]
2015-05-05 15:26:43.038966 do get, return /do?&x=0.8118&y=0.5835&z=1
2015-05-05 15:26:43.054591 [0.8023, 0.5835, 1.0]
2015-05-05 15:26:43.054591 [0.808, 0.5835, 1.0]
2015-05-05 15:26:43.070221 do get, return /do?&x=0.8157&y=0.5816&z=1
2015-05-05 15:26:43.101469 [0.8118, 0.5835, 1.0]
2015-05-05 15:26:43.101469 [0.8157, 0.5816, 1.0]
2015-05-05 15:26:43.132796 do get, return /do?&x=0.8195&y=0.5816&z=1
2015-05-05 15:26:43.148340 do get, return /do?&x=0.8233&y=0.5797&z=1
2015-05-05 15:26:43.148340 do get, return /do?&x=0.8291&y=0.5778&z=1
2015-05-05 15:26:43.148340 do get, return /do?&x=0.8348&y=0.5778&z=1
2015-05-05 15:26:43.148340 do get, return /do?&x=0.8443&y=0.5778&z=1
2015-05-05 15:26:43.148340 do get, return /do?&x=0.8520&y=0.5759&z=1
2015-05-05 15:26:43.148340 [0.8195, 0.5816, 1.0]
2015-05-05 15:26:43.148340 [0.8233, 0.5797, 1.0]
2015-05-05 15:26:43.163974 [0.8291, 0.5778, 1.0]
2015-05-05 15:26:43.163974 [0.8348, 0.5778, 1.0]
2015-05-05 15:26:43.163974 [0.8443, 0.5778, 1.0]
2015-05-05 15:26:43.163974 [0.852, 0.5759, 1.0]
2015-05-05 15:26:43.179608 do get, return /do?&x=0.8635&y=0.5740&z=1
2015-05-05 15:26:43.179608 do get, return /do?&x=0.8730&y=0.5720&z=1
2015-05-05 15:26:43.210857 [0.8635, 0.574, 1.0]
2015-05-05 15:26:43.210857 [0.873, 0.572, 1.0]
2015-05-05 15:41:54.599409 do get, return /do?&x=0.4411&y=0.0522&z=1
2015-05-05 15:41:54.599409 do get, return /do?&x=0.4984&y=0.1210&z=1
2015-05-05 15:41:54.599409 [0.4411, 0.0522, 1.0]
2015-05-05 15:41:54.599409 [0.4984, 0.121, 1.0]
2015-05-05 15:41:54.615040 do get, return /do?&x=0.5768&y=0.2166&z=1
2015-05-05 15:41:54.615040 do get, return /do?&x=0.6513&y=0.3064&z=1
2015-05-05 15:41:54.615040 [0.5768, 0.2166, 1.0]
2015-05-05 15:41:54.630661 [0.6513, 0.3064, 1.0]
2015-05-05 15:52:34.513933 do get, return /do?&x=0.5749&y=0.0121&z=1
2015-05-05 15:52:34.513933 do get, return /do?&x=0.5730&y=0.0044&z=1
2015-05-05 15:52:34.529553 do get, return /do?&x=0.5768&y=0.0236&z=1
2015-05-05 15:52:34.529553 do get, return /do?&x=0.5768&y=0.0178&z=1
2015-05-05 15:52:34.529553 [0.5749, 0.0121, 1.0]
2015-05-05 15:52:34.529553 [0.573, 0.0044, 1.0]
2015-05-05 15:52:34.545189 do get, return /do?&x=0.5768&y=0.0369&z=1
2015-05-05 15:52:34.545189 [0.5768, 0.0236, 1.0]
2015-05-05 15:52:34.545189 do get, return /do?&x=0.5768&y=0.0293&z=1
2015-05-05 15:52:34.545189 [0.5768, 0.0178, 1.0]
2015-05-05 15:52:34.576421 [0.5768, 0.0369, 1.0]
2015-05-05 15:52:34.592071 do get, return /do?&x=0.5768&y=0.0522&z=1
2015-05-05 15:52:34.592071 [0.5768, 0.0293, 1.0]
2015-05-05 15:52:34.607675 do get, return /do?&x=0.5749&y=0.0560&z=1
2015-05-05 15:52:34.607675 do get, return /do?&x=0.5711&y=0.0580&z=1
2015-05-05 15:52:34.607675 [0.5768, 0.0522, 1.0]
2015-05-05 15:52:34.623310 do get, return /do?&x=0.5653&y=0.0618&z=1
2015-05-05 15:52:34.623310 [0.5749, 0.056, 1.0]
2015-05-05 15:52:34.638938 [0.5711, 0.058, 1.0]
2015-05-05 15:52:34.638938 do get, return /do?&x=0.5596&y=0.0637&z=1
2015-05-05 15:52:34.638938 [0.5653, 0.0618, 1.0]
2015-05-05 15:52:34.654551 do get, return /do?&x=0.5500&y=0.0656&z=1
2015-05-05 15:52:34.670171 do get, return /do?&x=0.5328&y=0.0675&z=1
2015-05-05 15:52:34.670171 [0.5596, 0.0637, 1.0]
2015-05-05 15:52:34.685797 do get, return /do?&x=0.5175&y=0.0675&z=1
2015-05-05 15:52:34.685797 [0.55, 0.0656, 1.0]
2015-05-05 15:52:34.685797 [0.5328, 0.0675, 1.0]
2015-05-05 15:52:34.701422 do get, return /do?&x=0.5022&y=0.0675&z=1
2015-05-05 15:52:34.701422 [0.5175, 0.0675, 1.0]
2015-05-05 15:52:34.717072 do get, return /do?&x=0.4870&y=0.0637&z=1
2015-05-05 15:52:34.717072 do get, return /do?&x=0.4717&y=0.0580&z=1
2015-05-05 15:52:34.732675 [0.5022, 0.0675, 1.0]
2015-05-05 15:52:34.732675 do get, return /do?&x=0.4545&y=0.0503&z=1
2015-05-05 15:52:34.732675 [0.487, 0.0637, 1.0]
2015-05-05 15:52:34.748296 [0.4717, 0.058, 1.0]
2015-05-05 15:52:34.763922 do get, return /do?&x=0.4354&y=0.0427&z=1
2015-05-05 15:52:34.763922 [0.4545, 0.0503, 1.0]
2015-05-05 15:52:34.763922 do get, return /do?&x=0.4201&y=0.0350&z=1
2015-05-05 15:52:34.779571 do get, return /do?&x=0.4067&y=0.0255&z=1
2015-05-05 15:52:34.779571 [0.4354, 0.0427, 1.0]
2015-05-05 15:52:34.795171 do get, return /do?&x=0.3933&y=0.0159&z=1
2015-05-05 15:52:34.795171 [0.4201, 0.035, 1.0]
2015-05-05 15:52:34.795171 [0.4067, 0.0255, 1.0]
2015-05-05 15:52:34.810811 do get, return /do?&x=0.3818&y=0.0064&z=1
2015-05-05 15:52:34.826438 [0.3933, 0.0159, 1.0]
2015-05-05 15:52:34.857684 [0.3818, 0.0064, 1.0]
2015-05-05 15:52:35.185834 do get, return /do?&x=0.5768&y=0.0408&z=1
2015-05-05 15:52:35.185834 do get, return /do?&x=0.5768&y=0.0465&z=1
2015-05-05 15:52:35.217081 [0.5768, 0.0408, 1.0]
2015-05-05 15:52:35.232708 [0.5768, 0.0465, 1.0]
2015-05-05 15:52:36.123331 do get, return /do?&x=0.5863&y=0.0102&z=1
2015-05-05 15:52:36.123331 do get, return /do?&x=0.6035&y=0.0541&z=1
2015-05-05 15:52:36.138926 do get, return /do?&x=0.6245&y=0.1038&z=1
2015-05-05 15:52:36.138926 do get, return /do?&x=0.6532&y=0.1726&z=1
2015-05-05 15:52:36.154552 [0.5863, 0.0102, 1.0]
2015-05-05 15:52:36.154552 do get, return /do?&x=0.6800&y=0.2453&z=1
2015-05-05 15:52:36.170178 do get, return /do?&x=0.7125&y=0.3255&z=1
2015-05-05 15:52:36.185801 [0.6035, 0.0541, 1.0]
2015-05-05 15:52:36.217056 [0.6245, 0.1038, 1.0]
2015-05-05 15:52:36.217056 [0.6532, 0.1726, 1.0]
2015-05-05 15:52:36.248306 do get, return /do?&x=0.7507&y=0.4096&z=1
2015-05-05 15:52:36.263955 [0.68, 0.2453, 1.0]
2015-05-05 15:52:36.279583 [0.7125, 0.3255, 1.0]
2015-05-05 15:52:36.310832 do get, return /do?&x=0.7870&y=0.4956&z=1
2015-05-05 15:52:36.342051 do get, return /do?&x=0.8291&y=0.5854&z=1
2015-05-05 15:52:36.357707 do get, return /do?&x=0.8749&y=0.6810&z=1
2015-05-05 15:52:36.373316 [0.7507, 0.4096, 1.0]
2015-05-05 15:52:36.404584 do get, return /do?&x=0.9189&y=0.7670&z=1
2015-05-05 15:52:36.435811 do get, return /do?&x=0.9590&y=0.8434&z=1
2015-05-05 15:52:36.435811 [0.787, 0.4956, 1.0]
2015-05-05 15:52:36.451450 [0.8291, 0.5854, 1.0]
2015-05-05 15:52:36.467074 [0.8749, 0.681, 1.0]
2015-05-05 15:52:36.482699 do get, return /do?&x=0.9934&y=0.9084&z=1
2015-05-05 15:52:36.498301 [0.9189, 0.767, 1.0]
2015-05-05 15:52:36.513942 [0.959, 0.8434, 1.0]
2015-05-05 15:52:36.607679 [0.9934, 0.9084, 1.0]
