2015-05-24 10:43:03.604355 do get, return /home
2015-05-24 10:43:03.644372 do get, return /jquery-2.1.1.min.js
2015-05-24 10:43:03.645374 do get, return /figs/square_0_2d_F2s.png
2015-05-24 10:43:03.647358 do get, return /figs/layerss.png
2015-05-24 10:43:03.786366 do get, return /favicon.ico
2015-05-24 10:43:04.131692 do get, return /do?&x=0.6762&y=0.9868&z=0
2015-05-24 10:43:04.137693 [0.6762, 0.9868, 0.0]
2015-05-24 10:43:04.142693 do get, return /do?&x=0.6838&y=0.9505&z=0
2015-05-24 10:43:04.172694 do get, return /do?&x=0.6876&y=0.9294&z=0
2015-05-24 10:43:04.175694 do get, return /do?&x=0.6915&y=0.9065&z=0
2015-05-24 10:43:04.176700 do get, return /do?&x=0.6972&y=0.8836&z=0
2015-05-24 10:43:04.178701 do get, return /do?&x=0.7010&y=0.8587&z=0
2015-05-24 10:43:04.179700 [0.6838, 0.9505, 0.0]
2015-05-24 10:43:04.184696 do get, return /do?&x=0.7067&y=0.8396&z=0
2015-05-24 10:43:04.186710 [0.6876, 0.9294, 0.0]
2015-05-24 10:43:04.191695 [0.6915, 0.9065, 0.0]
2015-05-24 10:43:04.196698 [0.6972, 0.8836, 0.0]
2015-05-24 10:43:04.203695 [0.701, 0.8587, 0.0]
2015-05-24 10:43:04.210694 [0.7067, 0.8396, 0.0]
2015-05-24 10:43:04.249697 do get, return /do?&x=0.7125&y=0.8205&z=0
2015-05-24 10:43:04.252698 do get, return /do?&x=0.7163&y=0.8014&z=0
2015-05-24 10:43:04.254698 do get, return /do?&x=0.7239&y=0.7861&z=0
2015-05-24 10:43:04.256702 do get, return /do?&x=0.7297&y=0.7727&z=0
2015-05-24 10:43:04.256702 [0.7125, 0.8205, 0.0]
2015-05-24 10:43:04.257698 do get, return /do?&x=0.7354&y=0.7613&z=0
2015-05-24 10:43:04.259699 do get, return /do?&x=0.7392&y=0.7536&z=0
2015-05-24 10:43:04.262698 [0.7163, 0.8014, 0.0]
2015-05-24 10:43:04.266712 [0.7239, 0.7861, 0.0]
2015-05-24 10:43:04.270707 [0.7297, 0.7727, 0.0]
2015-05-24 10:43:04.279700 do get, return /do?&x=0.7469&y=0.7517&z=0
2015-05-24 10:43:04.280699 [0.7354, 0.7613, 0.0]
2015-05-24 10:43:04.284699 [0.7392, 0.7536, 0.0]
2015-05-24 10:43:04.291700 do get, return /do?&x=0.7526&y=0.7498&z=0
2015-05-24 10:43:04.297701 do get, return /do?&x=0.7583&y=0.7498&z=0
2015-05-24 10:43:04.301701 do get, return /do?&x=0.7641&y=0.7555&z=0
2015-05-24 10:43:04.302700 [0.7469, 0.7517, 0.0]
2015-05-24 10:43:04.311701 [0.7526, 0.7498, 0.0]
2015-05-24 10:43:04.314703 [0.7583, 0.7498, 0.0]
2015-05-24 10:43:04.317700 [0.7641, 0.7555, 0.0]
2015-05-24 10:43:04.495020 do get, return /do?&x=0.7679&y=0.7555&z=0
2015-05-24 10:43:04.507020 [0.7679, 0.7555, 0.0]
2015-05-24 10:43:04.510020 do get, return /do?&x=0.7698&y=0.7555&z=0
2015-05-24 10:43:04.514019 [0.7698, 0.7555, 0.0]
2015-05-24 10:43:04.521020 do get, return /do?&x=0.7717&y=0.7555&z=0
2015-05-24 10:43:04.524019 [0.7717, 0.7555, 0.0]
2015-05-24 10:43:04.527022 do get, return /do?&x=0.7736&y=0.7555&z=0
2015-05-24 10:43:04.533044 [0.7736, 0.7555, 0.0]
2015-05-24 10:43:04.536021 do get, return /do?&x=0.7755&y=0.7555&z=0
2015-05-24 10:43:04.540022 [0.7755, 0.7555, 0.0]
2015-05-24 10:43:04.544024 do get, return /do?&x=0.7775&y=0.7517&z=0
2015-05-24 10:43:04.547037 [0.7775, 0.7517, 0.0]
2015-05-24 10:43:04.551022 do get, return /do?&x=0.7794&y=0.7479&z=0
2015-05-24 10:43:04.570024 do get, return /do?&x=0.7832&y=0.7402&z=0
2015-05-24 10:43:04.575039 do get, return /do?&x=0.7851&y=0.7364&z=0
2015-05-24 10:43:04.582024 do get, return /do?&x=0.7870&y=0.7307&z=0
2015-05-24 10:43:04.590023 do get, return /do?&x=0.7889&y=0.7192&z=0
2015-05-24 10:43:04.591026 [0.7794, 0.7479, 0.0]
2015-05-24 10:43:04.593024 [0.7832, 0.7402, 0.0]
2015-05-24 10:43:04.596025 [0.7851, 0.7364, 0.0]
2015-05-24 10:43:04.599026 do get, return /do?&x=0.7908&y=0.7116&z=0
2015-05-24 10:43:04.601042 [0.787, 0.7307, 0.0]
2015-05-24 10:43:04.605026 [0.7889, 0.7192, 0.0]
2015-05-24 10:43:04.611025 do get, return /do?&x=0.7908&y=0.7039&z=0
2015-05-24 10:43:04.617026 do get, return /do?&x=0.7908&y=0.6944&z=0
2015-05-24 10:43:04.621026 [0.7908, 0.7116, 0.0]
2015-05-24 10:43:04.624026 do get, return /do?&x=0.7908&y=0.6867&z=0
2015-05-24 10:43:04.634028 do get, return /do?&x=0.7908&y=0.6810&z=0
2015-05-24 10:43:04.636028 [0.7908, 0.7039, 0.0]
2015-05-24 10:43:04.639027 [0.7908, 0.6944, 0.0]
2015-05-24 10:43:04.642027 do get, return /do?&x=0.7908&y=0.6753&z=0
2015-05-24 10:43:04.647027 [0.7908, 0.6867, 0.0]
2015-05-24 10:43:04.652028 [0.7908, 0.681, 0.0]
2015-05-24 10:43:04.663029 [0.7908, 0.6753, 0.0]
2015-05-24 10:43:04.780185 do get, return /do?&x=0.7908&y=0.6695&z=0
2015-05-24 10:43:04.783184 do get, return /do?&x=0.7908&y=0.6638&z=0
2015-05-24 10:43:04.785185 do get, return /do?&x=0.7947&y=0.6562&z=0
2015-05-24 10:43:04.786185 do get, return /do?&x=0.7927&y=0.6600&z=0
2015-05-24 10:43:04.787185 [0.7908, 0.6695, 0.0]
2015-05-24 10:43:04.787185 do get, return /do?&x=0.7965&y=0.6523&z=0
2015-05-24 10:43:04.788185 do get, return /do?&x=0.7985&y=0.6485&z=0
2015-05-24 10:43:04.790201 [0.7908, 0.6638, 0.0]
2015-05-24 10:43:04.794186 [0.7947, 0.6562, 0.0]
2015-05-24 10:43:04.798187 [0.7927, 0.66, 0.0]
2015-05-24 10:43:04.828187 [0.7965, 0.6523, 0.0]
2015-05-24 10:43:04.831189 do get, return /do?&x=0.8004&y=0.6447&z=0
2015-05-24 10:43:04.833209 [0.7985, 0.6485, 0.0]
2015-05-24 10:43:04.841188 do get, return /do?&x=0.8023&y=0.6428&z=0
2015-05-24 10:43:04.850204 do get, return /do?&x=0.8023&y=0.6389&z=0
2015-05-24 10:43:04.851188 do get, return /do?&x=0.8042&y=0.6370&z=0
2015-05-24 10:43:04.857189 do get, return /do?&x=0.8042&y=0.6351&z=0
2015-05-24 10:43:04.858188 [0.8004, 0.6447, 0.0]
2015-05-24 10:43:04.865189 [0.8023, 0.6428, 0.0]
2015-05-24 10:43:04.866206 do get, return /do?&x=0.8042&y=0.6332&z=0
2015-05-24 10:43:04.869189 [0.8023, 0.6389, 0.0]
2015-05-24 10:43:04.872189 [0.8042, 0.637, 0.0]
2015-05-24 10:43:04.875191 [0.8042, 0.6351, 0.0]
2015-05-24 10:43:04.887190 [0.8042, 0.6332, 0.0]
2015-05-24 10:43:04.890191 do get, return /do?&x=0.8042&y=0.6313&z=0
2015-05-24 10:43:04.893192 do get, return /do?&x=0.8042&y=0.6294&z=0
2015-05-24 10:43:04.897207 do get, return /do?&x=0.8023&y=0.6294&z=0
2015-05-24 10:43:04.899191 do get, return /do?&x=0.8004&y=0.6275&z=0
2015-05-24 10:43:04.906193 do get, return /do?&x=0.7965&y=0.6256&z=0
2015-05-24 10:43:04.908193 do get, return /do?&x=0.7851&y=0.6236&z=0
2015-05-24 10:43:04.910192 [0.8042, 0.6313, 0.0]
2015-05-24 10:43:04.913192 [0.8042, 0.6294, 0.0]
2015-05-24 10:43:04.918193 [0.8023, 0.6294, 0.0]
2015-05-24 10:43:04.921194 [0.8004, 0.6275, 0.0]
2015-05-24 10:43:04.924194 [0.7965, 0.6256, 0.0]
2015-05-24 10:43:04.927192 [0.7851, 0.6236, 0.0]
2015-05-24 10:43:04.937194 do get, return /do?&x=0.7755&y=0.6217&z=0
2015-05-24 10:43:04.950194 do get, return /do?&x=0.7641&y=0.6198&z=0
2015-05-24 10:43:04.952195 do get, return /do?&x=0.7564&y=0.6198&z=0
2015-05-24 10:43:04.954195 do get, return /do?&x=0.7488&y=0.6179&z=0
2015-05-24 10:43:04.958195 do get, return /do?&x=0.7392&y=0.6160&z=0
2015-05-24 10:43:04.961195 [0.7755, 0.6217, 0.0]
2015-05-24 10:43:04.962195 do get, return /do?&x=0.7316&y=0.6141&z=0
2015-05-24 10:43:04.965196 [0.7641, 0.6198, 0.0]
2015-05-24 10:43:04.969195 [0.7564, 0.6198, 0.0]
2015-05-24 10:43:04.972195 [0.7488, 0.6179, 0.0]
2015-05-24 10:43:04.975195 [0.7392, 0.616, 0.0]
2015-05-24 10:43:04.984198 do get, return /do?&x=0.7239&y=0.6122&z=0
2015-05-24 10:43:04.985197 [0.7316, 0.6141, 0.0]
2015-05-24 10:43:04.991196 do get, return /do?&x=0.7125&y=0.6084&z=0
2015-05-24 10:43:04.996198 do get, return /do?&x=0.7010&y=0.6045&z=0
2015-05-24 10:43:05.001198 do get, return /do?&x=0.6895&y=0.6007&z=0
2015-05-24 10:43:05.005197 [0.7239, 0.6122, 0.0]
2015-05-24 10:43:05.006198 do get, return /do?&x=0.6781&y=0.5969&z=0
2015-05-24 10:43:05.013198 [0.7125, 0.6084, 0.0]
2015-05-24 10:43:05.014198 do get, return /do?&x=0.6685&y=0.5931&z=0
2015-05-24 10:43:05.017197 [0.701, 0.6045, 0.0]
2015-05-24 10:43:05.020198 [0.6895, 0.6007, 0.0]
2015-05-24 10:43:05.027200 do get, return /do?&x=0.6571&y=0.5893&z=0
2015-05-24 10:43:05.028198 [0.6781, 0.5969, 0.0]
2015-05-24 10:43:05.035199 [0.6685, 0.5931, 0.0]
2015-05-24 10:43:05.047199 [0.6571, 0.5893, 0.0]
2015-05-24 10:43:05.049201 do get, return /do?&x=0.6475&y=0.5854&z=0
2015-05-24 10:43:05.053200 do get, return /do?&x=0.6418&y=0.5816&z=0
2015-05-24 10:43:05.061200 [0.6475, 0.5854, 0.0]
2015-05-24 10:43:05.064201 [0.6418, 0.5816, 0.0]
2015-05-24 10:43:05.070204 do get, return /do?&x=0.6360&y=0.5778&z=0
2015-05-24 10:43:05.071202 do get, return /do?&x=0.6284&y=0.5720&z=0
2015-05-24 10:43:05.072201 do get, return /do?&x=0.6245&y=0.5682&z=0
2015-05-24 10:43:05.077202 [0.636, 0.5778, 0.0]
2015-05-24 10:43:05.079202 do get, return /do?&x=0.6150&y=0.5587&z=0
2015-05-24 10:43:05.080202 do get, return /do?&x=0.6131&y=0.5549&z=0
2015-05-24 10:43:05.080202 do get, return /do?&x=0.6207&y=0.5644&z=0
2015-05-24 10:43:05.082206 [0.6284, 0.572, 0.0]
2015-05-24 10:43:05.085202 [0.6245, 0.5682, 0.0]
2015-05-24 10:43:05.093204 [0.615, 0.5587, 0.0]
2015-05-24 10:43:05.095205 do get, return /do?&x=0.6093&y=0.5491&z=0
2015-05-24 10:43:05.098203 [0.6131, 0.5549, 0.0]
2015-05-24 10:43:05.102203 [0.6207, 0.5644, 0.0]
2015-05-24 10:43:05.111204 do get, return /do?&x=0.6055&y=0.5434&z=0
2015-05-24 10:43:05.118205 [0.6093, 0.5491, 0.0]
2015-05-24 10:43:05.120204 do get, return /do?&x=0.6035&y=0.5357&z=0
2015-05-24 10:43:05.122205 do get, return /do?&x=0.6016&y=0.5319&z=0
2015-05-24 10:43:05.131204 [0.6055, 0.5434, 0.0]
2015-05-24 10:43:05.136205 do get, return /do?&x=0.5997&y=0.5262&z=0
2015-05-24 10:43:05.137206 do get, return /do?&x=0.5997&y=0.5185&z=0
2015-05-24 10:43:05.140205 [0.6035, 0.5357, 0.0]
2015-05-24 10:43:05.142206 do get, return /do?&x=0.5997&y=0.5109&z=0
2015-05-24 10:43:05.144206 [0.6016, 0.5319, 0.0]
2015-05-24 10:43:05.152205 [0.5997, 0.5262, 0.0]
2015-05-24 10:43:05.153206 do get, return /do?&x=0.5997&y=0.5033&z=0
2015-05-24 10:43:05.156206 [0.5997, 0.5185, 0.0]
2015-05-24 10:43:05.163206 [0.5997, 0.5109, 0.0]
2015-05-24 10:43:05.175207 [0.5997, 0.5033, 0.0]
2015-05-24 10:43:05.214210 do get, return /do?&x=0.5997&y=0.4918&z=0
2015-05-24 10:43:05.218210 do get, return /do?&x=0.5997&y=0.4822&z=0
2015-05-24 10:43:05.220212 do get, return /do?&x=0.6016&y=0.4708&z=0
2015-05-24 10:43:05.222210 do get, return /do?&x=0.6207&y=0.4134&z=0
2015-05-24 10:43:05.222210 [0.5997, 0.4918, 0.0]
2015-05-24 10:43:05.223211 do get, return /do?&x=0.6360&y=0.3829&z=0
2015-05-24 10:43:05.224210 do get, return /do?&x=0.6284&y=0.3981&z=0
2015-05-24 10:43:05.227213 [0.5997, 0.4822, 0.0]
2015-05-24 10:43:05.231210 [0.6016, 0.4708, 0.0]
2015-05-24 10:43:05.234210 [0.6207, 0.4134, 0.0]
2015-05-24 10:43:05.241212 do get, return /do?&x=0.6437&y=0.3656&z=0
2015-05-24 10:43:05.242211 [0.636, 0.3829, 0.0]
2015-05-24 10:43:05.245212 [0.6284, 0.3981, 0.0]
2015-05-24 10:43:05.252213 do get, return /do?&x=0.6513&y=0.3504&z=0
2015-05-24 10:43:05.256212 do get, return /do?&x=0.6609&y=0.3313&z=0
2015-05-24 10:43:05.261212 [0.6437, 0.3656, 0.0]
2015-05-24 10:43:05.272213 [0.6513, 0.3504, 0.0]
2015-05-24 10:43:05.276213 [0.6609, 0.3313, 0.0]
2015-05-24 10:43:05.278214 do get, return /do?&x=0.6666&y=0.3179&z=0
2015-05-24 10:43:05.280214 do get, return /do?&x=0.6723&y=0.3045&z=0
2015-05-24 10:43:05.281213 do get, return /do?&x=0.6781&y=0.2892&z=0
2015-05-24 10:43:05.286213 do get, return /do?&x=0.6819&y=0.2796&z=0
2015-05-24 10:43:05.290214 do get, return /do?&x=0.6857&y=0.2663&z=0
2015-05-24 10:43:05.295216 do get, return /do?&x=0.6876&y=0.2567&z=0
2015-05-24 10:43:05.296214 [0.6666, 0.3179, 0.0]
2015-05-24 10:43:05.300214 [0.6723, 0.3045, 0.0]
2015-05-24 10:43:05.304215 [0.6781, 0.2892, 0.0]
2015-05-24 10:43:05.308214 [0.6819, 0.2796, 0.0]
2015-05-24 10:43:05.312215 [0.6857, 0.2663, 0.0]
2015-05-24 10:43:05.315215 [0.6876, 0.2567, 0.0]
2015-05-24 10:43:05.324216 do get, return /do?&x=0.6876&y=0.2510&z=0
2015-05-24 10:43:05.329216 do get, return /do?&x=0.6876&y=0.2472&z=0
2015-05-24 10:43:05.338217 do get, return /do?&x=0.6876&y=0.2453&z=0
2015-05-24 10:43:05.344218 do get, return /do?&x=0.6857&y=0.2433&z=0
2015-05-24 10:43:05.346217 do get, return /do?&x=0.6895&y=0.2433&z=0
2015-05-24 10:43:05.353218 do get, return /do?&x=0.6934&y=0.2453&z=0
2015-05-24 10:43:05.354219 [0.6876, 0.251, 0.0]
2015-05-24 10:43:05.357219 [0.6876, 0.2472, 0.0]
2015-05-24 10:43:05.361218 [0.6876, 0.2453, 0.0]
2015-05-24 10:43:05.365219 [0.6857, 0.2433, 0.0]
2015-05-24 10:43:05.369218 [0.6895, 0.2433, 0.0]
2015-05-24 10:43:05.373218 [0.6934, 0.2453, 0.0]
2015-05-24 10:43:05.383224 do get, return /do?&x=0.6972&y=0.2472&z=0
2015-05-24 10:43:05.387220 do get, return /do?&x=0.7010&y=0.2491&z=0
2015-05-24 10:43:05.394221 do get, return /do?&x=0.7029&y=0.2548&z=0
2015-05-24 10:43:05.402221 do get, return /do?&x=0.7067&y=0.2605&z=0
2015-05-24 10:43:05.408221 do get, return /do?&x=0.7086&y=0.2663&z=0
2015-05-24 10:43:05.416222 do get, return /do?&x=0.7105&y=0.2720&z=0
2015-05-24 10:43:05.417223 [0.6972, 0.2472, 0.0]
2015-05-24 10:43:05.422221 [0.701, 0.2491, 0.0]
2015-05-24 10:43:05.426222 [0.7029, 0.2548, 0.0]
2015-05-24 10:43:05.430222 [0.7067, 0.2605, 0.0]
2015-05-24 10:43:05.435225 [0.7086, 0.2663, 0.0]
2015-05-24 10:43:05.439223 [0.7105, 0.272, 0.0]
2015-05-24 10:43:05.448223 do get, return /do?&x=0.7105&y=0.2758&z=0
2015-05-24 10:43:05.454225 do get, return /do?&x=0.7125&y=0.2796&z=0
2015-05-24 10:43:05.458224 do get, return /do?&x=0.7144&y=0.2816&z=0
2015-05-24 10:43:05.467225 do get, return /do?&x=0.7144&y=0.2835&z=0
2015-05-24 10:43:05.472225 do get, return /do?&x=0.7163&y=0.2835&z=0
2015-05-24 10:43:05.480226 do get, return /do?&x=0.7201&y=0.2854&z=0
2015-05-24 10:43:05.481225 [0.7105, 0.2758, 0.0]
2015-05-24 10:43:05.486228 [0.7125, 0.2796, 0.0]
2015-05-24 10:43:05.491227 [0.7144, 0.2816, 0.0]
2015-05-24 10:43:05.495227 [0.7144, 0.2835, 0.0]
2015-05-24 10:43:05.499226 [0.7163, 0.2835, 0.0]
2015-05-24 10:43:05.504226 [0.7201, 0.2854, 0.0]
2015-05-24 10:43:05.513227 do get, return /do?&x=0.7220&y=0.2854&z=0
2015-05-24 10:43:05.519228 do get, return /do?&x=0.7239&y=0.2854&z=0
2015-05-24 10:43:05.523229 do get, return /do?&x=0.7278&y=0.2854&z=0
2015-05-24 10:43:05.532231 do get, return /do?&x=0.7297&y=0.2854&z=0
2015-05-24 10:43:05.545229 do get, return /do?&x=0.7335&y=0.2796&z=0
2015-05-24 10:43:05.558230 [0.722, 0.2854, 0.0]
2015-05-24 10:43:05.560230 do get, return /do?&x=0.7392&y=0.2758&z=0
2015-05-24 10:43:05.567232 [0.7239, 0.2854, 0.0]
2015-05-24 10:43:05.571230 [0.7278, 0.2854, 0.0]
2015-05-24 10:43:05.575230 [0.7297, 0.2854, 0.0]
2015-05-24 10:43:05.578230 [0.7335, 0.2796, 0.0]
2015-05-24 10:43:05.587232 [0.7392, 0.2758, 0.0]
2015-05-24 10:43:05.591233 do get, return /do?&x=0.7450&y=0.2682&z=0
2015-05-24 10:43:05.605234 do get, return /do?&x=0.7526&y=0.2586&z=0
2015-05-24 10:43:05.606233 do get, return /do?&x=0.7622&y=0.2472&z=0
2015-05-24 10:43:05.611234 do get, return /do?&x=0.7717&y=0.2357&z=0
2015-05-24 10:43:05.612233 [0.745, 0.2682, 0.0]
2015-05-24 10:43:05.614233 do get, return /do?&x=0.7794&y=0.2242&z=0
2015-05-24 10:43:05.614233 do get, return /do?&x=0.7870&y=0.2147&z=0
2015-05-24 10:43:05.617233 [0.7526, 0.2586, 0.0]
2015-05-24 10:43:05.621233 [0.7622, 0.2472, 0.0]
2015-05-24 10:43:05.624233 [0.7717, 0.2357, 0.0]
2015-05-24 10:43:05.631234 do get, return /do?&x=0.7927&y=0.2070&z=0
2015-05-24 10:43:05.632233 [0.7794, 0.2242, 0.0]
2015-05-24 10:43:05.636234 [0.787, 0.2147, 0.0]
2015-05-24 10:43:05.643237 do get, return /do?&x=0.7965&y=0.1975&z=0
2015-05-24 10:43:05.647234 do get, return /do?&x=0.8004&y=0.1898&z=0
2015-05-24 10:43:05.653251 [0.7927, 0.207, 0.0]
2015-05-24 10:43:05.663253 [0.7965, 0.1975, 0.0]
2015-05-24 10:43:05.667249 [0.8004, 0.1898, 0.0]
2015-05-24 10:43:05.672239 do get, return /do?&x=0.8004&y=0.1803&z=0
2015-05-24 10:43:05.674237 do get, return /do?&x=0.8023&y=0.1745&z=0
2015-05-24 10:43:05.676237 do get, return /do?&x=0.8042&y=0.1707&z=0
2015-05-24 10:43:05.677238 do get, return /do?&x=0.8042&y=0.1669&z=0
2015-05-24 10:43:05.682237 do get, return /do?&x=0.8042&y=0.1650&z=0
2015-05-24 10:43:05.687237 do get, return /do?&x=0.8042&y=0.1612&z=0
2015-05-24 10:43:05.688238 [0.8004, 0.1803, 0.0]
2015-05-24 10:43:05.692238 [0.8023, 0.1745, 0.0]
2015-05-24 10:43:05.696238 [0.8042, 0.1707, 0.0]
2015-05-24 10:43:05.700255 [0.8042, 0.1669, 0.0]
2015-05-24 10:43:05.704237 [0.8042, 0.165, 0.0]
2015-05-24 10:43:05.708252 [0.8042, 0.1612, 0.0]
2015-05-24 10:43:05.715239 do get, return /do?&x=0.8042&y=0.1631&z=0
2015-05-24 10:43:05.720240 do get, return /do?&x=0.8023&y=0.1631&z=0
2015-05-24 10:43:05.728239 do get, return /do?&x=0.8023&y=0.1650&z=0
2015-05-24 10:43:05.730240 do get, return /do?&x=0.8004&y=0.1669&z=0
2015-05-24 10:43:05.736240 do get, return /do?&x=0.8004&y=0.1688&z=0
2015-05-24 10:43:05.743240 [0.8042, 0.1631, 0.0]
2015-05-24 10:43:05.743240 do get, return /do?&x=0.7985&y=0.1726&z=0
2015-05-24 10:43:05.747240 [0.8023, 0.1631, 0.0]
2015-05-24 10:43:05.751242 [0.8023, 0.165, 0.0]
2015-05-24 10:43:05.755241 [0.8004, 0.1669, 0.0]
2015-05-24 10:43:05.759241 [0.8004, 0.1688, 0.0]
2015-05-24 10:43:05.767243 do get, return /do?&x=0.7965&y=0.1764&z=0
2015-05-24 10:43:05.768243 [0.7985, 0.1726, 0.0]
2015-05-24 10:43:05.788243 [0.7965, 0.1764, 0.0]
2015-05-24 10:43:05.791244 do get, return /do?&x=0.7947&y=0.1803&z=0
2015-05-24 10:43:05.800243 [0.7947, 0.1803, 0.0]
2015-05-24 10:43:05.806245 do get, return /do?&x=0.7908&y=0.1879&z=0
2015-05-24 10:43:05.807244 do get, return /do?&x=0.7889&y=0.1975&z=0
2015-05-24 10:43:05.811244 [0.7908, 0.1879, 0.0]
2015-05-24 10:43:05.815245 [0.7889, 0.1975, 0.0]
2015-05-24 10:43:05.827245 do get, return /do?&x=0.7851&y=0.2051&z=0
2015-05-24 10:43:05.828246 do get, return /do?&x=0.7755&y=0.2261&z=0
2015-05-24 10:43:05.829247 do get, return /do?&x=0.7794&y=0.2147&z=0
2015-05-24 10:43:05.830246 do get, return /do?&x=0.7679&y=0.2491&z=0
2015-05-24 10:43:05.831246 do get, return /do?&x=0.7641&y=0.2663&z=0
2015-05-24 10:43:05.832246 [0.7851, 0.2051, 0.0]
2015-05-24 10:43:05.836247 do get, return /do?&x=0.7583&y=0.3599&z=0
2015-05-24 10:43:05.837246 [0.7755, 0.2261, 0.0]
2015-05-24 10:43:05.841247 [0.7794, 0.2147, 0.0]
2015-05-24 10:43:05.845246 [0.7679, 0.2491, 0.0]
2015-05-24 10:43:05.849246 [0.7641, 0.2663, 0.0]
2015-05-24 10:43:05.858247 do get, return /do?&x=0.7583&y=0.3829&z=0
2015-05-24 10:43:05.860249 [0.7583, 0.3599, 0.0]
2015-05-24 10:43:05.871249 do get, return /do?&x=0.7583&y=0.4039&z=0
2015-05-24 10:43:05.873248 do get, return /do?&x=0.7583&y=0.4249&z=0
2015-05-24 10:43:05.879250 do get, return /do?&x=0.7583&y=0.4440&z=0
2015-05-24 10:43:05.883251 do get, return /do?&x=0.7583&y=0.4631&z=0
2015-05-24 10:43:05.884249 [0.7583, 0.3829, 0.0]
2015-05-24 10:43:05.893249 [0.7583, 0.4039, 0.0]
2015-05-24 10:43:05.894250 do get, return /do?&x=0.7583&y=0.4803&z=0
2015-05-24 10:43:05.897251 [0.7583, 0.4249, 0.0]
2015-05-24 10:43:05.902249 [0.7583, 0.444, 0.0]
2015-05-24 10:43:05.905250 [0.7583, 0.4631, 0.0]
2015-05-24 10:43:05.912250 do get, return /do?&x=0.7602&y=0.4975&z=0
2015-05-24 10:43:05.918252 [0.7583, 0.4803, 0.0]
2015-05-24 10:43:05.920252 do get, return /do?&x=0.7622&y=0.5109&z=0
2015-05-24 10:43:05.927251 do get, return /do?&x=0.7641&y=0.5224&z=0
2015-05-24 10:43:05.936251 [0.7602, 0.4975, 0.0]
2015-05-24 10:43:05.944252 [0.7622, 0.5109, 0.0]
2015-05-24 10:43:05.947255 do get, return /do?&x=0.7679&y=0.5281&z=0
2015-05-24 10:43:05.949253 do get, return /do?&x=0.7698&y=0.5338&z=0
2015-05-24 10:43:05.950253 do get, return /do?&x=0.7755&y=0.5376&z=0
2015-05-24 10:43:05.952254 [0.7641, 0.5224, 0.0]
2015-05-24 10:43:05.960253 do get, return /do?&x=0.7794&y=0.5396&z=0
2015-05-24 10:43:05.966254 [0.7679, 0.5281, 0.0]
2015-05-24 10:43:05.969255 do get, return /do?&x=0.7851&y=0.5396&z=0
2015-05-24 10:43:05.971254 [0.7698, 0.5338, 0.0]
2015-05-24 10:43:05.975255 [0.7755, 0.5376, 0.0]
2015-05-24 10:43:05.985257 do get, return /do?&x=0.7927&y=0.5396&z=0
2015-05-24 10:43:05.987254 [0.7794, 0.5396, 0.0]
2015-05-24 10:43:05.996255 do get, return /do?&x=0.8042&y=0.5338&z=0
2015-05-24 10:43:05.998256 [0.7851, 0.5396, 0.0]
2015-05-24 10:43:06.007258 do get, return /do?&x=0.8157&y=0.5243&z=0
2015-05-24 10:43:06.012256 do get, return /do?&x=0.8271&y=0.5128&z=0
2015-05-24 10:43:06.014256 [0.7927, 0.5396, 0.0]
2015-05-24 10:43:06.022257 do get, return /do?&x=0.8405&y=0.4975&z=0
2015-05-24 10:43:06.024258 [0.8042, 0.5338, 0.0]
2015-05-24 10:43:06.035259 [0.8157, 0.5243, 0.0]
2015-05-24 10:43:06.040257 [0.8271, 0.5128, 0.0]
2015-05-24 10:43:06.049257 [0.8405, 0.4975, 0.0]
2015-05-24 10:43:06.141469 do get, return /do?&x=0.8520&y=0.4822&z=0
2015-05-24 10:43:06.142473 do get, return /do?&x=0.8673&y=0.4650&z=0
2015-05-24 10:43:06.143494 do get, return /do?&x=0.8807&y=0.4459&z=0
2015-05-24 10:43:06.147505 [0.852, 0.4822, 0.0]
2015-05-24 10:43:06.151471 [0.8673, 0.465, 0.0]
2015-05-24 10:43:06.156470 [0.8807, 0.4459, 0.0]
2015-05-24 10:43:06.170471 do get, return /do?&x=0.9036&y=0.4192&z=0
2015-05-24 10:43:06.172472 do get, return /do?&x=0.9227&y=0.3924&z=0
2015-05-24 10:43:06.173472 do get, return /do?&x=0.9647&y=0.3293&z=0
2015-05-24 10:43:06.174473 do get, return /do?&x=0.9437&y=0.3618&z=0
2015-05-24 10:43:06.176473 do get, return /do?&x=0.9838&y=0.3026&z=0
2015-05-24 10:43:06.180471 [0.9036, 0.4192, 0.0]
2015-05-24 10:43:06.186471 [0.9227, 0.3924, 0.0]
2015-05-24 10:43:06.191472 [0.9647, 0.3293, 0.0]
2015-05-24 10:43:06.195474 [0.9437, 0.3618, 0.0]
2015-05-24 10:43:06.199473 [0.9838, 0.3026, 0.0]
2015-05-24 10:43:09.218749 do get, return /do?&x=0.7794&y=0.0771&z=0
2015-05-24 10:43:09.231743 [0.7794, 0.0771, 0.0]
2015-05-24 10:44:31.991440 do get, return /do?&x=0.4736&y=0.0083&z=0
2015-05-24 10:44:31.996455 [0.4736, 0.0083, 0.0]
2015-05-24 10:44:31.998438 do get, return /do?&x=0.4908&y=0.0274&z=0
2015-05-24 10:44:32.007439 do get, return /do?&x=0.5061&y=0.0465&z=0
2015-05-24 10:44:32.013440 [0.4908, 0.0274, 0.0]
2015-05-24 10:44:32.018441 do get, return /do?&x=0.5252&y=0.0752&z=0
2015-05-24 10:44:32.019443 [0.5061, 0.0465, 0.0]
2015-05-24 10:44:32.022439 do get, return /do?&x=0.5443&y=0.1019&z=0
2015-05-24 10:44:32.031443 do get, return /do?&x=0.5615&y=0.1325&z=0
2015-05-24 10:44:32.032442 [0.5252, 0.0752, 0.0]
2015-05-24 10:44:32.040440 do get, return /do?&x=0.5768&y=0.1612&z=0
2015-05-24 10:44:32.045441 [0.5443, 0.1019, 0.0]
2015-05-24 10:44:32.053452 [0.5615, 0.1325, 0.0]
2015-05-24 10:44:32.056442 do get, return /do?&x=0.6016&y=0.2223&z=0
2015-05-24 10:44:32.067956 do get, return /do?&x=0.6150&y=0.2644&z=0
2015-05-24 10:44:32.070441 [0.5768, 0.1612, 0.0]
2015-05-24 10:44:32.087444 [0.6016, 0.2223, 0.0]
2015-05-24 10:44:32.097444 do get, return /do?&x=0.6284&y=0.3064&z=0
2015-05-24 10:44:32.097444 [0.615, 0.2644, 0.0]
2015-05-24 10:44:32.099445 do get, return /do?&x=0.6398&y=0.3485&z=0
2015-05-24 10:44:32.108444 do get, return /do?&x=0.6513&y=0.3905&z=0
2015-05-24 10:44:32.111444 do get, return /do?&x=0.6628&y=0.4306&z=0
2015-05-24 10:44:32.118444 [0.6284, 0.3064, 0.0]
2015-05-24 10:44:32.121445 do get, return /do?&x=0.6819&y=0.5224&z=0
2015-05-24 10:44:32.129447 do get, return /do?&x=0.6895&y=0.5625&z=0
2015-05-24 10:44:32.130446 [0.6398, 0.3485, 0.0]
2015-05-24 10:44:32.135446 [0.6513, 0.3905, 0.0]
2015-05-24 10:44:32.141452 [0.6628, 0.4306, 0.0]
2015-05-24 10:44:32.154450 do get, return /do?&x=0.6934&y=0.6007&z=0
2015-05-24 10:44:32.155447 [0.6819, 0.5224, 0.0]
2015-05-24 10:44:32.160453 [0.6895, 0.5625, 0.0]
2015-05-24 10:44:32.173448 do get, return /do?&x=0.6953&y=0.6351&z=0
2015-05-24 10:44:32.187452 [0.6934, 0.6007, 0.0]
2015-05-24 10:44:32.196449 do get, return /do?&x=0.6953&y=0.6619&z=0
2015-05-24 10:44:32.197449 do get, return /do?&x=0.6953&y=0.6867&z=0
2015-05-24 10:44:32.198450 do get, return /do?&x=0.6972&y=0.7135&z=0
2015-05-24 10:44:32.205450 [0.6953, 0.6351, 0.0]
2015-05-24 10:44:32.206450 do get, return /do?&x=0.6991&y=0.7402&z=0
2015-05-24 10:44:32.220452 do get, return /do?&x=0.7029&y=0.7670&z=0
2015-05-24 10:44:32.220452 [0.6953, 0.6619, 0.0]
2015-05-24 10:44:32.226452 [0.6953, 0.6867, 0.0]
2015-05-24 10:44:32.231452 [0.6972, 0.7135, 0.0]
2015-05-24 10:44:32.240452 do get, return /do?&x=0.7105&y=0.7899&z=0
2015-05-24 10:44:32.244453 [0.6991, 0.7402, 0.0]
2015-05-24 10:44:32.250453 [0.7029, 0.767, 0.0]
2015-05-24 10:44:32.261454 do get, return /do?&x=0.7201&y=0.8109&z=0
2015-05-24 10:44:32.272455 do get, return /do?&x=0.7411&y=0.8530&z=0
2015-05-24 10:44:32.275454 [0.7105, 0.7899, 0.0]
2015-05-24 10:44:32.277458 do get, return /do?&x=0.7545&y=0.8778&z=0
2015-05-24 10:44:32.286458 do get, return /do?&x=0.7660&y=0.8989&z=0
2015-05-24 10:44:32.294455 [0.7201, 0.8109, 0.0]
2015-05-24 10:44:32.298456 [0.7411, 0.853, 0.0]
2015-05-24 10:44:32.310456 [0.7545, 0.8778, 0.0]
2015-05-24 10:44:32.314456 [0.766, 0.8989, 0.0]
2015-05-24 10:44:32.318458 do get, return /do?&x=0.7736&y=0.9180&z=0
2015-05-24 10:44:32.319458 do get, return /do?&x=0.7813&y=0.9333&z=0
2015-05-24 10:44:32.324457 do get, return /do?&x=0.7889&y=0.9505&z=0
2015-05-24 10:44:32.338460 do get, return /do?&x=0.7927&y=0.9638&z=0
2015-05-24 10:44:32.339458 do get, return /do?&x=0.7985&y=0.9772&z=0
2015-05-24 10:44:32.342458 [0.7736, 0.918, 0.0]
2015-05-24 10:44:32.347458 [0.7813, 0.9333, 0.0]
2015-05-24 10:44:32.353458 [0.7889, 0.9505, 0.0]
2015-05-24 10:44:32.358458 [0.7927, 0.9638, 0.0]
2015-05-24 10:44:32.362460 do get, return /do?&x=0.8023&y=0.9887&z=0
2015-05-24 10:44:32.366459 [0.7985, 0.9772, 0.0]
2015-05-24 10:44:32.374461 do get, return /do?&x=0.8042&y=0.9963&z=0
2015-05-24 10:44:32.389459 do get, return /do?&x=0.8348&y=0.9963&z=0
2015-05-24 10:44:32.394461 [0.8023, 0.9887, 0.0]
2015-05-24 10:44:32.399467 do get, return /do?&x=0.8348&y=0.9944&z=0
2015-05-24 10:44:32.408462 [0.8042, 0.9963, 0.0]
2015-05-24 10:44:32.408462 do get, return /do?&x=0.8348&y=0.9925&z=0
2015-05-24 10:44:32.415462 do get, return /do?&x=0.8348&y=0.9906&z=0
2015-05-24 10:44:32.417462 [0.8348, 0.9963, 0.0]
2015-05-24 10:44:32.431465 [0.8348, 0.9944, 0.0]
2015-05-24 10:44:32.442465 [0.8348, 0.9925, 0.0]
2015-05-24 10:44:32.448463 [0.8348, 0.9906, 0.0]
2015-05-24 10:44:32.453466 do get, return /do?&x=0.8329&y=0.9944&z=0
2015-05-24 10:44:32.484310 [0.8329, 0.9944, 0.0]
2015-05-24 10:44:32.530469 do get, return /do?&x=0.8310&y=0.9982&z=0
2015-05-24 10:44:32.537469 [0.831, 0.9982, 0.0]
2015-05-24 10:44:46.027008 do get, return /loc
2015-05-24 10:46:17.859993 do get, return /loc
2015-05-24 10:47:45.942403 do get, return /loc
2015-05-24 10:49:32.438099 do get, return /loc
2015-05-24 10:51:30.727980 do get, return /loc
2015-05-24 10:51:55.126290 do get, return /loc
2015-05-24 10:52:18.890117 do get, return /loc
2015-05-24 10:52:50.065523 do get, return /loc
2015-05-24 10:57:23.212927 do get, return /loc
2015-05-24 10:57:45.085057 do get, return /loc
2015-05-24 10:58:22.840830 do get, return /loc
2015-05-24 11:00:15.586222 do get, return /loc
2015-05-24 11:00:41.258747 do get, return /loc
2015-05-24 11:01:01.217898 do get, return /loc
2015-05-24 11:01:17.364269 do get, return /loc
2015-05-24 11:01:44.341379 do get, return /do?&x=0.4545&y=0.0025&z=0
2015-05-24 11:01:44.342377 do get, return /do?&x=0.4602&y=0.0064&z=0
2015-05-24 11:01:44.347380 [0.4545, 0.0025, 0.0]
2015-05-24 11:01:44.351378 [0.4602, 0.0064, 0.0]
2015-05-24 11:01:44.352381 do get, return /do?&x=0.4621&y=0.0102&z=0
2015-05-24 11:01:44.361379 do get, return /figs/square_0_2d_B1s.png
2015-05-24 11:01:44.363380 do get, return /do?&x=0.4678&y=0.0159&z=0
2015-05-24 11:01:44.368380 do get, return /do?&x=0.4755&y=0.0331&z=0
2015-05-24 11:01:44.369381 [0.4621, 0.0102, 0.0]
2015-05-24 11:01:44.371379 do get, return /do?&x=0.4698&y=0.0216&z=0
2015-05-24 11:01:44.372383 do get, return /do?&x=0.4736&y=0.0274&z=0
2015-05-24 11:01:44.377380 do get, return /do?&x=0.4793&y=0.0389&z=0
2015-05-24 11:01:44.379383 [0.4678, 0.0159, 0.0]
2015-05-24 11:01:44.384381 [0.4755, 0.0331, 0.0]
2015-05-24 11:01:44.393382 do get, return /do?&x=0.4831&y=0.0465&z=0
2015-05-24 11:01:44.396381 [0.4698, 0.0216, 0.0]
2015-05-24 11:01:44.400381 [0.4736, 0.0274, 0.0]
2015-05-24 11:01:44.405382 [0.4793, 0.0389, 0.0]
2015-05-24 11:01:44.415386 do get, return /do?&x=0.4851&y=0.0541&z=0
2015-05-24 11:01:44.424382 do get, return /do?&x=0.4851&y=0.0599&z=0
2015-05-24 11:01:44.426384 [0.4831, 0.0465, 0.0]
2015-05-24 11:01:44.450384 do get, return /do?&x=0.4870&y=0.0694&z=0
2015-05-24 11:01:44.453384 do get, return /do?&x=0.4908&y=0.0771&z=0
2015-05-24 11:01:44.457385 do get, return /do?&x=0.4946&y=0.0866&z=0
2015-05-24 11:01:44.461384 [0.4851, 0.0541, 0.0]
2015-05-24 11:01:44.466385 [0.4851, 0.0599, 0.0]
2015-05-24 11:01:44.473386 do get, return /do?&x=0.4984&y=0.0943&z=0
2015-05-24 11:01:44.476385 [0.487, 0.0694, 0.0]
2015-05-24 11:01:44.481386 [0.4908, 0.0771, 0.0]
2015-05-24 11:01:44.485387 [0.4946, 0.0866, 0.0]
2015-05-24 11:01:44.493389 do get, return /do?&x=0.5003&y=0.1038&z=0
2015-05-24 11:01:44.499389 do get, return /do?&x=0.5061&y=0.1115&z=0
2015-05-24 11:01:44.500387 [0.4984, 0.0943, 0.0]
2015-05-24 11:01:44.509390 do get, return /do?&x=0.5099&y=0.1210&z=0
2015-05-24 11:01:44.515388 do get, return /do?&x=0.5137&y=0.1325&z=0
2015-05-24 11:01:44.523388 do get, return /do?&x=0.5175&y=0.1459&z=0
2015-05-24 11:01:44.525388 [0.5003, 0.1038, 0.0]
2015-05-24 11:01:44.531389 [0.5061, 0.1115, 0.0]
2015-05-24 11:01:44.539389 do get, return /do?&x=0.5214&y=0.1554&z=0
2015-05-24 11:01:44.540391 [0.5099, 0.121, 0.0]
2015-05-24 11:01:44.546389 [0.5137, 0.1325, 0.0]
2015-05-24 11:01:44.552390 [0.5175, 0.1459, 0.0]
2015-05-24 11:01:44.560390 do get, return /do?&x=0.5252&y=0.1688&z=0
2015-05-24 11:01:44.565390 do get, return /do?&x=0.5290&y=0.1822&z=0
2015-05-24 11:01:44.567391 [0.5214, 0.1554, 0.0]
2015-05-24 11:01:44.575391 do get, return /do?&x=0.5309&y=0.1956&z=0
2015-05-24 11:01:44.591393 do get, return /do?&x=0.5328&y=0.2147&z=0
2015-05-24 11:01:44.593395 do get, return /do?&x=0.5347&y=0.2300&z=0
2015-05-24 11:01:44.598394 [0.5252, 0.1688, 0.0]
2015-05-24 11:01:44.604392 [0.529, 0.1822, 0.0]
2015-05-24 11:01:44.618395 [0.5309, 0.1956, 0.0]
2015-05-24 11:01:44.625394 [0.5328, 0.2147, 0.0]
2015-05-24 11:01:44.632397 [0.5347, 0.23, 0.0]
2015-05-24 11:01:44.638396 do get, return /do?&x=0.5366&y=0.2453&z=0
2015-05-24 11:01:44.645395 do get, return /do?&x=0.5385&y=0.2586&z=0
2015-05-24 11:01:44.668403 do get, return /do?&x=0.5405&y=0.2739&z=0
2015-05-24 11:01:44.684398 do get, return /do?&x=0.5424&y=0.2873&z=0
2015-05-24 11:01:44.688398 [0.5366, 0.2453, 0.0]
2015-05-24 11:01:44.690399 do get, return /do?&x=0.5443&y=0.3007&z=0
2015-05-24 11:01:44.695399 [0.5385, 0.2586, 0.0]
2015-05-24 11:01:44.699403 do get, return /do?&x=0.5462&y=0.3160&z=0
2015-05-24 11:01:44.704401 [0.5405, 0.2739, 0.0]
2015-05-24 11:01:44.710400 [0.5424, 0.2873, 0.0]
2015-05-24 11:01:44.721401 do get, return /do?&x=0.5481&y=0.3293&z=0
2015-05-24 11:01:44.725402 [0.5443, 0.3007, 0.0]
2015-05-24 11:01:44.735402 do get, return /do?&x=0.5500&y=0.3427&z=0
2015-05-24 11:01:44.738401 [0.5462, 0.316, 0.0]
2015-05-24 11:01:44.749418 do get, return /do?&x=0.5500&y=0.3523&z=0
2015-05-24 11:01:44.758403 do get, return /do?&x=0.5500&y=0.3637&z=0
2015-05-24 11:01:44.762404 [0.5481, 0.3293, 0.0]
2015-05-24 11:01:44.772405 do get, return /do?&x=0.5500&y=0.3733&z=0
2015-05-24 11:01:44.776404 [0.55, 0.3427, 0.0]
2015-05-24 11:01:44.784403 do get, return /do?&x=0.5500&y=0.3809&z=0
2015-05-24 11:01:44.787406 [0.55, 0.3523, 0.0]
2015-05-24 11:01:44.791406 [0.55, 0.3637, 0.0]
2015-05-24 11:01:44.801404 do get, return /do?&x=0.5500&y=0.3886&z=0
2015-05-24 11:01:44.803421 [0.55, 0.3733, 0.0]
2015-05-24 11:01:44.813424 do get, return /do?&x=0.5500&y=0.3943&z=0
2015-05-24 11:01:44.814408 [0.55, 0.3809, 0.0]
2015-05-24 11:01:44.822406 do get, return /do?&x=0.5500&y=0.4000&z=0
2015-05-24 11:01:44.853407 do get, return /do?&x=0.5500&y=0.4115&z=0
2015-05-24 11:01:44.830409 [0.55, 0.3886, 0.0]
2015-05-24 11:01:44.839409 [0.55, 0.3943, 0.0]
2015-05-24 11:01:44.850408 do get, return /do?&x=0.5500&y=0.4096&z=0
2015-05-24 11:01:44.853407 [0.55, 0.4, 0.0]
2015-05-24 11:01:44.828409 do get, return /do?&x=0.5500&y=0.4039&z=0
2015-05-24 11:01:44.858408 [0.55, 0.4115, 0.0]
2015-05-24 11:01:44.873409 do get, return /do?&x=0.5500&y=0.4134&z=0
2015-05-24 11:01:44.875409 do get, return /do?&x=0.5500&y=0.4153&z=0
2015-05-24 11:01:44.877409 [0.55, 0.4096, 0.0]
2015-05-24 11:01:44.887411 do get, return /do?&x=0.5500&y=0.4173&z=0
2015-05-24 11:01:44.888411 [0.55, 0.4039, 0.0]
2015-05-24 11:01:44.900411 do get, return /do?&x=0.5500&y=0.4173&z=0
2015-05-24 11:01:44.902410 [0.55, 0.4134, 0.0]
2015-05-24 11:01:44.908411 [0.55, 0.4153, 0.0]
2015-05-24 11:01:44.919411 do get, return /do?&x=0.5500&y=0.4192&z=0
2015-05-24 11:01:44.929413 [0.55, 0.4173, 0.0]
2015-05-24 11:01:44.940414 [0.55, 0.4173, 0.0]
2015-05-24 11:01:44.941415 do get, return /do?&x=0.5500&y=0.4211&z=0
2015-05-24 11:01:44.955417 do get, return /do?&x=0.5500&y=0.4230&z=0
2015-05-24 11:01:44.965417 [0.55, 0.4192, 0.0]
2015-05-24 11:01:44.978415 do get, return /do?&x=0.5500&y=0.4211&z=0
2015-05-24 11:01:44.983421 do get, return /do?&x=0.5500&y=0.4192&z=0
2015-05-24 11:01:44.986417 [0.55, 0.4211, 0.0]
2015-05-24 11:01:44.990416 [0.55, 0.423, 0.0]
2015-05-24 11:01:45.002417 [0.55, 0.4211, 0.0]
2015-05-24 11:01:45.005417 [0.55, 0.4192, 0.0]
2015-05-24 11:01:45.120426 do get, return /do?&x=0.5500&y=0.4077&z=0
2015-05-24 11:01:45.125425 [0.55, 0.4077, 0.0]
2015-05-24 11:01:45.135425 do get, return /do?&x=0.5481&y=0.4077&z=0
2015-05-24 11:01:45.142442 [0.5481, 0.4077, 0.0]
2015-05-24 11:01:45.144425 do get, return /do?&x=0.5481&y=0.4058&z=0
2015-05-24 11:01:45.157426 [0.5481, 0.4058, 0.0]
2015-05-24 11:01:45.159426 do get, return /do?&x=0.5481&y=0.4039&z=0
2015-05-24 11:01:45.167426 do get, return /do?&x=0.5481&y=0.4020&z=0
2015-05-24 11:01:45.170426 [0.5481, 0.4039, 0.0]
2015-05-24 11:01:45.175426 [0.5481, 0.402, 0.0]
2015-05-24 11:01:45.176433 do get, return /do?&x=0.5462&y=0.4020&z=0
2015-05-24 11:01:45.191429 do get, return /do?&x=0.5462&y=0.4000&z=0
2015-05-24 11:01:45.194449 [0.5462, 0.402, 0.0]
2015-05-24 11:01:45.204427 [0.5462, 0.4, 0.0]
2015-05-24 11:01:45.326454 do get, return /do?&x=0.5462&y=0.4000&z=1
2015-05-24 11:01:45.327454 do get, return /figs/square_0_2d_F1s.png
2015-05-24 11:01:45.332466 [0.5462, 0.4, 1.0]
2015-05-24 11:01:46.047703 do get, return /do?&x=0.5462&y=0.4020&z=1
2015-05-24 11:01:46.054706 [0.5462, 0.402, 1.0]
2015-05-24 11:01:46.063707 do get, return /do?&x=0.5462&y=0.4039&z=1
2015-05-24 11:01:46.070707 [0.5462, 0.4039, 1.0]
2015-05-24 11:01:46.201712 do get, return /do?&x=0.5462&y=0.4039&z=2
2015-05-24 11:01:46.207712 [0.5462, 0.4039, 2.0]
2015-05-24 11:01:48.072405 do get, return /do?&x=0.5443&y=0.4039&z=1
2015-05-24 11:01:48.080401 [0.5443, 0.4039, 1.0]
2015-05-24 11:01:48.126410 do get, return /do?&x=0.5424&y=0.4039&z=1
2015-05-24 11:01:48.134405 [0.5424, 0.4039, 1.0]
2015-05-24 11:01:48.136406 do get, return /do?&x=0.5424&y=0.4020&z=1
2015-05-24 11:01:48.147413 [0.5424, 0.402, 1.0]
2015-05-24 11:01:48.227427 do get, return /do?&x=0.5424&y=0.4020&z=0
2015-05-24 11:01:48.233428 [0.5424, 0.402, 0.0]
2015-05-24 11:01:48.734488 do get, return /do?&x=0.5424&y=0.4000&z=0
2015-05-24 11:01:48.740520 [0.5424, 0.4, 0.0]
2015-05-24 11:01:48.836530 do get, return /do?&x=0.5424&y=0.3981&z=0
2015-05-24 11:01:48.841531 [0.5424, 0.3981, 0.0]
2015-05-24 11:01:48.878539 do get, return /do?&x=0.5424&y=0.3962&z=0
2015-05-24 11:01:48.884531 [0.5424, 0.3962, 0.0]
2015-05-24 11:01:48.895533 do get, return /do?&x=0.5424&y=0.3943&z=0
2015-05-24 11:01:48.903543 [0.5424, 0.3943, 0.0]
2015-05-24 11:01:48.921534 do get, return /do?&x=0.5443&y=0.3943&z=0
2015-05-24 11:01:48.927536 do get, return /do?&x=0.5443&y=0.3924&z=0
2015-05-24 11:01:48.929535 [0.5443, 0.3943, 0.0]
2015-05-24 11:01:48.937535 [0.5443, 0.3924, 0.0]
2015-05-24 11:01:48.943556 do get, return /do?&x=0.5443&y=0.3905&z=0
2015-05-24 11:01:48.959535 [0.5443, 0.3905, 0.0]
2015-05-24 11:01:48.960535 do get, return /do?&x=0.5443&y=0.3886&z=0
2015-05-24 11:01:48.968535 do get, return /do?&x=0.5462&y=0.3886&z=0
2015-05-24 11:01:48.973534 [0.5443, 0.3886, 0.0]
2015-05-24 11:01:48.975551 do get, return /do?&x=0.5462&y=0.3848&z=0
2015-05-24 11:01:48.978535 [0.5462, 0.3886, 0.0]
2015-05-24 11:01:48.984536 do get, return /do?&x=0.5481&y=0.3829&z=0
2015-05-24 11:01:48.989536 [0.5462, 0.3848, 0.0]
2015-05-24 11:01:49.000536 do get, return /do?&x=0.5519&y=0.3752&z=0
2015-05-24 11:01:49.002536 [0.5481, 0.3829, 0.0]
2015-05-24 11:01:49.009538 do get, return /do?&x=0.5558&y=0.3714&z=0
2015-05-24 11:01:49.016536 [0.5519, 0.3752, 0.0]
2015-05-24 11:01:49.019540 do get, return /do?&x=0.5577&y=0.3676&z=0
2015-05-24 11:01:49.024539 do get, return /do?&x=0.5615&y=0.3618&z=0
2015-05-24 11:01:49.026538 [0.5558, 0.3714, 0.0]
2015-05-24 11:01:49.041539 [0.5577, 0.3676, 0.0]
2015-05-24 11:01:49.046538 [0.5615, 0.3618, 0.0]
2015-05-24 11:01:49.065541 do get, return /do?&x=0.5653&y=0.3561&z=0
2015-05-24 11:01:49.068542 do get, return /do?&x=0.5730&y=0.3504&z=0
2015-05-24 11:01:49.069541 do get, return /do?&x=0.5787&y=0.3427&z=0
2015-05-24 11:01:49.070541 do get, return /do?&x=0.5882&y=0.3332&z=0
2015-05-24 11:01:49.071541 do get, return /do?&x=0.5997&y=0.3236&z=0
2015-05-24 11:01:49.072541 [0.5653, 0.3561, 0.0]
2015-05-24 11:01:49.076540 [0.573, 0.3504, 0.0]
2015-05-24 11:01:49.081541 [0.5787, 0.3427, 0.0]
2015-05-24 11:01:49.083541 do get, return /do?&x=0.6112&y=0.3140&z=0
2015-05-24 11:01:49.087541 [0.5882, 0.3332, 0.0]
2015-05-24 11:01:49.094541 [0.5997, 0.3236, 0.0]
2015-05-24 11:01:49.104542 do get, return /do?&x=0.6265&y=0.3045&z=0
2015-05-24 11:01:49.107547 do get, return /do?&x=0.6398&y=0.2930&z=0
2015-05-24 11:01:49.115543 do get, return /do?&x=0.6551&y=0.2835&z=0
2015-05-24 11:01:49.118544 [0.6112, 0.314, 0.0]
2015-05-24 11:01:49.128544 do get, return /do?&x=0.6685&y=0.2739&z=0
2015-05-24 11:01:49.132544 do get, return /do?&x=0.6819&y=0.2644&z=0
2015-05-24 11:01:49.136544 [0.6265, 0.3045, 0.0]
2015-05-24 11:01:49.146546 [0.6398, 0.293, 0.0]
2015-05-24 11:01:49.153546 [0.6551, 0.2835, 0.0]
2015-05-24 11:01:49.162547 do get, return /do?&x=0.7010&y=0.2529&z=0
2015-05-24 11:01:49.163546 [0.6685, 0.2739, 0.0]
2015-05-24 11:01:49.169546 [0.6819, 0.2644, 0.0]
2015-05-24 11:01:49.184548 do get, return /do?&x=0.7182&y=0.2453&z=0
2015-05-24 11:01:49.188548 do get, return /do?&x=0.7354&y=0.2376&z=0
2015-05-24 11:01:49.192549 [0.701, 0.2529, 0.0]
2015-05-24 11:01:49.195548 do get, return /do?&x=0.7564&y=0.2280&z=0
2015-05-24 11:01:49.201548 do get, return /do?&x=0.7813&y=0.2185&z=0
2015-05-24 11:01:49.209548 do get, return /do?&x=0.8042&y=0.2089&z=0
2015-05-24 11:01:49.209548 [0.7182, 0.2453, 0.0]
2015-05-24 11:01:49.216550 [0.7354, 0.2376, 0.0]
2015-05-24 11:01:49.226550 do get, return /do?&x=0.8348&y=0.1994&z=0
2015-05-24 11:01:49.227549 [0.7564, 0.228, 0.0]
2015-05-24 11:01:49.231550 [0.7813, 0.2185, 0.0]
2015-05-24 11:01:49.236550 [0.8042, 0.2089, 0.0]
2015-05-24 11:01:49.246578 do get, return /do?&x=0.8654&y=0.1898&z=0
2015-05-24 11:01:49.251552 do get, return /do?&x=0.8940&y=0.1803&z=0
2015-05-24 11:01:49.252552 [0.8348, 0.1994, 0.0]
2015-05-24 11:01:49.261551 do get, return /do?&x=0.9189&y=0.1745&z=0
2015-05-24 11:01:49.269552 do get, return /do?&x=0.9437&y=0.1688&z=0
2015-05-24 11:01:49.270552 [0.8654, 0.1898, 0.0]
2015-05-24 11:01:49.270552 do get, return /do?&x=0.9705&y=0.1612&z=0
2015-05-24 11:01:49.275554 [0.894, 0.1803, 0.0]
2015-05-24 11:01:49.284555 do get, return /do?&x=0.9953&y=0.1554&z=0
2015-05-24 11:01:49.284555 [0.9189, 0.1745, 0.0]
2015-05-24 11:01:49.288554 [0.9437, 0.1688, 0.0]
2015-05-24 11:01:49.297554 [0.9705, 0.1612, 0.0]
2015-05-24 11:01:49.308554 [0.9953, 0.1554, 0.0]
2015-05-24 11:02:03.439410 do get, return /do?&x=0.6628&y=0.6275&z=0
2015-05-24 11:02:03.444395 do get, return /do?&x=0.6188&y=0.6867&z=0
2015-05-24 11:02:03.453397 [0.6628, 0.6275, 0.0]
2015-05-24 11:02:03.455397 do get, return /do?&x=0.5768&y=0.7345&z=0
2015-05-24 11:02:03.462399 do get, return /do?&x=0.5481&y=0.7689&z=0
2015-05-24 11:02:03.469396 [0.6188, 0.6867, 0.0]
2015-05-24 11:02:03.471397 do get, return /do?&x=0.5347&y=0.7861&z=0
2015-05-24 11:02:03.476397 do get, return /do?&x=0.5252&y=0.7976&z=0
2015-05-24 11:02:03.503403 [0.5768, 0.7345, 0.0]
2015-05-24 11:02:03.509399 do get, return /do?&x=0.5195&y=0.8014&z=0
2015-05-24 11:02:03.517407 [0.5481, 0.7689, 0.0]
2015-05-24 11:02:03.541402 do get, return /do?&x=0.5175&y=0.8033&z=0
2015-05-24 11:02:03.546401 [0.5347, 0.7861, 0.0]
2015-05-24 11:02:03.561401 [0.5252, 0.7976, 0.0]
2015-05-24 11:02:03.584430 do get, return /do?&x=0.5175&y=0.8090&z=0
2015-05-24 11:02:03.591407 [0.5195, 0.8014, 0.0]
2015-05-24 11:02:03.615407 do get, return /do?&x=0.5175&y=0.8167&z=0
2015-05-24 11:02:03.619405 [0.5175, 0.8033, 0.0]
2015-05-24 11:02:03.641421 do get, return /do?&x=0.5252&y=0.8320&z=0
2015-05-24 11:02:03.655409 do get, return /do?&x=0.5328&y=0.8492&z=0
2015-05-24 11:02:03.659420 [0.5175, 0.809, 0.0]
2015-05-24 11:02:03.678409 do get, return /do?&x=0.5385&y=0.8645&z=0
2015-05-24 11:02:03.684409 [0.5175, 0.8167, 0.0]
2015-05-24 11:02:03.710413 [0.5252, 0.832, 0.0]
2015-05-24 11:02:03.720413 do get, return /do?&x=0.5443&y=0.8797&z=0
2015-05-24 11:02:03.723428 [0.5328, 0.8492, 0.0]
2015-05-24 11:02:03.751414 do get, return /do?&x=0.5500&y=0.8912&z=0
2015-05-24 11:02:03.751414 [0.5385, 0.8645, 0.0]
2015-05-24 11:02:03.770421 do get, return /do?&x=0.5538&y=0.8989&z=0
2015-05-24 11:02:03.784416 do get, return /do?&x=0.5538&y=0.9008&z=0
2015-05-24 11:02:03.791420 [0.5443, 0.8797, 0.0]
2015-05-24 11:02:03.815417 do get, return /do?&x=0.5558&y=0.9027&z=0
2015-05-24 11:02:03.819419 [0.55, 0.8912, 0.0]
2015-05-24 11:02:03.846418 [0.5538, 0.8989, 0.0]
2015-05-24 11:02:03.850425 do get, return /do?&x=0.5424&y=0.9027&z=0
2015-05-24 11:02:03.859426 [0.5538, 0.9008, 0.0]
2015-05-24 11:02:03.879436 do get, return /do?&x=0.5156&y=0.9027&z=0
2015-05-24 11:02:03.882434 [0.5558, 0.9027, 0.0]
2015-05-24 11:02:03.895421 do get, return /do?&x=0.4736&y=0.9027&z=0
2015-05-24 11:02:03.907422 do get, return /do?&x=0.4220&y=0.9027&z=0
2015-05-24 11:02:03.908422 [0.5424, 0.9027, 0.0]
2015-05-24 11:02:03.920421 [0.5156, 0.9027, 0.0]
2015-05-24 11:02:03.922423 do get, return /do?&x=0.3704&y=0.9027&z=0
2015-05-24 11:02:03.932435 do get, return /do?&x=0.3169&y=0.9027&z=0
2015-05-24 11:02:03.934436 [0.4736, 0.9027, 0.0]
2015-05-24 11:02:03.940424 [0.422, 0.9027, 0.0]
2015-05-24 11:02:03.955425 do get, return /do?&x=0.2653&y=0.9046&z=0
2015-05-24 11:02:03.959441 [0.3704, 0.9027, 0.0]
2015-05-24 11:02:03.966424 [0.3169, 0.9027, 0.0]
2015-05-24 11:02:03.972425 do get, return /do?&x=0.2270&y=0.9065&z=0
2015-05-24 11:02:03.980425 do get, return /do?&x=0.2003&y=0.9084&z=0
2015-05-24 11:02:03.985441 do get, return /do?&x=0.1831&y=0.9103&z=0
2015-05-24 11:02:03.986441 [0.2653, 0.9046, 0.0]
2015-05-24 11:02:03.994425 do get, return /do?&x=0.1755&y=0.9122&z=0
2015-05-24 11:02:04.000425 [0.227, 0.9065, 0.0]
2015-05-24 11:02:04.001427 do get, return /do?&x=0.1697&y=0.9122&z=0
2015-05-24 11:02:04.005426 [0.2003, 0.9084, 0.0]
2015-05-24 11:02:04.009427 [0.1831, 0.9103, 0.0]
2015-05-24 11:02:04.018427 do get, return /do?&x=0.1697&y=0.9103&z=0
2015-05-24 11:02:04.019440 [0.1755, 0.9122, 0.0]
2015-05-24 11:02:04.028428 do get, return /do?&x=0.1697&y=0.9084&z=0
2015-05-24 11:02:04.029429 [0.1697, 0.9122, 0.0]
2015-05-24 11:02:04.036427 do get, return /do?&x=0.1716&y=0.9046&z=0
2015-05-24 11:02:04.040428 do get, return /do?&x=0.1755&y=0.8989&z=0
2015-05-24 11:02:04.041429 [0.1697, 0.9103, 0.0]
2015-05-24 11:02:04.050429 do get, return /do?&x=0.1774&y=0.8950&z=0
2015-05-24 11:02:04.050429 [0.1697, 0.9084, 0.0]
2015-05-24 11:02:04.058430 do get, return /do?&x=0.1812&y=0.8893&z=0
2015-05-24 11:02:04.059429 [0.1716, 0.9046, 0.0]
2015-05-24 11:02:04.063430 [0.1755, 0.8989, 0.0]
2015-05-24 11:02:04.073433 do get, return /do?&x=0.1831&y=0.8855&z=0
2015-05-24 11:02:04.074433 [0.1774, 0.895, 0.0]
2015-05-24 11:02:04.084432 do get, return /do?&x=0.1888&y=0.8797&z=0
2015-05-24 11:02:04.087447 [0.1812, 0.8893, 0.0]
2015-05-24 11:02:04.097432 do get, return /do?&x=0.1907&y=0.8721&z=0
2015-05-24 11:02:04.105432 [0.1831, 0.8855, 0.0]
2015-05-24 11:02:04.117432 [0.1888, 0.8797, 0.0]
2015-05-24 11:02:04.121433 do get, return /do?&x=0.1965&y=0.8664&z=0
2015-05-24 11:02:04.123435 do get, return /do?&x=0.2003&y=0.8587&z=0
2015-05-24 11:02:04.129451 do get, return /do?&x=0.2060&y=0.8530&z=0
2015-05-24 11:02:04.132433 [0.1907, 0.8721, 0.0]
2015-05-24 11:02:04.143435 do get, return /do?&x=0.2137&y=0.8434&z=0
2015-05-24 11:02:04.148434 do get, return /do?&x=0.2213&y=0.8320&z=0
2015-05-24 11:02:04.151434 [0.1965, 0.8664, 0.0]
2015-05-24 11:02:04.157440 [0.2003, 0.8587, 0.0]
2015-05-24 11:02:04.163436 [0.206, 0.853, 0.0]
2015-05-24 11:02:04.176440 do get, return /do?&x=0.2289&y=0.8186&z=0
2015-05-24 11:02:04.177444 [0.2137, 0.8434, 0.0]
2015-05-24 11:02:04.182437 [0.2213, 0.832, 0.0]
2015-05-24 11:02:04.192437 do get, return /do?&x=0.2385&y=0.8071&z=0
2015-05-24 11:02:04.200438 do get, return /do?&x=0.2481&y=0.7937&z=0
2015-05-24 11:02:04.207437 do get, return /do?&x=0.2557&y=0.7804&z=0
2015-05-24 11:02:04.208441 [0.2289, 0.8186, 0.0]
2015-05-24 11:02:04.218439 do get, return /do?&x=0.2672&y=0.7651&z=0
2015-05-24 11:02:04.224439 do get, return /do?&x=0.2748&y=0.7479&z=0
2015-05-24 11:02:04.227441 [0.2385, 0.8071, 0.0]
2015-05-24 11:02:04.232439 [0.2481, 0.7937, 0.0]
2015-05-24 11:02:04.238440 [0.2557, 0.7804, 0.0]
2015-05-24 11:02:04.250441 do get, return /do?&x=0.2825&y=0.7269&z=0
2015-05-24 11:02:04.253441 [0.2672, 0.7651, 0.0]
2015-05-24 11:02:04.259440 [0.2748, 0.7479, 0.0]
2015-05-24 11:02:04.269441 do get, return /do?&x=0.2920&y=0.7077&z=0
2015-05-24 11:02:04.275442 do get, return /do?&x=0.2978&y=0.6905&z=0
2015-05-24 11:02:04.283443 do get, return /do?&x=0.3016&y=0.6733&z=0
2015-05-24 11:02:04.287461 [0.2825, 0.7269, 0.0]
2015-05-24 11:02:04.297444 do get, return /do?&x=0.3035&y=0.6619&z=0
2015-05-24 11:02:04.304466 do get, return /do?&x=0.3054&y=0.6485&z=0
2015-05-24 11:02:04.304466 [0.292, 0.7077, 0.0]
2015-05-24 11:02:04.309443 [0.2978, 0.6905, 0.0]
2015-05-24 11:02:04.315463 [0.3016, 0.6733, 0.0]
2015-05-24 11:02:04.324445 do get, return /do?&x=0.3073&y=0.6351&z=0
2015-05-24 11:02:04.326445 [0.3035, 0.6619, 0.0]
2015-05-24 11:02:04.331462 [0.3054, 0.6485, 0.0]
2015-05-24 11:02:04.340446 do get, return /do?&x=0.3092&y=0.6236&z=0
2015-05-24 11:02:04.346463 do get, return /do?&x=0.3111&y=0.6141&z=0
2015-05-24 11:02:04.352447 do get, return /do?&x=0.3111&y=0.6026&z=0
2015-05-24 11:02:04.354463 [0.3073, 0.6351, 0.0]
2015-05-24 11:02:04.363449 do get, return /do?&x=0.3111&y=0.5950&z=0
2015-05-24 11:02:04.368447 do get, return /do?&x=0.3111&y=0.5873&z=0
2015-05-24 11:02:04.371446 [0.3092, 0.6236, 0.0]
2015-05-24 11:02:04.376472 [0.3111, 0.6141, 0.0]
2015-05-24 11:02:04.381464 [0.3111, 0.6026, 0.0]
2015-05-24 11:02:04.390454 do get, return /do?&x=0.3111&y=0.5797&z=0
2015-05-24 11:02:04.392465 [0.3111, 0.595, 0.0]
2015-05-24 11:02:04.399452 [0.3111, 0.5873, 0.0]
2015-05-24 11:02:04.408453 do get, return /do?&x=0.3111&y=0.5720&z=0
2015-05-24 11:02:04.413449 do get, return /do?&x=0.3130&y=0.5625&z=0
2015-05-24 11:02:04.419451 do get, return /do?&x=0.3149&y=0.5549&z=0
2015-05-24 11:02:04.421450 [0.3111, 0.5797, 0.0]
2015-05-24 11:02:04.429451 do get, return /do?&x=0.3169&y=0.5472&z=0
2015-05-24 11:02:04.434451 do get, return /do?&x=0.3188&y=0.5376&z=0
2015-05-24 11:02:04.437467 [0.3111, 0.572, 0.0]
2015-05-24 11:02:04.442468 [0.313, 0.5625, 0.0]
2015-05-24 11:02:04.447454 [0.3149, 0.5549, 0.0]
2015-05-24 11:02:04.455452 do get, return /do?&x=0.3226&y=0.5300&z=0
2015-05-24 11:02:04.457469 [0.3169, 0.5472, 0.0]
2015-05-24 11:02:04.462453 [0.3188, 0.5376, 0.0]
2015-05-24 11:02:04.471455 do get, return /do?&x=0.3283&y=0.5205&z=0
2015-05-24 11:02:04.486455 do get, return /do?&x=0.3379&y=0.5071&z=0
2015-05-24 11:02:04.491454 do get, return /do?&x=0.3513&y=0.4918&z=0
2015-05-24 11:02:04.494455 [0.3226, 0.53, 0.0]
2015-05-24 11:02:04.509472 [0.3283, 0.5205, 0.0]
2015-05-24 11:02:04.514455 [0.3379, 0.5071, 0.0]
2015-05-24 11:02:04.519456 [0.3513, 0.4918, 0.0]
2015-05-24 11:02:04.528457 do get, return /do?&x=0.3646&y=0.4746&z=0
2015-05-24 11:02:04.529473 do get, return /do?&x=0.3818&y=0.4555&z=0
2015-05-24 11:02:04.547460 [0.3646, 0.4746, 0.0]
2015-05-24 11:02:04.548458 do get, return /do?&x=0.4048&y=0.4364&z=0
2015-05-24 11:02:04.549458 do get, return /do?&x=0.4315&y=0.4153&z=0
2015-05-24 11:02:04.553481 [0.3818, 0.4555, 0.0]
2015-05-24 11:02:04.563475 [0.4048, 0.4364, 0.0]
2015-05-24 11:02:04.568486 [0.4315, 0.4153, 0.0]
2015-05-24 11:02:04.584459 do get, return /do?&x=0.4736&y=0.3867&z=0
2015-05-24 11:02:04.585460 do get, return /do?&x=0.5099&y=0.3599&z=0
2015-05-24 11:02:04.586460 do get, return /do?&x=0.5558&y=0.3408&z=0
2015-05-24 11:02:04.588461 do get, return /do?&x=0.5997&y=0.3198&z=0
2015-05-24 11:02:04.589460 do get, return /do?&x=0.6456&y=0.3045&z=0
2015-05-24 11:02:04.594463 do get, return /do?&x=0.6628&y=0.0293&z=0
2015-05-24 11:02:04.594463 [0.4736, 0.3867, 0.0]
2015-05-24 11:02:04.600462 [0.5099, 0.3599, 0.0]
2015-05-24 11:02:04.605461 [0.5558, 0.3408, 0.0]
2015-05-24 11:02:04.612464 [0.5997, 0.3198, 0.0]
2015-05-24 11:02:04.617484 [0.6456, 0.3045, 0.0]
2015-05-24 11:02:04.623463 [0.6628, 0.0293, 0.0]
2015-05-24 11:02:04.650463 do get, return /do?&x=0.6418&y=0.0197&z=0
2015-05-24 11:02:04.653464 do get, return /do?&x=0.6265&y=0.0121&z=0
2015-05-24 11:02:04.653464 do get, return /do?&x=0.6035&y=0.0044&z=0
2015-05-24 11:02:04.654481 do get, return /do?&x=0.6131&y=0.0083&z=0
2015-05-24 11:02:04.659465 do get, return /do?&x=0.5978&y=0.0025&z=0
2015-05-24 11:02:04.666465 do get, return /do?&x=0.5940&y=0.0006&z=0
2015-05-24 11:02:04.668481 [0.6418, 0.0197, 0.0]
2015-05-24 11:02:04.674485 [0.6265, 0.0121, 0.0]
2015-05-24 11:02:04.679482 [0.6035, 0.0044, 0.0]
2015-05-24 11:02:04.685467 [0.6131, 0.0083, 0.0]
2015-05-24 11:02:04.690466 [0.5978, 0.0025, 0.0]
2015-05-24 11:02:04.695466 [0.594, 0.0006, 0.0]
2015-05-24 11:02:04.719468 do get, return /do?&x=0.5902&y=0.0006&z=0
2015-05-24 11:02:04.730469 do get, return /do?&x=0.5863&y=0.0006&z=0
2015-05-24 11:02:04.736486 [0.5902, 0.0006, 0.0]
2015-05-24 11:02:04.741469 [0.5863, 0.0006, 0.0]
2015-05-24 11:02:04.750469 do get, return /do?&x=0.5844&y=0.0006&z=0
2015-05-24 11:02:04.752470 do get, return /do?&x=0.5825&y=0.0006&z=0
2015-05-24 11:02:04.753470 do get, return /do?&x=0.5787&y=0.0006&z=0
2015-05-24 11:02:04.754472 do get, return /do?&x=0.5749&y=0.0006&z=0
2015-05-24 11:02:04.756470 do get, return /do?&x=0.5711&y=0.0044&z=0
2015-05-24 11:02:04.757470 do get, return /do?&x=0.5672&y=0.0064&z=0
2015-05-24 11:02:04.760471 [0.5844, 0.0006, 0.0]
2015-05-24 11:02:04.767488 [0.5825, 0.0006, 0.0]
2015-05-24 11:02:04.773471 [0.5787, 0.0006, 0.0]
2015-05-24 11:02:04.779489 [0.5749, 0.0006, 0.0]
2015-05-24 11:02:04.785472 [0.5711, 0.0044, 0.0]
2015-05-24 11:02:04.790471 [0.5672, 0.0064, 0.0]
2015-05-24 11:02:04.800473 do get, return /do?&x=0.5653&y=0.0102&z=0
2015-05-24 11:02:04.807474 do get, return /do?&x=0.5634&y=0.0121&z=0
2015-05-24 11:02:04.813475 do get, return /do?&x=0.5577&y=0.0293&z=0
2015-05-24 11:02:04.818474 do get, return /do?&x=0.5577&y=0.0331&z=0
2015-05-24 11:02:04.825475 do get, return /do?&x=0.5558&y=0.0350&z=0
2015-05-24 11:02:04.832475 do get, return /do?&x=0.5558&y=0.0369&z=0
2015-05-24 11:02:04.834475 [0.5653, 0.0102, 0.0]
2015-05-24 11:02:04.840476 [0.5634, 0.0121, 0.0]
2015-05-24 11:02:04.847499 [0.5577, 0.0293, 0.0]
2015-05-24 11:02:04.854475 [0.5577, 0.0331, 0.0]
2015-05-24 11:02:04.860479 [0.5558, 0.035, 0.0]
2015-05-24 11:02:04.866492 [0.5558, 0.0369, 0.0]
2015-05-24 11:02:04.875477 do get, return /do?&x=0.5577&y=0.0331&z=0
2015-05-24 11:02:04.881477 do get, return /do?&x=0.5615&y=0.0274&z=0
2015-05-24 11:02:04.887477 do get, return /do?&x=0.5634&y=0.0178&z=0
2015-05-24 11:02:04.893478 do get, return /do?&x=0.5672&y=0.0102&z=0
2015-05-24 11:02:04.908479 [0.5577, 0.0331, 0.0]
2015-05-24 11:02:04.913495 [0.5615, 0.0274, 0.0]
2015-05-24 11:02:04.918479 [0.5634, 0.0178, 0.0]
2015-05-24 11:02:04.923496 [0.5672, 0.0102, 0.0]
2015-05-24 11:33:35.291990 do get, return /do?&x=0.4965&y=0.0044&z=0
2015-05-24 11:33:35.295020 do get, return /do?&x=0.5252&y=0.0312&z=0
2015-05-24 11:33:35.302985 do get, return /do?&x=0.5730&y=0.0790&z=0
2015-05-24 11:33:35.304990 do get, return /do?&x=0.5481&y=0.0541&z=0
2015-05-24 11:33:35.308985 [0.4965, 0.0044, 0.0]
2015-05-24 11:33:35.320986 [0.5252, 0.0312, 0.0]
2015-05-24 11:33:35.324986 do get, return /do?&x=0.6035&y=0.1096&z=0
2015-05-24 11:33:35.336987 do get, return /do?&x=0.6437&y=0.1516&z=0
2015-05-24 11:33:35.336987 [0.573, 0.079, 0.0]
2015-05-24 11:33:35.353987 [0.5481, 0.0541, 0.0]
2015-05-24 11:33:35.387988 [0.6035, 0.1096, 0.0]
2015-05-24 11:33:35.395988 [0.6437, 0.1516, 0.0]
2015-05-24 11:33:35.407991 do get, return /do?&x=0.7029&y=0.2147&z=0
2015-05-24 11:33:35.417991 do get, return /do?&x=0.7220&y=0.2280&z=0
2015-05-24 11:33:35.426991 do get, return /do?&x=0.7392&y=0.2433&z=0
2015-05-24 11:33:35.439992 do get, return /do?&x=0.7526&y=0.2529&z=0
2015-05-24 11:33:35.444992 [0.7029, 0.2147, 0.0]
2015-05-24 11:33:35.453015 [0.722, 0.228, 0.0]
2015-05-24 11:33:35.460992 [0.7392, 0.2433, 0.0]
2015-05-24 11:33:35.469994 [0.7526, 0.2529, 0.0]
2015-05-24 11:33:35.480993 do get, return /do?&x=0.7679&y=0.2625&z=0
2015-05-24 11:33:35.488010 do get, return /do?&x=0.7813&y=0.2720&z=0
2015-05-24 11:33:35.492994 do get, return /do?&x=0.7947&y=0.2796&z=0
2015-05-24 11:33:35.498995 do get, return /do?&x=0.8080&y=0.2854&z=0
2015-05-24 11:33:35.502011 [0.7679, 0.2625, 0.0]
2015-05-24 11:33:35.507994 [0.7813, 0.272, 0.0]
2015-05-24 11:33:35.512994 [0.7947, 0.2796, 0.0]
2015-05-24 11:33:35.517994 [0.808, 0.2854, 0.0]
2015-05-24 11:33:35.526996 do get, return /do?&x=0.8195&y=0.2930&z=0
2015-05-24 11:33:35.533998 do get, return /do?&x=0.8310&y=0.2988&z=0
2015-05-24 11:33:35.538998 do get, return /do?&x=0.8424&y=0.3045&z=0
2015-05-24 11:33:35.543999 do get, return /do?&x=0.8539&y=0.3102&z=0
2015-05-24 11:33:35.546997 [0.8195, 0.293, 0.0]
2015-05-24 11:33:35.552021 [0.831, 0.2988, 0.0]
2015-05-24 11:33:35.557035 [0.8424, 0.3045, 0.0]
2015-05-24 11:33:35.561997 [0.8539, 0.3102, 0.0]
2015-05-24 11:33:35.570998 do get, return /do?&x=0.8673&y=0.3179&z=0
2015-05-24 11:33:35.578001 do get, return /do?&x=0.8807&y=0.3236&z=0
2015-05-24 11:33:35.582999 do get, return /do?&x=0.8921&y=0.3293&z=0
2015-05-24 11:33:35.591016 [0.8673, 0.3179, 0.0]
2015-05-24 11:33:35.595999 [0.8807, 0.3236, 0.0]
2015-05-24 11:33:35.601023 [0.8921, 0.3293, 0.0]
2015-05-24 11:33:35.619001 do get, return /do?&x=0.9036&y=0.3351&z=0
2015-05-24 11:33:35.620001 do get, return /do?&x=0.9151&y=0.3408&z=0
2015-05-24 11:33:35.621000 do get, return /do?&x=0.9246&y=0.3485&z=0
2015-05-24 11:33:35.625001 [0.9036, 0.3351, 0.0]
2015-05-24 11:33:35.631024 [0.9151, 0.3408, 0.0]
2015-05-24 11:33:35.636001 [0.9246, 0.3485, 0.0]
2015-05-24 11:33:35.644002 do get, return /do?&x=0.9342&y=0.3542&z=0
2015-05-24 11:33:35.657003 [0.9342, 0.3542, 0.0]
2015-05-24 11:33:35.705038 do get, return /do?&x=0.9399&y=0.3618&z=0
2015-05-24 11:33:35.706039 do get, return /do?&x=0.9475&y=0.3695&z=0
2015-05-24 11:33:35.707039 do get, return /do?&x=0.9552&y=0.3752&z=0
2015-05-24 11:33:35.712039 do get, return /do?&x=0.9590&y=0.3829&z=0
2015-05-24 11:33:35.712039 [0.9399, 0.3618, 0.0]
2015-05-24 11:33:35.718039 [0.9475, 0.3695, 0.0]
2015-05-24 11:33:35.724045 [0.9552, 0.3752, 0.0]
2015-05-24 11:33:35.729040 [0.959, 0.3829, 0.0]
2015-05-24 11:33:35.738041 do get, return /do?&x=0.9647&y=0.3905&z=0
2015-05-24 11:33:35.744040 do get, return /do?&x=0.9705&y=0.4000&z=0
2015-05-24 11:33:35.751040 do get, return /do?&x=0.9743&y=0.4096&z=0
2015-05-24 11:33:35.759041 do get, return /do?&x=0.9762&y=0.4173&z=0
2015-05-24 11:33:35.761041 [0.9647, 0.3905, 0.0]
2015-05-24 11:33:35.767042 [0.9705, 0.4, 0.0]
2015-05-24 11:33:35.774042 [0.9743, 0.4096, 0.0]
2015-05-24 11:33:35.782045 [0.9762, 0.4173, 0.0]
2015-05-24 11:33:35.797043 do get, return /do?&x=0.9781&y=0.4249&z=0
2015-05-24 11:33:35.802061 do get, return /do?&x=0.9800&y=0.4345&z=0
2015-05-24 11:33:35.809045 do get, return /do?&x=0.9800&y=0.4478&z=0
2015-05-24 11:33:35.815046 do get, return /do?&x=0.9781&y=0.4612&z=0
2015-05-24 11:33:35.817046 [0.9781, 0.4249, 0.0]
2015-05-24 11:33:35.823045 [0.98, 0.4345, 0.0]
2015-05-24 11:33:35.830045 [0.98, 0.4478, 0.0]
2015-05-24 11:33:35.835047 [0.9781, 0.4612, 0.0]
2015-05-24 11:33:35.844048 do get, return /do?&x=0.9743&y=0.4765&z=0
2015-05-24 11:33:35.849046 do get, return /do?&x=0.9705&y=0.4918&z=0
2015-05-24 11:33:35.855047 do get, return /do?&x=0.9667&y=0.5109&z=0
2015-05-24 11:33:35.860047 do get, return /do?&x=0.9609&y=0.5319&z=0
2015-05-24 11:33:35.863048 [0.9743, 0.4765, 0.0]
2015-05-24 11:33:35.868050 [0.9705, 0.4918, 0.0]
2015-05-24 11:33:35.873048 [0.9667, 0.5109, 0.0]
2015-05-24 11:33:35.879048 [0.9609, 0.5319, 0.0]
2015-05-24 11:33:35.888049 do get, return /do?&x=0.9533&y=0.5549&z=0
2015-05-24 11:33:35.893048 do get, return /do?&x=0.9437&y=0.5873&z=0
2015-05-24 11:33:35.899052 do get, return /do?&x=0.9322&y=0.6217&z=0
2015-05-24 11:33:35.905050 do get, return /do?&x=0.9189&y=0.6542&z=0
2015-05-24 11:33:35.908050 [0.9533, 0.5549, 0.0]
2015-05-24 11:33:35.913067 [0.9437, 0.5873, 0.0]
2015-05-24 11:33:35.919050 [0.9322, 0.6217, 0.0]
2015-05-24 11:33:35.924051 [0.9189, 0.6542, 0.0]
2015-05-24 11:33:35.933068 do get, return /do?&x=0.9036&y=0.6886&z=0
2015-05-24 11:33:35.938053 do get, return /do?&x=0.8826&y=0.7269&z=0
2015-05-24 11:33:35.944052 do get, return /do?&x=0.8635&y=0.7670&z=0
2015-05-24 11:33:35.950054 do get, return /do?&x=0.8462&y=0.8052&z=0
2015-05-24 11:33:35.953054 [0.9036, 0.6886, 0.0]
2015-05-24 11:33:35.959071 [0.8826, 0.7269, 0.0]
2015-05-24 11:33:35.965052 [0.8635, 0.767, 0.0]
2015-05-24 11:33:35.971056 [0.8462, 0.8052, 0.0]
2015-05-24 11:33:35.985055 do get, return /do?&x=0.8271&y=0.8511&z=0
2015-05-24 11:33:35.992055 do get, return /do?&x=0.8099&y=0.8893&z=0
2015-05-24 11:33:36.003056 do get, return /do?&x=0.7965&y=0.9218&z=0
2015-05-24 11:33:36.011057 do get, return /do?&x=0.7889&y=0.9485&z=0
2015-05-24 11:33:36.018057 [0.8271, 0.8511, 0.0]
2015-05-24 11:33:36.023058 [0.8099, 0.8893, 0.0]
2015-05-24 11:33:36.030073 [0.7965, 0.9218, 0.0]
2015-05-24 11:33:36.036059 [0.7889, 0.9485, 0.0]
2015-05-24 11:33:36.045058 do get, return /do?&x=0.7813&y=0.9715&z=0
2015-05-24 11:33:36.051059 do get, return /do?&x=0.7755&y=0.9925&z=0
2015-05-24 11:33:36.065059 [0.7813, 0.9715, 0.0]
2015-05-24 11:33:36.070059 [0.7755, 0.9925, 0.0]
2015-05-24 11:33:36.232338 do get, return /do?&x=0.6647&y=0.1745&z=0
2015-05-24 11:33:36.237332 do get, return /do?&x=0.6838&y=0.1936&z=0
2015-05-24 11:33:36.249335 [0.6647, 0.1745, 0.0]
2015-05-24 11:33:36.264348 [0.6838, 0.1936, 0.0]
