2015-05-23 15:22:27.830384 do get, return /home
2015-05-23 15:22:27.924046 do get, return /jquery-2.1.1.min.js
2015-05-23 15:22:27.924046 do get, return /figs/square_0_2d_F2s.png
2015-05-23 15:22:27.924046 do get, return /figs/layerss.png
2015-05-23 15:22:28.142795 do get, return /favicon.ico
2015-05-23 15:22:28.908430 do get, return /do?&x=0.9972&y=0.3026&z=0
2015-05-23 15:22:28.908430 [0.9972, 0.3026, 0.0]
2015-05-23 15:22:28.908430 do get, return /do?&x=0.9838&y=0.3236&z=0
2015-05-23 15:22:28.939671 do get, return /do?&x=0.9724&y=0.3370&z=0
2015-05-23 15:22:28.939671 do get, return /do?&x=0.9628&y=0.3523&z=0
2015-05-23 15:22:28.939671 do get, return /do?&x=0.9533&y=0.3656&z=0
2015-05-23 15:22:28.939671 [0.9838, 0.3236, 0.0]
2015-05-23 15:22:28.955301 do get, return /do?&x=0.9322&y=0.3924&z=0
2015-05-23 15:22:28.970928 do get, return /do?&x=0.9246&y=0.4058&z=0
2015-05-23 15:22:28.970928 [0.9724, 0.337, 0.0]
2015-05-23 15:22:28.986555 [0.9628, 0.3523, 0.0]
2015-05-23 15:22:28.986555 [0.9533, 0.3656, 0.0]
2015-05-23 15:22:29.002173 do get, return /do?&x=0.9151&y=0.4192&z=0
2015-05-23 15:22:29.002173 [0.9322, 0.3924, 0.0]
2015-05-23 15:22:29.002173 [0.9246, 0.4058, 0.0]
2015-05-23 15:22:29.017797 do get, return /do?&x=0.9055&y=0.4325&z=0
2015-05-23 15:22:29.017797 [0.9151, 0.4192, 0.0]
2015-05-23 15:22:29.033439 do get, return /do?&x=0.8959&y=0.4478&z=0
2015-05-23 15:22:29.033439 do get, return /do?&x=0.8883&y=0.4593&z=0
2015-05-23 15:22:29.033439 do get, return /do?&x=0.8768&y=0.4708&z=0
2015-05-23 15:22:29.064671 [0.9055, 0.4325, 0.0]
2015-05-23 15:22:29.064671 do get, return /do?&x=0.8711&y=0.4803&z=0
2015-05-23 15:22:29.064671 do get, return /do?&x=0.8635&y=0.4899&z=0
2015-05-23 15:22:29.064671 [0.8959, 0.4478, 0.0]
2015-05-23 15:22:29.064671 [0.8883, 0.4593, 0.0]
2015-05-23 15:22:29.064671 [0.8768, 0.4708, 0.0]
2015-05-23 15:22:29.080312 [0.8711, 0.4803, 0.0]
2015-05-23 15:22:29.080312 do get, return /do?&x=0.8558&y=0.4956&z=0
2015-05-23 15:22:29.080312 [0.8635, 0.4899, 0.0]
2015-05-23 15:22:29.095938 do get, return /do?&x=0.8520&y=0.5013&z=0
2015-05-23 15:22:29.095938 do get, return /do?&x=0.8482&y=0.5033&z=0
2015-05-23 15:22:29.095938 [0.8558, 0.4956, 0.0]
2015-05-23 15:22:29.111547 [0.852, 0.5013, 0.0]
2015-05-23 15:22:29.111547 [0.8482, 0.5033, 0.0]
2015-05-23 15:22:29.111547 do get, return /do?&x=0.8501&y=0.4899&z=0
2015-05-23 15:22:29.111547 do get, return /do?&x=0.8482&y=0.4994&z=0
2015-05-23 15:22:29.127175 do get, return /do?&x=0.8558&y=0.4784&z=0
2015-05-23 15:22:29.127175 do get, return /do?&x=0.8635&y=0.4612&z=0
2015-05-23 15:22:29.127175 do get, return /do?&x=0.8749&y=0.4402&z=0
2015-05-23 15:22:29.127175 [0.8501, 0.4899, 0.0]
2015-05-23 15:22:29.127175 do get, return /do?&x=0.8864&y=0.4173&z=0
2015-05-23 15:22:29.127175 [0.8482, 0.4994, 0.0]
2015-05-23 15:22:29.142802 [0.8558, 0.4784, 0.0]
2015-05-23 15:22:29.142802 [0.8635, 0.4612, 0.0]
2015-05-23 15:22:29.142802 [0.8749, 0.4402, 0.0]
2015-05-23 15:22:29.142802 do get, return /do?&x=0.9131&y=0.3637&z=0
2015-05-23 15:22:29.142802 [0.8864, 0.4173, 0.0]
2015-05-23 15:22:29.158421 do get, return /do?&x=0.9284&y=0.3351&z=0
2015-05-23 15:22:29.158421 do get, return /do?&x=0.9437&y=0.3064&z=0
2015-05-23 15:22:29.158421 do get, return /do?&x=0.9590&y=0.2720&z=0
2015-05-23 15:22:29.174047 [0.9131, 0.3637, 0.0]
2015-05-23 15:22:29.174047 do get, return /do?&x=0.9743&y=0.2376&z=0
2015-05-23 15:22:29.174047 do get, return /do?&x=0.9896&y=0.2089&z=0
2015-05-23 15:22:29.174047 [0.9284, 0.3351, 0.0]
2015-05-23 15:22:29.174047 [0.9437, 0.3064, 0.0]
2015-05-23 15:22:29.189672 [0.959, 0.272, 0.0]
2015-05-23 15:22:29.189672 [0.9743, 0.2376, 0.0]
2015-05-23 15:22:29.189672 [0.9896, 0.2089, 0.0]
2015-05-23 15:24:55.149529 do get, return /do?&x=0.5443&y=0.0064&z=0
2015-05-23 15:24:55.165185 [0.5443, 0.0064, 0.0]
2015-05-23 15:24:55.165185 do get, return /do?&x=0.5634&y=0.0236&z=0
2015-05-23 15:24:55.165185 do get, return /do?&x=0.5997&y=0.0580&z=0
2015-05-23 15:24:55.180783 [0.5634, 0.0236, 0.0]
2015-05-23 15:24:55.180783 do get, return /do?&x=0.6150&y=0.0752&z=0
2015-05-23 15:24:55.180783 do get, return /do?&x=0.6360&y=0.0943&z=0
2015-05-23 15:24:55.196404 do get, return /do?&x=0.6551&y=0.1134&z=0
2015-05-23 15:24:55.196404 do get, return /do?&x=0.6742&y=0.1306&z=0
2015-05-23 15:24:55.227676 [0.5997, 0.058, 0.0]
2015-05-23 15:24:55.258936 do get, return /do?&x=0.6934&y=0.1478&z=0
2015-05-23 15:24:55.258936 [0.615, 0.0752, 0.0]
2015-05-23 15:24:55.258936 [0.636, 0.0943, 0.0]
2015-05-23 15:24:55.274538 [0.6551, 0.1134, 0.0]
2015-05-23 15:24:55.274538 [0.6742, 0.1306, 0.0]
2015-05-23 15:24:55.290187 [0.6934, 0.1478, 0.0]
2015-05-23 15:24:55.290187 do get, return /do?&x=0.7125&y=0.1650&z=0
2015-05-23 15:24:55.305792 do get, return /do?&x=0.7335&y=0.1784&z=0
2015-05-23 15:24:55.305792 do get, return /do?&x=0.7564&y=0.1975&z=0
2015-05-23 15:24:55.321403 do get, return /do?&x=0.7775&y=0.2147&z=0
2015-05-23 15:24:55.321403 do get, return /do?&x=0.7965&y=0.2300&z=0
2015-05-23 15:24:55.321403 [0.7125, 0.165, 0.0]
2015-05-23 15:24:55.321403 do get, return /do?&x=0.8138&y=0.2414&z=0
2015-05-23 15:24:55.337028 [0.7335, 0.1784, 0.0]
2015-05-23 15:24:55.337028 [0.7564, 0.1975, 0.0]
2015-05-23 15:24:55.337028 [0.7775, 0.2147, 0.0]
2015-05-23 15:24:55.337028 [0.7965, 0.23, 0.0]
2015-05-23 15:24:55.352654 do get, return /do?&x=0.8310&y=0.2567&z=0
2015-05-23 15:24:55.352654 [0.8138, 0.2414, 0.0]
2015-05-23 15:24:55.368295 do get, return /do?&x=0.8443&y=0.2682&z=0
2015-05-23 15:24:55.368295 do get, return /do?&x=0.8615&y=0.2854&z=0
2015-05-23 15:24:55.368295 do get, return /do?&x=0.8787&y=0.3026&z=0
2015-05-23 15:24:55.368295 do get, return /do?&x=0.8921&y=0.3179&z=0
2015-05-23 15:24:55.368295 [0.831, 0.2567, 0.0]
2015-05-23 15:24:55.383920 do get, return /do?&x=0.9093&y=0.3332&z=0
2015-05-23 15:24:55.383920 [0.8443, 0.2682, 0.0]
2015-05-23 15:24:55.383920 [0.8615, 0.2854, 0.0]
2015-05-23 15:24:55.383920 [0.8787, 0.3026, 0.0]
2015-05-23 15:24:55.399548 [0.8921, 0.3179, 0.0]
2015-05-23 15:24:55.399548 do get, return /do?&x=0.9265&y=0.3504&z=0
2015-05-23 15:24:55.399548 [0.9093, 0.3332, 0.0]
2015-05-23 15:24:55.415170 do get, return /do?&x=0.9418&y=0.3676&z=0
2015-05-23 15:24:55.415170 do get, return /do?&x=0.9552&y=0.3867&z=0
2015-05-23 15:24:55.415170 do get, return /do?&x=0.9743&y=0.4096&z=0
2015-05-23 15:24:55.430781 do get, return /do?&x=0.9915&y=0.4287&z=0
2015-05-23 15:24:55.430781 [0.9265, 0.3504, 0.0]
2015-05-23 15:24:55.430781 [0.9418, 0.3676, 0.0]
2015-05-23 15:24:55.430781 [0.9552, 0.3867, 0.0]
2015-05-23 15:24:55.446418 [0.9743, 0.4096, 0.0]
2015-05-23 15:24:55.446418 [0.9915, 0.4287, 0.0]
2015-05-23 15:30:53.802922 do get, return /hoe
2015-05-23 15:30:53.802922 /"file" empty
2015-05-23 15:30:57.880965 do get, return /home
2015-05-23 15:30:57.880965 do get, return /jquery-2.1.1.min.js
2015-05-23 15:30:57.880965 do get, return /figs/square_0_2d_F2s.png
2015-05-23 15:30:57.880965 do get, return /figs/layerss.png
2015-05-23 15:30:58.865340 do get, return /do?&x=0.5003&y=0.9676&z=0
2015-05-23 15:30:58.865340 [0.5003, 0.9676, 0.0]
2015-05-23 15:30:58.865340 do get, return /do?&x=0.4965&y=0.9237&z=0
2015-05-23 15:30:58.865340 do get, return /do?&x=0.4946&y=0.8816&z=0
2015-05-23 15:30:58.865340 [0.4965, 0.9237, 0.0]
2015-05-23 15:30:58.880964 [0.4946, 0.8816, 0.0]
2015-05-23 15:30:58.880964 do get, return /do?&x=0.4927&y=0.8434&z=0
2015-05-23 15:30:58.880964 do get, return /do?&x=0.4927&y=0.8071&z=0
2015-05-23 15:30:58.880964 [0.4927, 0.8434, 0.0]
2015-05-23 15:30:58.896587 [0.4927, 0.8071, 0.0]
2015-05-23 15:30:58.896587 do get, return /do?&x=0.4927&y=0.7689&z=0
2015-05-23 15:30:58.896587 do get, return /do?&x=0.4927&y=0.7383&z=0
2015-05-23 15:30:58.912213 do get, return /do?&x=0.4927&y=0.7001&z=0
2015-05-23 15:30:58.912213 [0.4927, 0.7689, 0.0]
2015-05-23 15:30:58.912213 [0.4927, 0.7383, 0.0]
2015-05-23 15:30:58.912213 do get, return /do?&x=0.4946&y=0.6714&z=0
2015-05-23 15:30:58.912213 [0.4927, 0.7001, 0.0]
2015-05-23 15:30:58.927857 do get, return /do?&x=0.4984&y=0.6466&z=0
2015-05-23 15:30:58.927857 [0.4946, 0.6714, 0.0]
2015-05-23 15:30:58.927857 do get, return /do?&x=0.5003&y=0.6256&z=0
2015-05-23 15:30:58.943470 do get, return /do?&x=0.5061&y=0.6103&z=0
2015-05-23 15:30:58.943470 [0.4984, 0.6466, 0.0]
2015-05-23 15:30:58.943470 [0.5003, 0.6256, 0.0]
2015-05-23 15:30:58.959088 [0.5061, 0.6103, 0.0]
2015-05-23 15:30:58.974731 do get, return /do?&x=0.5080&y=0.5988&z=0
2015-05-23 15:30:58.974731 do get, return /do?&x=0.5099&y=0.5912&z=0
2015-05-23 15:30:58.974731 [0.508, 0.5988, 0.0]
2015-05-23 15:30:58.974731 [0.5099, 0.5912, 0.0]
2015-05-23 15:30:58.990339 do get, return /do?&x=0.5118&y=0.5873&z=0
2015-05-23 15:30:58.990339 do get, return /do?&x=0.5137&y=0.5835&z=0
2015-05-23 15:30:58.990339 [0.5118, 0.5873, 0.0]
2015-05-23 15:30:59.005988 [0.5137, 0.5835, 0.0]
2015-05-23 15:30:59.084113 do get, return /do?&x=0.5137&y=0.5816&z=0
2015-05-23 15:30:59.084113 [0.5137, 0.5816, 0.0]
2015-05-23 15:30:59.084113 do get, return /do?&x=0.5156&y=0.5816&z=0
2015-05-23 15:30:59.099713 do get, return /do?&x=0.5175&y=0.5778&z=0
2015-05-23 15:30:59.099713 [0.5156, 0.5816, 0.0]
2015-05-23 15:30:59.099713 [0.5175, 0.5778, 0.0]
2015-05-23 15:30:59.099713 do get, return /do?&x=0.5195&y=0.5740&z=0
2015-05-23 15:30:59.115342 do get, return /do?&x=0.5233&y=0.5682&z=0
2015-05-23 15:30:59.115342 [0.5195, 0.574, 0.0]
2015-05-23 15:30:59.115342 do get, return /do?&x=0.5252&y=0.5644&z=0
2015-05-23 15:30:59.115342 [0.5233, 0.5682, 0.0]
2015-05-23 15:30:59.130967 do get, return /do?&x=0.5290&y=0.5587&z=0
2015-05-23 15:30:59.130967 [0.5252, 0.5644, 0.0]
2015-05-23 15:30:59.130967 do get, return /do?&x=0.5309&y=0.5529&z=0
2015-05-23 15:30:59.146611 [0.529, 0.5587, 0.0]
2015-05-23 15:30:59.146611 do get, return /do?&x=0.5328&y=0.5510&z=0
2015-05-23 15:30:59.146611 do get, return /do?&x=0.5328&y=0.5491&z=0
2015-05-23 15:30:59.146611 [0.5309, 0.5529, 0.0]
2015-05-23 15:30:59.162214 do get, return /do?&x=0.5347&y=0.5491&z=0
2015-05-23 15:30:59.162214 [0.5328, 0.551, 0.0]
2015-05-23 15:30:59.162214 [0.5328, 0.5491, 0.0]
2015-05-23 15:30:59.177840 [0.5347, 0.5491, 0.0]
2015-05-23 15:30:59.318498 do get, return /do?&x=0.5366&y=0.5491&z=0
2015-05-23 15:30:59.318498 [0.5366, 0.5491, 0.0]
2015-05-23 15:30:59.334090 do get, return /do?&x=0.5385&y=0.5472&z=0
2015-05-23 15:30:59.334090 [0.5385, 0.5472, 0.0]
2015-05-23 15:30:59.334090 do get, return /do?&x=0.5405&y=0.5472&z=0
2015-05-23 15:30:59.349716 [0.5405, 0.5472, 0.0]
2015-05-23 15:30:59.349716 do get, return /do?&x=0.5424&y=0.5472&z=0
2015-05-23 15:30:59.349716 do get, return /do?&x=0.5462&y=0.5453&z=0
2015-05-23 15:30:59.365342 [0.5424, 0.5472, 0.0]
2015-05-23 15:30:59.365342 [0.5462, 0.5453, 0.0]
2015-05-23 15:30:59.365342 do get, return /do?&x=0.5519&y=0.5453&z=0
2015-05-23 15:30:59.365342 do get, return /do?&x=0.5577&y=0.5434&z=0
2015-05-23 15:30:59.380964 [0.5519, 0.5453, 0.0]
2015-05-23 15:30:59.380964 do get, return /do?&x=0.5634&y=0.5415&z=0
2015-05-23 15:30:59.380964 [0.5577, 0.5434, 0.0]
2015-05-23 15:30:59.396589 do get, return /do?&x=0.5711&y=0.5396&z=0
2015-05-23 15:30:59.396589 [0.5634, 0.5415, 0.0]
2015-05-23 15:30:59.396589 do get, return /do?&x=0.5787&y=0.5396&z=0
2015-05-23 15:30:59.396589 [0.5711, 0.5396, 0.0]
2015-05-23 15:30:59.412214 do get, return /do?&x=0.5882&y=0.5396&z=0
2015-05-23 15:30:59.412214 [0.5787, 0.5396, 0.0]
2015-05-23 15:30:59.412214 do get, return /do?&x=0.5959&y=0.5396&z=0
2015-05-23 15:30:59.412214 [0.5882, 0.5396, 0.0]
2015-05-23 15:30:59.427841 do get, return /do?&x=0.6055&y=0.5396&z=0
2015-05-23 15:30:59.427841 [0.5959, 0.5396, 0.0]
2015-05-23 15:30:59.427841 do get, return /do?&x=0.6131&y=0.5396&z=0
2015-05-23 15:30:59.427841 [0.6055, 0.5396, 0.0]
2015-05-23 15:30:59.443464 do get, return /do?&x=0.6207&y=0.5396&z=0
2015-05-23 15:30:59.443464 [0.6131, 0.5396, 0.0]
2015-05-23 15:30:59.443464 do get, return /do?&x=0.6265&y=0.5396&z=0
2015-05-23 15:30:59.459088 [0.6207, 0.5396, 0.0]
2015-05-23 15:30:59.459088 do get, return /do?&x=0.6322&y=0.5396&z=0
2015-05-23 15:30:59.459088 do get, return /do?&x=0.6360&y=0.5396&z=0
2015-05-23 15:30:59.459088 [0.6265, 0.5396, 0.0]
2015-05-23 15:30:59.474715 do get, return /do?&x=0.6418&y=0.5396&z=0
2015-05-23 15:30:59.474715 [0.6322, 0.5396, 0.0]
2015-05-23 15:30:59.474715 [0.636, 0.5396, 0.0]
2015-05-23 15:30:59.474715 do get, return /do?&x=0.6437&y=0.5396&z=0
2015-05-23 15:30:59.474715 [0.6418, 0.5396, 0.0]
2015-05-23 15:30:59.490356 [0.6437, 0.5396, 0.0]
2015-05-23 15:30:59.709124 do get, return /do?&x=0.6456&y=0.5396&z=0
2015-05-23 15:30:59.724715 [0.6456, 0.5396, 0.0]
2015-05-23 15:30:59.724715 do get, return /do?&x=0.6475&y=0.5396&z=0
2015-05-23 15:30:59.740364 [0.6475, 0.5396, 0.0]
2015-05-23 15:30:59.740364 do get, return /do?&x=0.6494&y=0.5396&z=0
2015-05-23 15:30:59.740364 [0.6494, 0.5396, 0.0]
2015-05-23 15:30:59.755965 do get, return /do?&x=0.6513&y=0.5396&z=0
2015-05-23 15:30:59.755965 [0.6513, 0.5396, 0.0]
2015-05-23 15:30:59.755965 do get, return /do?&x=0.6551&y=0.5396&z=0
2015-05-23 15:30:59.755965 [0.6551, 0.5396, 0.0]
2015-05-23 15:30:59.771600 do get, return /do?&x=0.6590&y=0.5396&z=0
2015-05-23 15:30:59.771600 [0.659, 0.5396, 0.0]
2015-05-23 15:30:59.771600 do get, return /do?&x=0.6647&y=0.5396&z=0
2015-05-23 15:30:59.787237 do get, return /do?&x=0.6685&y=0.5396&z=0
2015-05-23 15:30:59.787237 [0.6647, 0.5396, 0.0]
2015-05-23 15:30:59.787237 [0.6685, 0.5396, 0.0]
2015-05-23 15:30:59.787237 do get, return /do?&x=0.6704&y=0.5396&z=0
2015-05-23 15:30:59.802840 do get, return /do?&x=0.6723&y=0.5396&z=0
2015-05-23 15:30:59.802840 [0.6704, 0.5396, 0.0]
2015-05-23 15:30:59.802840 do get, return /do?&x=0.6762&y=0.5376&z=0
2015-05-23 15:30:59.802840 [0.6723, 0.5396, 0.0]
2015-05-23 15:30:59.818465 do get, return /do?&x=0.6781&y=0.5376&z=0
2015-05-23 15:30:59.818465 [0.6762, 0.5376, 0.0]
2015-05-23 15:30:59.818465 do get, return /do?&x=0.6800&y=0.5376&z=0
2015-05-23 15:30:59.834089 [0.6781, 0.5376, 0.0]
2015-05-23 15:30:59.834089 do get, return /do?&x=0.6819&y=0.5376&z=0
2015-05-23 15:30:59.834089 [0.68, 0.5376, 0.0]
2015-05-23 15:30:59.849717 do get, return /do?&x=0.6838&y=0.5376&z=0
2015-05-23 15:30:59.849717 [0.6819, 0.5376, 0.0]
2015-05-23 15:30:59.865360 do get, return /do?&x=0.6876&y=0.5376&z=0
2015-05-23 15:30:59.865360 [0.6838, 0.5376, 0.0]
2015-05-23 15:30:59.865360 [0.6876, 0.5376, 0.0]
2015-05-23 15:30:59.880970 do get, return /do?&x=0.6895&y=0.5376&z=0
2015-05-23 15:30:59.880970 do get, return /do?&x=0.6934&y=0.5376&z=0
2015-05-23 15:30:59.880970 [0.6895, 0.5376, 0.0]
2015-05-23 15:30:59.896590 do get, return /do?&x=0.6953&y=0.5376&z=0
2015-05-23 15:30:59.896590 [0.6934, 0.5376, 0.0]
2015-05-23 15:30:59.896590 do get, return /do?&x=0.6972&y=0.5376&z=0
2015-05-23 15:30:59.912219 [0.6953, 0.5376, 0.0]
2015-05-23 15:30:59.912219 do get, return /do?&x=0.6991&y=0.5376&z=0
2015-05-23 15:30:59.912219 [0.6972, 0.5376, 0.0]
2015-05-23 15:30:59.927842 [0.6991, 0.5376, 0.0]
2015-05-23 15:31:00.490379 do get, return /do?&x=0.7010&y=0.5376&z=0
2015-05-23 15:31:00.490379 [0.701, 0.5376, 0.0]
2015-05-23 15:31:00.630977 do get, return /do?&x=0.7029&y=0.5376&z=0
2015-05-23 15:31:00.630977 [0.7029, 0.5376, 0.0]
2015-05-23 15:31:00.834133 do get, return /do?&x=0.7029&y=0.5396&z=0
2015-05-23 15:31:00.849754 [0.7029, 0.5396, 0.0]
2015-05-23 15:31:05.521697 do get, return /do?&x=0.7048&y=0.5396&z=0
2015-05-23 15:31:05.552861 [0.7048, 0.5396, 0.0]
2015-05-23 15:31:05.552861 do get, return /do?&x=0.7067&y=0.5396&z=0
2015-05-23 15:31:05.552861 do get, return /do?&x=0.7086&y=0.5396&z=0
2015-05-23 15:31:05.568485 do get, return /do?&x=0.7105&y=0.5396&z=0
2015-05-23 15:31:05.568485 do get, return /do?&x=0.7144&y=0.5396&z=0
2015-05-23 15:31:05.584114 do get, return /do?&x=0.7220&y=0.5396&z=0
2015-05-23 15:31:05.584114 [0.7067, 0.5396, 0.0]
2015-05-23 15:31:05.584114 do get, return /do?&x=0.7258&y=0.5396&z=0
2015-05-23 15:31:05.599769 [0.7086, 0.5396, 0.0]
2015-05-23 15:31:05.615362 [0.7105, 0.5396, 0.0]
2015-05-23 15:31:05.677874 [0.7144, 0.5396, 0.0]
2015-05-23 15:31:05.693509 [0.722, 0.5396, 0.0]
2015-05-23 15:31:05.709110 do get, return /do?&x=0.7316&y=0.5396&z=0
2015-05-23 15:31:05.709110 [0.7258, 0.5396, 0.0]
2015-05-23 15:31:05.724759 do get, return /do?&x=0.7373&y=0.5396&z=0
2015-05-23 15:31:05.740385 do get, return /do?&x=0.7411&y=0.5376&z=0
2015-05-23 15:31:05.740385 do get, return /do?&x=0.7431&y=0.5376&z=0
2015-05-23 15:31:05.755985 do get, return /do?&x=0.7450&y=0.5376&z=0
2015-05-23 15:31:05.755985 [0.7316, 0.5396, 0.0]
2015-05-23 15:31:05.771611 do get, return /do?&x=0.7469&y=0.5376&z=0
2015-05-23 15:31:05.771611 [0.7373, 0.5396, 0.0]
2015-05-23 15:31:05.771611 [0.7411, 0.5376, 0.0]
2015-05-23 15:31:05.787260 [0.7431, 0.5376, 0.0]
2015-05-23 15:31:05.787260 [0.745, 0.5376, 0.0]
2015-05-23 15:31:05.802885 do get, return /do?&x=0.7450&y=0.5376&z=0
2015-05-23 15:31:05.802885 [0.7469, 0.5376, 0.0]
2015-05-23 15:31:05.818510 do get, return /do?&x=0.7431&y=0.5376&z=0
2015-05-23 15:31:05.818510 do get, return /do?&x=0.7392&y=0.5376&z=0
2015-05-23 15:31:05.834123 do get, return /do?&x=0.7373&y=0.5376&z=0
2015-05-23 15:31:05.834123 do get, return /do?&x=0.7354&y=0.5376&z=0
2015-05-23 15:31:05.849734 [0.745, 0.5376, 0.0]
2015-05-23 15:31:05.865365 [0.7431, 0.5376, 0.0]
2015-05-23 15:31:05.865365 do get, return /do?&x=0.7316&y=0.5376&z=0
2015-05-23 15:31:05.865365 [0.7392, 0.5376, 0.0]
2015-05-23 15:31:05.880991 [0.7373, 0.5376, 0.0]
2015-05-23 15:31:05.880991 [0.7354, 0.5376, 0.0]
2015-05-23 15:31:05.896615 do get, return /do?&x=0.7297&y=0.5376&z=0
2015-05-23 15:31:05.912240 do get, return /do?&x=0.7278&y=0.5376&z=0
2015-05-23 15:31:05.912240 [0.7316, 0.5376, 0.0]
2015-05-23 15:31:05.927861 do get, return /do?&x=0.7297&y=0.5338&z=0
2015-05-23 15:31:05.927861 do get, return /do?&x=0.7354&y=0.5281&z=0
2015-05-23 15:31:05.927861 do get, return /do?&x=0.7411&y=0.5205&z=0
2015-05-23 15:31:05.927861 [0.7297, 0.5376, 0.0]
2015-05-23 15:31:05.943507 [0.7278, 0.5376, 0.0]
2015-05-23 15:31:05.943507 do get, return /do?&x=0.7507&y=0.5109&z=0
2015-05-23 15:31:05.943507 [0.7297, 0.5338, 0.0]
2015-05-23 15:31:05.959126 [0.7354, 0.5281, 0.0]
2015-05-23 15:31:05.959126 [0.7411, 0.5205, 0.0]
2015-05-23 15:31:05.959126 do get, return /do?&x=0.7602&y=0.5013&z=0
2015-05-23 15:31:05.959126 do get, return /do?&x=0.7717&y=0.4937&z=0
2015-05-23 15:31:05.974734 [0.7507, 0.5109, 0.0]
2015-05-23 15:31:05.974734 do get, return /do?&x=0.7813&y=0.4860&z=0
2015-05-23 15:31:05.990361 do get, return /do?&x=0.7927&y=0.4746&z=0
2015-05-23 15:31:05.990361 [0.7602, 0.5013, 0.0]
2015-05-23 15:31:05.990361 [0.7717, 0.4937, 0.0]
2015-05-23 15:31:06.005985 do get, return /do?&x=0.8042&y=0.4650&z=0
2015-05-23 15:31:06.005985 do get, return /do?&x=0.8138&y=0.4574&z=0
2015-05-23 15:31:06.005985 [0.7813, 0.486, 0.0]
2015-05-23 15:31:06.005985 [0.7927, 0.4746, 0.0]
2015-05-23 15:31:06.021612 do get, return /do?&x=0.8195&y=0.4536&z=0
2015-05-23 15:31:06.021612 do get, return /do?&x=0.8233&y=0.4497&z=0
2015-05-23 15:31:06.037252 [0.8042, 0.465, 0.0]
2015-05-23 15:31:06.037252 [0.8138, 0.4574, 0.0]
2015-05-23 15:31:06.037252 do get, return /do?&x=0.8252&y=0.4459&z=0
2015-05-23 15:31:06.052872 do get, return /do?&x=0.8271&y=0.4421&z=0
2015-05-23 15:31:06.052872 [0.8195, 0.4536, 0.0]
2015-05-23 15:31:06.052872 [0.8233, 0.4497, 0.0]
2015-05-23 15:31:06.068502 do get, return /do?&x=0.8291&y=0.4421&z=0
2015-05-23 15:31:06.068502 do get, return /do?&x=0.8291&y=0.4402&z=0
2015-05-23 15:31:06.068502 [0.8252, 0.4459, 0.0]
2015-05-23 15:31:06.084128 [0.8271, 0.4421, 0.0]
2015-05-23 15:31:06.084128 do get, return /do?&x=0.8271&y=0.4402&z=0
2015-05-23 15:31:06.099751 do get, return /do?&x=0.8233&y=0.4402&z=0
2015-05-23 15:31:06.099751 [0.8291, 0.4421, 0.0]
2015-05-23 15:31:06.099751 [0.8291, 0.4402, 0.0]
2015-05-23 15:31:06.115360 do get, return /do?&x=0.8176&y=0.4402&z=0
2015-05-23 15:31:06.115360 do get, return /do?&x=0.8099&y=0.4440&z=0
2015-05-23 15:31:06.115360 [0.8271, 0.4402, 0.0]
2015-05-23 15:31:06.115360 [0.8233, 0.4402, 0.0]
2015-05-23 15:31:06.131002 do get, return /do?&x=0.8042&y=0.4440&z=0
2015-05-23 15:31:06.131002 do get, return /do?&x=0.7985&y=0.4478&z=0
2015-05-23 15:31:06.131002 [0.8176, 0.4402, 0.0]
2015-05-23 15:31:06.146627 [0.8099, 0.444, 0.0]
2015-05-23 15:31:06.146627 do get, return /do?&x=0.7947&y=0.4497&z=0
2015-05-23 15:31:06.146627 do get, return /do?&x=0.7908&y=0.4516&z=0
2015-05-23 15:31:06.146627 [0.8042, 0.444, 0.0]
2015-05-23 15:31:06.146627 [0.7985, 0.4478, 0.0]
2015-05-23 15:31:06.162252 [0.7947, 0.4497, 0.0]
2015-05-23 15:31:06.162252 [0.7908, 0.4516, 0.0]
2015-05-23 15:31:06.177862 do get, return /do?&x=0.7870&y=0.4536&z=0
2015-05-23 15:31:06.177862 do get, return /do?&x=0.7851&y=0.4555&z=0
2015-05-23 15:31:06.177862 [0.787, 0.4536, 0.0]
2015-05-23 15:31:06.193503 [0.7851, 0.4555, 0.0]
2015-05-23 15:31:06.209132 do get, return /do?&x=0.7813&y=0.4555&z=0
2015-05-23 15:31:06.209132 do get, return /do?&x=0.7794&y=0.4574&z=0
2015-05-23 15:31:06.209132 do get, return /do?&x=0.7775&y=0.4574&z=0
2015-05-23 15:31:06.209132 do get, return /do?&x=0.7755&y=0.4612&z=0
2015-05-23 15:31:06.209132 do get, return /do?&x=0.7755&y=0.4593&z=0
2015-05-23 15:31:06.209132 do get, return /do?&x=0.7736&y=0.4612&z=0
2015-05-23 15:31:06.209132 [0.7813, 0.4555, 0.0]
2015-05-23 15:31:06.209132 [0.7794, 0.4574, 0.0]
2015-05-23 15:31:06.209132 [0.7775, 0.4574, 0.0]
2015-05-23 15:31:06.224753 [0.7755, 0.4612, 0.0]
2015-05-23 15:31:06.224753 [0.7755, 0.4593, 0.0]
2015-05-23 15:31:06.224753 [0.7736, 0.4612, 0.0]
2015-05-23 15:31:06.240360 do get, return /do?&x=0.7717&y=0.4631&z=0
2015-05-23 15:31:06.240360 do get, return /do?&x=0.7679&y=0.4650&z=0
2015-05-23 15:31:06.240360 do get, return /do?&x=0.7660&y=0.4669&z=0
2015-05-23 15:31:06.256003 do get, return /do?&x=0.7641&y=0.4669&z=0
2015-05-23 15:31:06.256003 do get, return /do?&x=0.7602&y=0.4689&z=0
2015-05-23 15:31:06.256003 do get, return /do?&x=0.7583&y=0.4708&z=0
2015-05-23 15:31:06.256003 [0.7717, 0.4631, 0.0]
2015-05-23 15:31:06.271628 [0.7679, 0.465, 0.0]
2015-05-23 15:31:06.271628 [0.766, 0.4669, 0.0]
2015-05-23 15:31:06.271628 [0.7641, 0.4669, 0.0]
2015-05-23 15:31:06.271628 [0.7602, 0.4689, 0.0]
2015-05-23 15:31:06.287259 [0.7583, 0.4708, 0.0]
2015-05-23 15:31:06.287259 do get, return /do?&x=0.7564&y=0.4708&z=0
2015-05-23 15:31:06.287259 do get, return /do?&x=0.7545&y=0.4727&z=0
2015-05-23 15:31:06.302878 [0.7564, 0.4708, 0.0]
2015-05-23 15:31:06.302878 [0.7545, 0.4727, 0.0]
2015-05-23 15:31:06.443575 do get, return /do?&x=0.7526&y=0.4727&z=0
2015-05-23 15:31:06.459146 [0.7526, 0.4727, 0.0]
2015-05-23 15:31:06.474773 do get, return /do?&x=0.7507&y=0.4727&z=0
2015-05-23 15:31:06.490373 [0.7507, 0.4727, 0.0]
2015-05-23 15:31:06.599771 do get, return /do?&x=0.7698&y=0.4650&z=0
2015-05-23 15:31:06.599771 do get, return /do?&x=0.7832&y=0.4593&z=0
2015-05-23 15:31:06.599771 [0.7698, 0.465, 0.0]
2015-05-23 15:31:06.615365 do get, return /do?&x=0.8004&y=0.4536&z=0
2015-05-23 15:31:06.615365 [0.7832, 0.4593, 0.0]
2015-05-23 15:31:06.615365 do get, return /do?&x=0.8214&y=0.4459&z=0
2015-05-23 15:31:06.630993 do get, return /do?&x=0.8558&y=0.4364&z=0
2015-05-23 15:31:06.630993 [0.8004, 0.4536, 0.0]
2015-05-23 15:31:06.630993 do get, return /do?&x=0.8940&y=0.4211&z=0
2015-05-23 15:31:06.646620 do get, return /do?&x=0.9361&y=0.4077&z=0
2015-05-23 15:31:06.662241 do get, return /do?&x=0.9781&y=0.3943&z=0
2015-05-23 15:31:06.662241 [0.8214, 0.4459, 0.0]
2015-05-23 15:31:06.662241 [0.8558, 0.4364, 0.0]
2015-05-23 15:31:06.677897 [0.894, 0.4211, 0.0]
2015-05-23 15:31:06.693517 [0.9361, 0.4077, 0.0]
2015-05-23 15:31:06.693517 [0.9781, 0.3943, 0.0]
2015-05-23 15:31:36.415416 do get, return /do?&x=0.4602&y=0.0140&z=0
2015-05-23 15:31:36.415416 do get, return /do?&x=0.4736&y=0.0369&z=0
2015-05-23 15:31:36.430948 do get, return /do?&x=0.4851&y=0.0580&z=0
2015-05-23 15:31:36.430948 [0.4602, 0.014, 0.0]
2015-05-23 15:31:36.446571 do get, return /do?&x=0.5022&y=0.0828&z=0
2015-05-23 15:31:36.446571 [0.4736, 0.0369, 0.0]
2015-05-23 15:31:36.446571 do get, return /do?&x=0.5252&y=0.1153&z=0
2015-05-23 15:31:36.446571 [0.4851, 0.058, 0.0]
2015-05-23 15:31:36.462196 do get, return /do?&x=0.5519&y=0.1516&z=0
2015-05-23 15:31:36.477820 [0.5022, 0.0828, 0.0]
2015-05-23 15:31:36.493448 [0.5252, 0.1153, 0.0]
2015-05-23 15:31:36.493448 do get, return /do?&x=0.5768&y=0.1879&z=0
2015-05-23 15:31:36.509069 do get, return /do?&x=0.5997&y=0.2242&z=0
2015-05-23 15:31:36.509069 [0.5519, 0.1516, 0.0]
2015-05-23 15:31:36.509069 do get, return /do?&x=0.6188&y=0.2644&z=0
2015-05-23 15:31:36.540319 do get, return /do?&x=0.6341&y=0.2969&z=0
2015-05-23 15:31:36.540319 do get, return /do?&x=0.6513&y=0.3408&z=0
2015-05-23 15:31:36.540319 [0.5768, 0.1879, 0.0]
2015-05-23 15:31:36.540319 [0.5997, 0.2242, 0.0]
2015-05-23 15:31:36.555941 do get, return /do?&x=0.6647&y=0.3790&z=0
2015-05-23 15:31:36.555941 [0.6188, 0.2644, 0.0]
2015-05-23 15:31:36.555941 [0.6341, 0.2969, 0.0]
2015-05-23 15:31:36.555941 [0.6513, 0.3408, 0.0]
2015-05-23 15:31:36.571567 do get, return /do?&x=0.6742&y=0.4096&z=0
2015-05-23 15:31:36.571567 [0.6647, 0.379, 0.0]
2015-05-23 15:31:36.571567 do get, return /do?&x=0.6800&y=0.4364&z=0
2015-05-23 15:31:36.587192 do get, return /do?&x=0.6857&y=0.4593&z=0
2015-05-23 15:31:36.587192 do get, return /do?&x=0.6895&y=0.4822&z=0
2015-05-23 15:31:36.587192 [0.6742, 0.4096, 0.0]
2015-05-23 15:31:36.587192 do get, return /do?&x=0.6934&y=0.5033&z=0
2015-05-23 15:31:36.602815 [0.68, 0.4364, 0.0]
2015-05-23 15:31:36.602815 do get, return /do?&x=0.6972&y=0.5243&z=0
2015-05-23 15:31:36.602815 [0.6857, 0.4593, 0.0]
2015-05-23 15:31:36.602815 [0.6895, 0.4822, 0.0]
2015-05-23 15:31:36.618458 do get, return /do?&x=0.6991&y=0.5396&z=0
2015-05-23 15:31:36.618458 [0.6934, 0.5033, 0.0]
2015-05-23 15:31:36.634075 [0.6972, 0.5243, 0.0]
2015-05-23 15:31:36.634075 do get, return /do?&x=0.7010&y=0.5529&z=0
2015-05-23 15:31:36.634075 do get, return /do?&x=0.7010&y=0.5663&z=0
2015-05-23 15:31:36.634075 do get, return /do?&x=0.7010&y=0.5759&z=0
2015-05-23 15:31:36.634075 [0.6991, 0.5396, 0.0]
2015-05-23 15:31:36.649713 do get, return /do?&x=0.7010&y=0.5835&z=0
2015-05-23 15:31:36.649713 do get, return /do?&x=0.7010&y=0.5893&z=0
2015-05-23 15:31:36.649713 [0.701, 0.5529, 0.0]
2015-05-23 15:31:36.649713 [0.701, 0.5663, 0.0]
2015-05-23 15:31:36.649713 [0.701, 0.5759, 0.0]
2015-05-23 15:31:36.665333 do get, return /do?&x=0.7010&y=0.5950&z=0
2015-05-23 15:31:36.665333 [0.701, 0.5835, 0.0]
2015-05-23 15:31:36.665333 [0.701, 0.5893, 0.0]
2015-05-23 15:31:36.665333 do get, return /do?&x=0.7010&y=0.5988&z=0
2015-05-23 15:31:36.680940 do get, return /do?&x=0.7010&y=0.6026&z=0
2015-05-23 15:31:36.680940 do get, return /do?&x=0.7010&y=0.6045&z=0
2015-05-23 15:31:36.680940 [0.701, 0.595, 0.0]
2015-05-23 15:31:36.680940 [0.701, 0.5988, 0.0]
2015-05-23 15:31:36.696587 [0.701, 0.6026, 0.0]
2015-05-23 15:31:36.696587 [0.701, 0.6045, 0.0]
2015-05-23 15:31:44.149807 do get, return /do?&x=0.6991&y=0.6045&z=0
2015-05-23 15:31:44.165345 [0.6991, 0.6045, 0.0]
2015-05-23 15:31:44.165345 do get, return /do?&x=0.6972&y=0.6045&z=0
2015-05-23 15:31:44.180976 do get, return /do?&x=0.6934&y=0.5969&z=0
2015-05-23 15:31:44.180976 [0.6972, 0.6045, 0.0]
2015-05-23 15:31:44.180976 do get, return /do?&x=0.6857&y=0.5854&z=0
2015-05-23 15:31:44.196609 do get, return /do?&x=0.6781&y=0.5720&z=0
2015-05-23 15:31:44.196609 [0.6934, 0.5969, 0.0]
2015-05-23 15:31:44.212223 do get, return /do?&x=0.6685&y=0.5568&z=0
2015-05-23 15:31:44.212223 do get, return /do?&x=0.6609&y=0.5396&z=0
2015-05-23 15:31:44.212223 [0.6857, 0.5854, 0.0]
2015-05-23 15:31:44.227841 [0.6781, 0.572, 0.0]
2015-05-23 15:31:44.243473 do get, return /do?&x=0.6532&y=0.5243&z=0
2015-05-23 15:31:44.243473 [0.6685, 0.5568, 0.0]
2015-05-23 15:31:44.243473 do get, return /do?&x=0.6456&y=0.5071&z=0
2015-05-23 15:31:44.259108 [0.6609, 0.5396, 0.0]
2015-05-23 15:31:44.259108 do get, return /do?&x=0.6360&y=0.4937&z=0
2015-05-23 15:31:44.259108 [0.6532, 0.5243, 0.0]
2015-05-23 15:31:44.274718 do get, return /do?&x=0.6265&y=0.4765&z=0
2015-05-23 15:31:44.274718 [0.6456, 0.5071, 0.0]
2015-05-23 15:31:44.274718 do get, return /do?&x=0.6169&y=0.4612&z=0
2015-05-23 15:31:44.290342 do get, return /do?&x=0.6093&y=0.4459&z=0
2015-05-23 15:31:44.290342 [0.636, 0.4937, 0.0]
2015-05-23 15:31:44.290342 do get, return /do?&x=0.5997&y=0.4306&z=0
2015-05-23 15:31:44.290342 [0.6265, 0.4765, 0.0]
2015-05-23 15:31:44.305986 do get, return /do?&x=0.5940&y=0.4134&z=0
2015-05-23 15:31:44.305986 [0.6169, 0.4612, 0.0]
2015-05-23 15:31:44.305986 [0.6093, 0.4459, 0.0]
2015-05-23 15:31:44.321591 do get, return /do?&x=0.5863&y=0.3981&z=0
2015-05-23 15:31:44.321591 [0.5997, 0.4306, 0.0]
2015-05-23 15:31:44.321591 do get, return /do?&x=0.5787&y=0.3809&z=0
2015-05-23 15:31:44.321591 [0.594, 0.4134, 0.0]
2015-05-23 15:31:44.337233 do get, return /do?&x=0.5691&y=0.3637&z=0
2015-05-23 15:31:44.337233 [0.5863, 0.3981, 0.0]
2015-05-23 15:31:44.352857 [0.5787, 0.3809, 0.0]
2015-05-23 15:31:44.352857 [0.5691, 0.3637, 0.0]
2015-05-23 15:31:44.368482 do get, return /do?&x=0.5615&y=0.3446&z=0
2015-05-23 15:31:44.368482 do get, return /do?&x=0.5558&y=0.3255&z=0
2015-05-23 15:31:44.368482 do get, return /do?&x=0.5500&y=0.3102&z=0
2015-05-23 15:31:44.368482 do get, return /do?&x=0.5424&y=0.2911&z=0
2015-05-23 15:31:44.384092 do get, return /do?&x=0.5366&y=0.2739&z=0
2015-05-23 15:31:44.384092 do get, return /do?&x=0.5290&y=0.2548&z=0
2015-05-23 15:31:44.384092 [0.5615, 0.3446, 0.0]
2015-05-23 15:31:44.384092 [0.5558, 0.3255, 0.0]
2015-05-23 15:31:44.384092 [0.55, 0.3102, 0.0]
2015-05-23 15:31:44.399716 [0.5424, 0.2911, 0.0]
2015-05-23 15:31:44.399716 [0.5366, 0.2739, 0.0]
2015-05-23 15:31:44.399716 [0.529, 0.2548, 0.0]
2015-05-23 15:31:44.415364 do get, return /do?&x=0.5233&y=0.2338&z=0
2015-05-23 15:31:44.415364 do get, return /do?&x=0.5137&y=0.2128&z=0
2015-05-23 15:31:44.415364 do get, return /do?&x=0.5080&y=0.1917&z=0
2015-05-23 15:31:44.415364 do get, return /do?&x=0.5003&y=0.1726&z=0
2015-05-23 15:31:44.430969 do get, return /do?&x=0.4908&y=0.1535&z=0
2015-05-23 15:31:44.430969 do get, return /do?&x=0.4831&y=0.1363&z=0
2015-05-23 15:31:44.430969 [0.5233, 0.2338, 0.0]
2015-05-23 15:31:44.430969 [0.5137, 0.2128, 0.0]
2015-05-23 15:31:44.446609 [0.508, 0.1917, 0.0]
2015-05-23 15:31:44.446609 [0.5003, 0.1726, 0.0]
2015-05-23 15:31:44.446609 [0.4908, 0.1535, 0.0]
2015-05-23 15:31:44.446609 [0.4831, 0.1363, 0.0]
2015-05-23 15:31:44.462218 do get, return /do?&x=0.4736&y=0.1153&z=0
2015-05-23 15:31:44.462218 do get, return /do?&x=0.4640&y=0.0943&z=0
2015-05-23 15:31:44.462218 do get, return /do?&x=0.4564&y=0.0752&z=0
2015-05-23 15:31:44.477841 do get, return /do?&x=0.4468&y=0.0560&z=0
2015-05-23 15:31:44.493483 [0.4736, 0.1153, 0.0]
2015-05-23 15:31:44.493483 [0.464, 0.0943, 0.0]
2015-05-23 15:31:44.493483 [0.4564, 0.0752, 0.0]
2015-05-23 15:31:44.493483 [0.4468, 0.056, 0.0]
2015-05-23 15:31:44.509108 do get, return /do?&x=0.4392&y=0.0369&z=0
2015-05-23 15:31:44.524731 do get, return /do?&x=0.4315&y=0.0197&z=0
2015-05-23 15:31:44.524731 do get, return /do?&x=0.4239&y=0.0025&z=0
2015-05-23 15:31:44.524731 [0.4392, 0.0369, 0.0]
2015-05-23 15:31:44.540359 [0.4315, 0.0197, 0.0]
2015-05-23 15:31:44.540359 [0.4239, 0.0025, 0.0]
2015-05-23 15:31:51.290395 do get, return /do?&x=0.4736&y=0.0159&z=0
2015-05-23 15:31:51.290395 do get, return /do?&x=0.4831&y=0.0350&z=0
2015-05-23 15:31:51.305992 do get, return /do?&x=0.4927&y=0.0522&z=0
2015-05-23 15:31:51.305992 [0.4736, 0.0159, 0.0]
2015-05-23 15:31:51.305992 do get, return /do?&x=0.5080&y=0.0752&z=0
2015-05-23 15:31:51.321619 [0.4831, 0.035, 0.0]
2015-05-23 15:31:51.321619 do get, return /do?&x=0.5233&y=0.0962&z=0
2015-05-23 15:31:51.321619 [0.4927, 0.0522, 0.0]
2015-05-23 15:31:51.337241 do get, return /do?&x=0.5385&y=0.1172&z=0
2015-05-23 15:31:51.352896 [0.508, 0.0752, 0.0]
2015-05-23 15:31:51.368529 do get, return /do?&x=0.5519&y=0.1382&z=0
2015-05-23 15:31:51.368529 do get, return /do?&x=0.5711&y=0.1650&z=0
2015-05-23 15:31:51.384144 [0.5233, 0.0962, 0.0]
2015-05-23 15:31:51.399740 [0.5385, 0.1172, 0.0]
2015-05-23 15:31:51.399740 do get, return /do?&x=0.5902&y=0.1917&z=0
2015-05-23 15:31:51.431024 [0.5519, 0.1382, 0.0]
2015-05-23 15:31:51.431024 [0.5711, 0.165, 0.0]
2015-05-23 15:31:51.446617 do get, return /do?&x=0.6188&y=0.2242&z=0
2015-05-23 15:31:51.446617 do get, return /do?&x=0.6456&y=0.2529&z=0
2015-05-23 15:31:51.462240 [0.5902, 0.1917, 0.0]
2015-05-23 15:31:51.462240 do get, return /do?&x=0.6762&y=0.2873&z=0
2015-05-23 15:31:51.462240 do get, return /do?&x=0.7048&y=0.3160&z=0
2015-05-23 15:31:51.477880 do get, return /do?&x=0.7354&y=0.3465&z=0
2015-05-23 15:31:51.477880 [0.6188, 0.2242, 0.0]
2015-05-23 15:31:51.477880 [0.6456, 0.2529, 0.0]
2015-05-23 15:31:51.493493 [0.6762, 0.2873, 0.0]
2015-05-23 15:31:51.493493 do get, return /do?&x=0.7641&y=0.3752&z=0
2015-05-23 15:31:51.493493 [0.7048, 0.316, 0.0]
2015-05-23 15:31:51.493493 [0.7354, 0.3465, 0.0]
2015-05-23 15:31:51.509114 do get, return /do?&x=0.8042&y=0.4153&z=0
2015-05-23 15:31:51.509114 do get, return /do?&x=0.8367&y=0.4536&z=0
2015-05-23 15:31:51.509114 do get, return /do?&x=0.8673&y=0.4880&z=0
2015-05-23 15:31:51.509114 [0.7641, 0.3752, 0.0]
2015-05-23 15:31:51.524756 do get, return /do?&x=0.8959&y=0.5205&z=0
2015-05-23 15:31:51.524756 do get, return /do?&x=0.9189&y=0.5529&z=0
2015-05-23 15:31:51.524756 [0.8042, 0.4153, 0.0]
2015-05-23 15:31:51.524756 [0.8367, 0.4536, 0.0]
2015-05-23 15:31:51.540368 [0.8673, 0.488, 0.0]
2015-05-23 15:31:51.540368 do get, return /do?&x=0.9418&y=0.5816&z=0
2015-05-23 15:31:51.540368 [0.8959, 0.5205, 0.0]
2015-05-23 15:31:51.556008 [0.9189, 0.5529, 0.0]
2015-05-23 15:31:51.556008 do get, return /do?&x=0.9647&y=0.6084&z=0
2015-05-23 15:31:51.587254 do get, return /do?&x=0.9934&y=0.6428&z=0
2015-05-23 15:31:51.587254 [0.9418, 0.5816, 0.0]
2015-05-23 15:31:51.602880 [0.9647, 0.6084, 0.0]
2015-05-23 15:31:51.602880 [0.9934, 0.6428, 0.0]
