2015-07-14 20:26:40.923438 do get, return /home
2015-07-14 20:26:41.017115 do get, return /jquery-2.1.1.min.js
2015-07-14 20:26:41.017115 do get, return /figs/square_0_2d_F2s.png
2015-07-14 20:26:41.032735 do get, return /figs/layerss.png
2015-07-14 20:26:41.188983 do get, return /favicon.ico
2015-07-14 20:26:42.032735 do get, return /do?&x=0.9456&y=0.6256&z=0
2015-07-14 20:26:42.032735 [0.9456, 0.6256, 0.0]
2015-07-14 20:26:42.032735 do get, return /do?&x=0.9456&y=0.6236&z=0
2015-07-14 20:26:42.063985 do get, return /do?&x=0.9437&y=0.6198&z=0
2015-07-14 20:26:42.063985 do get, return /do?&x=0.9399&y=0.6179&z=0
2015-07-14 20:26:42.063985 do get, return /do?&x=0.9361&y=0.6141&z=0
2015-07-14 20:26:42.063985 [0.9456, 0.6236, 0.0]
2015-07-14 20:26:42.063985 do get, return /do?&x=0.9284&y=0.6084&z=0
2015-07-14 20:26:42.063985 [0.9437, 0.6198, 0.0]
2015-07-14 20:26:42.079628 [0.9399, 0.6179, 0.0]
2015-07-14 20:26:42.079628 [0.9361, 0.6141, 0.0]
2015-07-14 20:26:42.079628 [0.9284, 0.6084, 0.0]
2015-07-14 20:26:42.095241 do get, return /do?&x=0.9170&y=0.6026&z=0
2015-07-14 20:26:42.095241 do get, return /do?&x=0.9017&y=0.5969&z=0
2015-07-14 20:26:42.095241 do get, return /do?&x=0.8883&y=0.5912&z=0
2015-07-14 20:26:42.110861 do get, return /do?&x=0.8730&y=0.5854&z=0
2015-07-14 20:26:42.110861 [0.917, 0.6026, 0.0]
2015-07-14 20:26:42.110861 do get, return /do?&x=0.8329&y=0.5720&z=0
2015-07-14 20:26:42.110861 do get, return /do?&x=0.8157&y=0.5663&z=0
2015-07-14 20:26:42.126529 [0.9017, 0.5969, 0.0]
2015-07-14 20:26:42.142128 [0.8883, 0.5912, 0.0]
2015-07-14 20:26:42.142128 [0.873, 0.5854, 0.0]
2015-07-14 20:26:42.142128 [0.8329, 0.572, 0.0]
2015-07-14 20:26:42.157752 [0.8157, 0.5663, 0.0]
2015-07-14 20:26:42.157752 do get, return /do?&x=0.7965&y=0.5606&z=0
2015-07-14 20:26:42.157752 do get, return /do?&x=0.7775&y=0.5549&z=0
2015-07-14 20:26:42.173368 do get, return /do?&x=0.7602&y=0.5491&z=0
2015-07-14 20:26:42.173368 do get, return /do?&x=0.7431&y=0.5434&z=0
2015-07-14 20:26:42.173368 do get, return /do?&x=0.7278&y=0.5376&z=0
2015-07-14 20:26:42.188986 do get, return /do?&x=0.7125&y=0.5319&z=0
2015-07-14 20:26:42.188986 [0.7965, 0.5606, 0.0]
2015-07-14 20:26:42.188986 [0.7775, 0.5549, 0.0]
2015-07-14 20:26:42.188986 [0.7602, 0.5491, 0.0]
2015-07-14 20:26:42.205073 [0.7431, 0.5434, 0.0]
2015-07-14 20:26:42.205073 [0.7278, 0.5376, 0.0]
2015-07-14 20:26:42.205073 [0.7125, 0.5319, 0.0]
2015-07-14 20:26:42.220237 do get, return /do?&x=0.6972&y=0.5262&z=0
2015-07-14 20:26:42.220237 do get, return /do?&x=0.6876&y=0.5224&z=0
2015-07-14 20:26:42.235863 do get, return /do?&x=0.6781&y=0.5185&z=0
2015-07-14 20:26:42.235863 [0.6972, 0.5262, 0.0]
2015-07-14 20:26:42.251528 do get, return /do?&x=0.6704&y=0.5147&z=0
2015-07-14 20:26:42.251528 do get, return /do?&x=0.6590&y=0.5128&z=0
2015-07-14 20:26:42.251528 do get, return /do?&x=0.6647&y=0.5147&z=0
2015-07-14 20:26:42.282781 [0.6876, 0.5224, 0.0]
2015-07-14 20:26:42.282781 [0.6781, 0.5185, 0.0]
2015-07-14 20:26:42.298361 do get, return /do?&x=0.6571&y=0.5128&z=0
2015-07-14 20:26:42.298361 [0.6704, 0.5147, 0.0]
2015-07-14 20:26:42.298361 [0.659, 0.5128, 0.0]
2015-07-14 20:26:42.298361 [0.6647, 0.5147, 0.0]
2015-07-14 20:26:42.314001 [0.6571, 0.5128, 0.0]
2015-07-14 20:26:42.485872 do get, return /do?&x=0.6551&y=0.5128&z=0
2015-07-14 20:26:42.485872 [0.6551, 0.5128, 0.0]
2015-07-14 20:26:42.501509 do get, return /do?&x=0.6532&y=0.5128&z=0
2015-07-14 20:26:42.501509 [0.6532, 0.5128, 0.0]
2015-07-14 20:26:42.517113 do get, return /do?&x=0.6532&y=0.5147&z=0
2015-07-14 20:26:42.532736 [0.6532, 0.5147, 0.0]
2015-07-14 20:26:42.532736 do get, return /do?&x=0.6513&y=0.5147&z=0
2015-07-14 20:26:42.532736 do get, return /do?&x=0.6513&y=0.5166&z=0
2015-07-14 20:26:42.532736 [0.6513, 0.5147, 0.0]
2015-07-14 20:26:42.532736 [0.6513, 0.5166, 0.0]
2015-07-14 20:26:42.548361 do get, return /do?&x=0.6494&y=0.5205&z=0
2015-07-14 20:26:42.548361 do get, return /do?&x=0.6475&y=0.5224&z=0
2015-07-14 20:26:42.548361 [0.6494, 0.5205, 0.0]
2015-07-14 20:26:42.563986 do get, return /do?&x=0.6475&y=0.5243&z=0
2015-07-14 20:26:42.563986 [0.6475, 0.5224, 0.0]
2015-07-14 20:26:42.563986 do get, return /do?&x=0.6437&y=0.5281&z=0
2015-07-14 20:26:42.563986 [0.6475, 0.5243, 0.0]
2015-07-14 20:26:42.579612 do get, return /do?&x=0.6418&y=0.5300&z=0
2015-07-14 20:26:42.579612 [0.6437, 0.5281, 0.0]
2015-07-14 20:26:42.579612 do get, return /do?&x=0.6379&y=0.5357&z=0
2015-07-14 20:26:42.579612 [0.6418, 0.53, 0.0]
2015-07-14 20:26:42.595239 do get, return /do?&x=0.6360&y=0.5376&z=0
2015-07-14 20:26:42.595239 [0.6379, 0.5357, 0.0]
2015-07-14 20:26:42.595239 do get, return /do?&x=0.6322&y=0.5415&z=0
2015-07-14 20:26:42.610861 do get, return /do?&x=0.6303&y=0.5453&z=0
2015-07-14 20:26:42.610861 [0.636, 0.5376, 0.0]
2015-07-14 20:26:42.610861 do get, return /do?&x=0.6265&y=0.5472&z=0
2015-07-14 20:26:42.626486 [0.6322, 0.5415, 0.0]
2015-07-14 20:26:42.626486 do get, return /do?&x=0.6245&y=0.5510&z=0
2015-07-14 20:26:42.626486 [0.6303, 0.5453, 0.0]
2015-07-14 20:26:42.626486 do get, return /do?&x=0.6226&y=0.5549&z=0
2015-07-14 20:26:42.642113 [0.6265, 0.5472, 0.0]
2015-07-14 20:26:42.642113 do get, return /do?&x=0.6207&y=0.5568&z=0
2015-07-14 20:26:42.642113 do get, return /do?&x=0.6169&y=0.5606&z=0
2015-07-14 20:26:42.642113 [0.6245, 0.551, 0.0]
2015-07-14 20:26:42.657735 do get, return /do?&x=0.6150&y=0.5625&z=0
2015-07-14 20:26:42.657735 [0.6226, 0.5549, 0.0]
2015-07-14 20:26:42.657735 do get, return /do?&x=0.6131&y=0.5644&z=0
2015-07-14 20:26:42.673365 [0.6207, 0.5568, 0.0]
2015-07-14 20:26:42.673365 [0.6169, 0.5606, 0.0]
2015-07-14 20:26:42.673365 do get, return /do?&x=0.6131&y=0.5682&z=0
2015-07-14 20:26:42.673365 [0.615, 0.5625, 0.0]
2015-07-14 20:26:42.688988 [0.6131, 0.5644, 0.0]
2015-07-14 20:26:42.688988 [0.6131, 0.5682, 0.0]
2015-07-14 20:26:42.720238 do get, return /do?&x=0.6093&y=0.5702&z=0
2015-07-14 20:26:42.735861 do get, return /do?&x=0.6093&y=0.5720&z=0
2015-07-14 20:26:42.735861 do get, return /do?&x=0.6074&y=0.5740&z=0
2015-07-14 20:26:42.735861 do get, return /do?&x=0.6055&y=0.5759&z=0
2015-07-14 20:26:42.735861 do get, return /do?&x=0.6035&y=0.5778&z=0
2015-07-14 20:26:42.735861 [0.6093, 0.5702, 0.0]
2015-07-14 20:26:42.735861 [0.6093, 0.572, 0.0]
2015-07-14 20:26:42.735861 [0.6074, 0.574, 0.0]
2015-07-14 20:26:42.735861 [0.6055, 0.5759, 0.0]
2015-07-14 20:26:42.735861 [0.6035, 0.5778, 0.0]
2015-07-14 20:26:42.814032 do get, return /figs/square_0_2d_F1s.png
2015-07-14 20:26:42.814032 do get, return /do?&x=0.6035&y=0.5778&z=1
2015-07-14 20:26:42.829611 [0.6035, 0.5778, 1.0]
2015-07-14 20:26:43.064013 do get, return /do?&x=0.6035&y=0.5797&z=1
2015-07-14 20:26:43.064013 [0.6035, 0.5797, 1.0]
2015-07-14 20:26:43.064013 do get, return /do?&x=0.6016&y=0.5797&z=1
2015-07-14 20:26:43.079617 do get, return /do?&x=0.5997&y=0.5835&z=1
2015-07-14 20:26:43.079617 [0.6016, 0.5797, 1.0]
2015-07-14 20:26:43.079617 [0.5997, 0.5835, 1.0]
2015-07-14 20:26:43.079617 do get, return /do?&x=0.5997&y=0.5854&z=1
2015-07-14 20:26:43.095254 do get, return /do?&x=0.5959&y=0.5893&z=1
2015-07-14 20:26:43.095254 [0.5997, 0.5854, 1.0]
2015-07-14 20:26:43.095254 do get, return /do?&x=0.5940&y=0.5931&z=1
2015-07-14 20:26:43.095254 [0.5959, 0.5893, 1.0]
2015-07-14 20:26:43.110877 do get, return /do?&x=0.5902&y=0.5969&z=1
2015-07-14 20:26:43.110877 [0.594, 0.5931, 1.0]
2015-07-14 20:26:43.110877 do get, return /do?&x=0.5844&y=0.6007&z=1
2015-07-14 20:26:43.126487 [0.5902, 0.5969, 1.0]
2015-07-14 20:26:43.126487 do get, return /do?&x=0.5806&y=0.6065&z=1
2015-07-14 20:26:43.126487 do get, return /do?&x=0.5730&y=0.6103&z=1
2015-07-14 20:26:43.142128 [0.5844, 0.6007, 1.0]
2015-07-14 20:26:43.142128 do get, return /do?&x=0.5691&y=0.6160&z=1
2015-07-14 20:26:43.142128 [0.5806, 0.6065, 1.0]
2015-07-14 20:26:43.142128 do get, return /do?&x=0.5653&y=0.6198&z=1
2015-07-14 20:26:43.142128 [0.573, 0.6103, 1.0]
2015-07-14 20:26:43.157753 do get, return /do?&x=0.5577&y=0.6275&z=1
2015-07-14 20:26:43.157753 [0.5691, 0.616, 1.0]
2015-07-14 20:26:43.173379 [0.5653, 0.6198, 1.0]
2015-07-14 20:26:43.173379 do get, return /do?&x=0.5538&y=0.6313&z=1
2015-07-14 20:26:43.173379 do get, return /do?&x=0.5500&y=0.6351&z=1
2015-07-14 20:26:43.173379 [0.5577, 0.6275, 1.0]
2015-07-14 20:26:43.173379 do get, return /do?&x=0.5443&y=0.6389&z=1
2015-07-14 20:26:43.188987 do get, return /do?&x=0.5405&y=0.6428&z=1
2015-07-14 20:26:43.188987 [0.5538, 0.6313, 1.0]
2015-07-14 20:26:43.188987 [0.55, 0.6351, 1.0]
2015-07-14 20:26:43.188987 do get, return /do?&x=0.5366&y=0.6447&z=1
2015-07-14 20:26:43.204614 [0.5443, 0.6389, 1.0]
2015-07-14 20:26:43.204614 do get, return /do?&x=0.5309&y=0.6504&z=1
2015-07-14 20:26:43.204614 [0.5405, 0.6428, 1.0]
2015-07-14 20:26:43.220237 do get, return /do?&x=0.5271&y=0.6523&z=1
2015-07-14 20:26:43.220237 [0.5366, 0.6447, 1.0]
2015-07-14 20:26:43.220237 do get, return /do?&x=0.5233&y=0.6581&z=1
2015-07-14 20:26:43.220237 [0.5309, 0.6504, 1.0]
2015-07-14 20:26:43.220237 do get, return /do?&x=0.5195&y=0.6600&z=1
2015-07-14 20:26:43.235862 [0.5271, 0.6523, 1.0]
2015-07-14 20:26:43.235862 do get, return /do?&x=0.5137&y=0.6638&z=1
2015-07-14 20:26:43.235862 [0.5233, 0.6581, 1.0]
2015-07-14 20:26:43.251486 do get, return /do?&x=0.5118&y=0.6638&z=1
2015-07-14 20:26:43.251486 [0.5195, 0.66, 1.0]
2015-07-14 20:26:43.251486 do get, return /do?&x=0.5099&y=0.6657&z=1
2015-07-14 20:26:43.251486 [0.5137, 0.6638, 1.0]
2015-07-14 20:26:43.267112 do get, return /do?&x=0.5061&y=0.6676&z=1
2015-07-14 20:26:43.267112 [0.5118, 0.6638, 1.0]
2015-07-14 20:26:43.267112 [0.5099, 0.6657, 1.0]
2015-07-14 20:26:43.282739 [0.5061, 0.6676, 1.0]
2015-07-14 20:26:43.282739 do get, return /do?&x=0.5042&y=0.6676&z=1
2015-07-14 20:26:43.298363 [0.5042, 0.6676, 1.0]
2015-07-14 20:26:53.876512 do get, return /do?&x=0.5195&y=0.6581&z=1
2015-07-14 20:26:53.876512 do get, return /do?&x=0.5309&y=0.6466&z=1
2015-07-14 20:26:53.892140 [0.5195, 0.6581, 1.0]
2015-07-14 20:26:53.907770 [0.5309, 0.6466, 1.0]
2015-07-14 20:26:53.907770 do get, return /do?&x=0.5481&y=0.6275&z=1
2015-07-14 20:26:53.923382 do get, return /do?&x=0.5882&y=0.5854&z=1
2015-07-14 20:26:53.923382 do get, return /do?&x=0.6303&y=0.5376&z=1
2015-07-14 20:26:53.939009 do get, return /do?&x=0.6532&y=0.5166&z=1
2015-07-14 20:26:53.939009 [0.5481, 0.6275, 1.0]
2015-07-14 20:26:53.939009 do get, return /do?&x=0.6781&y=0.4956&z=1
2015-07-14 20:26:53.954633 do get, return /do?&x=0.7086&y=0.4708&z=1
2015-07-14 20:26:53.954633 [0.5882, 0.5854, 1.0]
2015-07-14 20:26:53.954633 [0.6303, 0.5376, 1.0]
2015-07-14 20:26:53.970255 [0.6532, 0.5166, 1.0]
2015-07-14 20:26:53.985886 do get, return /do?&x=0.7373&y=0.4497&z=1
2015-07-14 20:26:53.985886 [0.6781, 0.4956, 1.0]
2015-07-14 20:26:53.985886 [0.7086, 0.4708, 1.0]
2015-07-14 20:26:54.001507 do get, return /do?&x=0.7641&y=0.4287&z=1
2015-07-14 20:26:54.001507 do get, return /do?&x=0.7851&y=0.4134&z=1
2015-07-14 20:26:54.017129 do get, return /do?&x=0.8042&y=0.4020&z=1
2015-07-14 20:26:54.017129 [0.7373, 0.4497, 1.0]
2015-07-14 20:26:54.017129 do get, return /do?&x=0.8233&y=0.3886&z=1
2015-07-14 20:26:54.032767 [0.7641, 0.4287, 1.0]
2015-07-14 20:26:54.032767 do get, return /do?&x=0.8424&y=0.3771&z=1
2015-07-14 20:26:54.032767 [0.7851, 0.4134, 1.0]
2015-07-14 20:26:54.032767 [0.8042, 0.402, 1.0]
2015-07-14 20:26:54.048381 do get, return /do?&x=0.8615&y=0.3637&z=1
2015-07-14 20:26:54.048381 [0.8233, 0.3886, 1.0]
2015-07-14 20:26:54.064003 do get, return /do?&x=0.8787&y=0.3504&z=1
2015-07-14 20:26:54.064003 [0.8424, 0.3771, 1.0]
2015-07-14 20:26:54.064003 do get, return /do?&x=0.8940&y=0.3408&z=1
2015-07-14 20:26:54.079629 do get, return /do?&x=0.9093&y=0.3313&z=1
2015-07-14 20:26:54.079629 [0.8615, 0.3637, 1.0]
2015-07-14 20:26:54.079629 do get, return /do?&x=0.9227&y=0.3179&z=1
2015-07-14 20:26:54.079629 [0.8787, 0.3504, 1.0]
2015-07-14 20:26:54.095269 do get, return /do?&x=0.9399&y=0.3083&z=1
2015-07-14 20:26:54.095269 [0.894, 0.3408, 1.0]
2015-07-14 20:26:54.095269 [0.9093, 0.3313, 1.0]
2015-07-14 20:26:54.110895 do get, return /do?&x=0.9552&y=0.2988&z=1
2015-07-14 20:26:54.110895 [0.9227, 0.3179, 1.0]
2015-07-14 20:26:54.110895 do get, return /do?&x=0.9705&y=0.2911&z=1
2015-07-14 20:26:54.126520 [0.9399, 0.3083, 1.0]
2015-07-14 20:26:54.126520 do get, return /do?&x=0.9838&y=0.2816&z=1
2015-07-14 20:26:54.126520 do get, return /do?&x=0.9953&y=0.2777&z=1
2015-07-14 20:26:54.126520 [0.9552, 0.2988, 1.0]
2015-07-14 20:26:54.142128 [0.9705, 0.2911, 1.0]
2015-07-14 20:26:54.157754 [0.9838, 0.2816, 1.0]
2015-07-14 20:26:54.157754 [0.9953, 0.2777, 1.0]
2015-07-14 20:27:02.970274 do get, return /do?&x=0.6571&y=0.4841&z=1
2015-07-14 20:27:02.970274 do get, return /do?&x=0.6685&y=0.4727&z=1
2015-07-14 20:27:02.970274 [0.6571, 0.4841, 1.0]
2015-07-14 20:27:02.985894 [0.6685, 0.4727, 1.0]
2015-07-14 20:30:19.522586 do get, return /do?&x=0.4602&y=0.0236&z=1
2015-07-14 20:30:19.524619 do get, return /do?&x=0.4468&y=0.0044&z=1
2015-07-14 20:30:19.526586 do get, return /do?&x=0.4717&y=0.0427&z=1
2015-07-14 20:30:19.536595 do get, return /do?&x=0.4831&y=0.0637&z=1
2015-07-14 20:30:19.537621 [0.4602, 0.0236, 1.0]
2015-07-14 20:30:19.549600 [0.4468, 0.0044, 1.0]
2015-07-14 20:30:19.552594 do get, return /do?&x=0.4965&y=0.0866&z=1
2015-07-14 20:30:19.556588 do get, return /do?&x=0.5061&y=0.1096&z=1
2015-07-14 20:30:19.560590 [0.4717, 0.0427, 1.0]
2015-07-14 20:30:19.570593 [0.4831, 0.0637, 1.0]
2015-07-14 20:30:19.601623 [0.4965, 0.0866, 1.0]
2015-07-14 20:30:19.628605 [0.5061, 0.1096, 1.0]
2015-07-14 20:30:19.643599 do get, return /do?&x=0.5347&y=0.1726&z=1
2015-07-14 20:30:19.653593 do get, return /do?&x=0.5405&y=0.1936&z=1
2015-07-14 20:30:19.663610 do get, return /do?&x=0.5462&y=0.2166&z=1
2015-07-14 20:30:19.672599 do get, return /do?&x=0.5538&y=0.2376&z=1
2015-07-14 20:30:19.676593 [0.5347, 0.1726, 1.0]
2015-07-14 20:30:19.684610 [0.5405, 0.1936, 1.0]
2015-07-14 20:30:19.692613 [0.5462, 0.2166, 1.0]
2015-07-14 20:30:19.699610 [0.5538, 0.2376, 1.0]
2015-07-14 20:30:19.723603 do get, return /do?&x=0.5577&y=0.2586&z=1
2015-07-14 20:30:19.733598 do get, return /do?&x=0.5615&y=0.2758&z=1
2015-07-14 20:30:19.747598 do get, return /do?&x=0.5634&y=0.2949&z=1
2015-07-14 20:30:19.759603 do get, return /do?&x=0.5653&y=0.3102&z=1
2015-07-14 20:30:19.766626 [0.5577, 0.2586, 1.0]
2015-07-14 20:30:19.778608 [0.5615, 0.2758, 1.0]
2015-07-14 20:30:19.789632 [0.5634, 0.2949, 1.0]
2015-07-14 20:30:19.800617 [0.5653, 0.3102, 1.0]
2015-07-14 20:30:19.819604 do get, return /do?&x=0.5653&y=0.3255&z=1
2015-07-14 20:30:19.831603 do get, return /do?&x=0.5653&y=0.3427&z=1
2015-07-14 20:30:19.844605 do get, return /do?&x=0.5653&y=0.3599&z=1
2015-07-14 20:30:19.857631 do get, return /do?&x=0.5653&y=0.3752&z=1
2015-07-14 20:30:19.864608 [0.5653, 0.3255, 1.0]
2015-07-14 20:30:19.875618 [0.5653, 0.3427, 1.0]
2015-07-14 20:30:19.887611 [0.5653, 0.3599, 1.0]
2015-07-14 20:30:19.898612 [0.5653, 0.3752, 1.0]
2015-07-14 20:30:19.912607 do get, return /do?&x=0.5653&y=0.3886&z=1
2015-07-14 20:30:19.921607 do get, return /do?&x=0.5634&y=0.4077&z=1
2015-07-14 20:30:19.928608 do get, return /do?&x=0.5615&y=0.4230&z=1
2015-07-14 20:30:19.938623 do get, return /do?&x=0.5596&y=0.4383&z=1
2015-07-14 20:30:19.941621 [0.5653, 0.3886, 1.0]
2015-07-14 20:30:19.947622 [0.5634, 0.4077, 1.0]
2015-07-14 20:30:19.954612 [0.5615, 0.423, 1.0]
2015-07-14 20:30:19.961609 [0.5596, 0.4383, 1.0]
2015-07-14 20:30:19.972611 do get, return /do?&x=0.5558&y=0.4516&z=1
2015-07-14 20:30:19.980623 do get, return /do?&x=0.5519&y=0.4650&z=1
2015-07-14 20:30:19.987611 do get, return /do?&x=0.5481&y=0.4784&z=1
2015-07-14 20:30:19.994611 do get, return /do?&x=0.5443&y=0.4918&z=1
2015-07-14 20:30:19.997625 [0.5558, 0.4516, 1.0]
2015-07-14 20:30:20.004626 [0.5519, 0.465, 1.0]
2015-07-14 20:30:20.011631 [0.5481, 0.4784, 1.0]
2015-07-14 20:30:20.018611 [0.5443, 0.4918, 1.0]
2015-07-14 20:30:20.029630 do get, return /do?&x=0.5405&y=0.5052&z=1
2015-07-14 20:30:20.036612 do get, return /do?&x=0.5366&y=0.5166&z=1
2015-07-14 20:30:20.044615 do get, return /do?&x=0.5328&y=0.5262&z=1
2015-07-14 20:30:20.052631 do get, return /do?&x=0.5309&y=0.5319&z=1
2015-07-14 20:30:20.056615 [0.5405, 0.5052, 1.0]
2015-07-14 20:30:20.064620 [0.5366, 0.5166, 1.0]
2015-07-14 20:30:20.073615 [0.5328, 0.5262, 1.0]
2015-07-14 20:30:20.081620 [0.5309, 0.5319, 1.0]
2015-07-14 20:30:20.093618 do get, return /do?&x=0.5290&y=0.5376&z=1
2015-07-14 20:30:20.101620 do get, return /do?&x=0.5290&y=0.5415&z=1
2015-07-14 20:30:20.109618 do get, return /do?&x=0.5271&y=0.5453&z=1
2015-07-14 20:30:20.117618 do get, return /do?&x=0.5252&y=0.5472&z=1
2015-07-14 20:30:20.125618 [0.529, 0.5376, 1.0]
2015-07-14 20:30:20.136620 [0.529, 0.5415, 1.0]
2015-07-14 20:30:20.147619 [0.5271, 0.5453, 1.0]
2015-07-14 20:30:20.157624 [0.5252, 0.5472, 1.0]
2015-07-14 20:30:20.173636 do get, return /do?&x=0.5252&y=0.5510&z=1
2015-07-14 20:30:20.187624 do get, return /do?&x=0.5252&y=0.5510&z=1
2015-07-14 20:30:20.203637 do get, return /do?&x=0.5252&y=0.5529&z=1
2015-07-14 20:30:20.219648 do get, return /do?&x=0.5271&y=0.5529&z=1
2015-07-14 20:30:20.229625 [0.5252, 0.551, 1.0]
2015-07-14 20:30:20.236629 [0.5252, 0.551, 1.0]
2015-07-14 20:30:20.244626 [0.5252, 0.5529, 1.0]
2015-07-14 20:30:20.251651 [0.5271, 0.5529, 1.0]
2015-07-14 20:30:20.262629 do get, return /do?&x=0.5290&y=0.5510&z=1
2015-07-14 20:30:20.270627 do get, return /do?&x=0.5309&y=0.5510&z=1
2015-07-14 20:30:20.289627 [0.529, 0.551, 1.0]
2015-07-14 20:30:20.291628 do get, return /do?&x=0.5309&y=0.5491&z=1
2015-07-14 20:30:20.292628 do get, return /do?&x=0.5328&y=0.5491&z=1
2015-07-14 20:30:20.293646 do get, return /do?&x=0.5175&y=0.1306&z=1
2015-07-14 20:30:20.297643 [0.5309, 0.551, 1.0]
2015-07-14 20:30:20.306629 do get, return /do?&x=0.5252&y=0.1516&z=1
2015-07-14 20:30:20.310632 do get, return /do?&x=0.5328&y=0.5472&z=1
2015-07-14 20:30:20.314628 [0.5309, 0.5491, 1.0]
2015-07-14 20:30:20.321643 [0.5328, 0.5491, 1.0]
2015-07-14 20:30:20.328633 [0.5175, 0.1306, 1.0]
2015-07-14 20:30:20.341631 do get, return /do?&x=0.5347&y=0.5453&z=1
2015-07-14 20:30:20.346633 [0.5252, 0.1516, 1.0]
2015-07-14 20:30:20.356632 [0.5328, 0.5472, 1.0]
2015-07-14 20:30:20.368634 do get, return /do?&x=0.5366&y=0.5434&z=1
2015-07-14 20:30:20.379633 do get, return /do?&x=0.5385&y=0.5434&z=1
2015-07-14 20:30:20.388634 do get, return /do?&x=0.5385&y=0.5415&z=1
2015-07-14 20:30:20.392634 [0.5347, 0.5453, 1.0]
2015-07-14 20:30:20.404635 do get, return /do?&x=0.5385&y=0.5396&z=1
2015-07-14 20:30:20.417638 do get, return /do?&x=0.5385&y=0.5376&z=1
2015-07-14 20:30:20.424637 [0.5366, 0.5434, 1.0]
2015-07-14 20:30:20.433636 [0.5385, 0.5434, 1.0]
2015-07-14 20:30:20.441636 [0.5385, 0.5415, 1.0]
2015-07-14 20:30:20.463638 do get, return /do?&x=0.5405&y=0.5376&z=1
2015-07-14 20:30:20.465638 [0.5385, 0.5396, 1.0]
2015-07-14 20:30:20.475638 [0.5385, 0.5376, 1.0]
2015-07-14 20:30:20.490640 do get, return /do?&x=0.5405&y=0.5357&z=1
2015-07-14 20:30:20.499640 do get, return /do?&x=0.5405&y=0.5338&z=1
2015-07-14 20:30:20.508639 do get, return /do?&x=0.5405&y=0.5319&z=1
2015-07-14 20:30:20.510639 [0.5405, 0.5376, 1.0]
2015-07-14 20:30:20.519640 do get, return /do?&x=0.5405&y=0.5300&z=1
2015-07-14 20:30:20.526640 do get, return /do?&x=0.5405&y=0.5281&z=1
2015-07-14 20:30:20.529641 [0.5405, 0.5357, 1.0]
2015-07-14 20:30:20.536640 [0.5405, 0.5338, 1.0]
2015-07-14 20:30:20.541642 [0.5405, 0.5319, 1.0]
2015-07-14 20:30:20.551642 do get, return /do?&x=0.5424&y=0.5281&z=1
2015-07-14 20:30:20.555642 [0.5405, 0.53, 1.0]
2015-07-14 20:30:20.560641 [0.5405, 0.5281, 1.0]
2015-07-14 20:30:20.570644 do get, return /do?&x=0.5424&y=0.5262&z=1
2015-07-14 20:30:20.576645 do get, return /do?&x=0.5424&y=0.5243&z=1
2015-07-14 20:30:20.583645 do get, return /do?&x=0.5424&y=0.5224&z=1
2015-07-14 20:30:20.586643 [0.5424, 0.5281, 1.0]
2015-07-14 20:30:20.596646 do get, return /do?&x=0.5424&y=0.5205&z=1
2015-07-14 20:30:20.604646 do get, return /do?&x=0.5443&y=0.5185&z=1
2015-07-14 20:30:20.607646 [0.5424, 0.5262, 1.0]
2015-07-14 20:30:20.613645 [0.5424, 0.5243, 1.0]
2015-07-14 20:30:20.619646 [0.5424, 0.5224, 1.0]
2015-07-14 20:30:20.633648 do get, return /do?&x=0.5443&y=0.5166&z=1
2015-07-14 20:30:20.641650 [0.5424, 0.5205, 1.0]
2015-07-14 20:30:20.647651 [0.5443, 0.5185, 1.0]
2015-07-14 20:30:20.657648 do get, return /do?&x=0.5443&y=0.5147&z=1
2015-07-14 20:30:20.663648 do get, return /do?&x=0.5462&y=0.5128&z=1
2015-07-14 20:30:20.670649 do get, return /do?&x=0.5462&y=0.5109&z=1
2015-07-14 20:30:20.673648 [0.5443, 0.5166, 1.0]
2015-07-14 20:30:20.683651 do get, return /do?&x=0.5462&y=0.5090&z=1
2015-07-14 20:30:20.690651 do get, return /do?&x=0.5462&y=0.5071&z=1
2015-07-14 20:30:20.693650 [0.5443, 0.5147, 1.0]
2015-07-14 20:30:20.699650 [0.5462, 0.5128, 1.0]
2015-07-14 20:30:20.705652 [0.5462, 0.5109, 1.0]
2015-07-14 20:30:20.713651 do get, return /do?&x=0.5462&y=0.5052&z=1
2015-07-14 20:30:20.716652 [0.5462, 0.509, 1.0]
2015-07-14 20:30:20.722651 [0.5462, 0.5071, 1.0]
2015-07-14 20:30:20.743654 [0.5462, 0.5052, 1.0]
2015-07-14 20:30:20.752654 do get, return /do?&x=0.5462&y=0.5033&z=1
2015-07-14 20:30:20.753654 do get, return /do?&x=0.5462&y=0.5013&z=1
2015-07-14 20:30:20.753654 do get, return /do?&x=0.5481&y=0.5013&z=1
2015-07-14 20:30:20.754656 do get, return /do?&x=0.5481&y=0.4994&z=1
2015-07-14 20:30:20.759671 do get, return /do?&x=0.5481&y=0.4975&z=1
2015-07-14 20:30:20.765655 do get, return /do?&x=0.5481&y=0.4956&z=1
2015-07-14 20:30:20.769656 [0.5462, 0.5033, 1.0]
2015-07-14 20:30:20.774671 [0.5462, 0.5013, 1.0]
2015-07-14 20:30:20.778656 [0.5481, 0.5013, 1.0]
2015-07-14 20:30:20.783671 [0.5481, 0.4994, 1.0]
2015-07-14 20:30:20.788672 [0.5481, 0.4975, 1.0]
2015-07-14 20:30:20.794657 [0.5481, 0.4956, 1.0]
2015-07-14 20:30:20.802657 do get, return /do?&x=0.5481&y=0.4937&z=1
2015-07-14 20:30:20.808657 do get, return /do?&x=0.5481&y=0.4918&z=1
2015-07-14 20:30:20.814657 do get, return /do?&x=0.5481&y=0.4899&z=1
2015-07-14 20:30:20.820658 do get, return /do?&x=0.5500&y=0.4899&z=1
2015-07-14 20:30:20.827675 do get, return /do?&x=0.5500&y=0.4880&z=1
2015-07-14 20:30:20.833658 do get, return /do?&x=0.5500&y=0.4860&z=1
2015-07-14 20:30:20.837674 [0.5481, 0.4937, 1.0]
2015-07-14 20:30:20.843659 [0.5481, 0.4918, 1.0]
2015-07-14 20:30:20.849658 [0.5481, 0.4899, 1.0]
2015-07-14 20:30:20.854661 [0.55, 0.4899, 1.0]
2015-07-14 20:30:20.861663 [0.55, 0.488, 1.0]
2015-07-14 20:30:20.866662 [0.55, 0.486, 1.0]
2015-07-14 20:30:20.876678 do get, return /do?&x=0.5500&y=0.4841&z=1
2015-07-14 20:30:20.882662 do get, return /do?&x=0.5500&y=0.4822&z=1
2015-07-14 20:30:20.893662 do get, return /do?&x=0.5519&y=0.4822&z=1
2015-07-14 20:30:20.899686 do get, return /do?&x=0.5519&y=0.4803&z=1
2015-07-14 20:30:20.917663 [0.55, 0.4841, 1.0]
2015-07-14 20:30:20.928662 [0.55, 0.4822, 1.0]
2015-07-14 20:30:20.933664 [0.5519, 0.4822, 1.0]
2015-07-14 20:30:20.943689 [0.5519, 0.4803, 1.0]
2015-07-14 20:30:21.154850 do get, return /do?&x=0.5500&y=0.4803&z=1
2015-07-14 20:30:21.167841 [0.55, 0.4803, 1.0]
2015-07-14 20:30:21.203844 do get, return /do?&x=0.5481&y=0.4841&z=1
2015-07-14 20:30:21.211852 do get, return /do?&x=0.5481&y=0.4860&z=1
2015-07-14 20:30:21.219851 [0.5481, 0.4841, 1.0]
2015-07-14 20:30:21.222838 do get, return /do?&x=0.5481&y=0.4880&z=1
2015-07-14 20:30:21.239837 [0.5481, 0.486, 1.0]
2015-07-14 20:30:21.274841 [0.5481, 0.488, 1.0]
2015-07-14 20:30:21.470921 do get, return /do?&x=0.5462&y=0.4899&z=1
2015-07-14 20:30:21.485912 do get, return /do?&x=0.5443&y=0.4899&z=1
2015-07-14 20:30:21.486905 [0.5462, 0.4899, 1.0]
2015-07-14 20:30:21.493936 do get, return /do?&x=0.5443&y=0.4880&z=1
2015-07-14 20:30:21.502906 do get, return /do?&x=0.5443&y=0.4860&z=1
2015-07-14 20:30:21.505906 [0.5443, 0.4899, 1.0]
2015-07-14 20:30:21.585911 [0.5443, 0.488, 1.0]
2015-07-14 20:30:21.654918 [0.5443, 0.486, 1.0]
2015-07-14 20:30:39.962665 do get, return /do?&x=0.5366&y=0.4689&z=1
2015-07-14 20:30:39.982651 [0.5366, 0.4689, 1.0]
2015-07-14 20:30:40.053686 do get, return /do?&x=0.5424&y=0.4841&z=1
2015-07-14 20:30:40.064656 do get, return /do?&x=0.5366&y=0.4746&z=1
2015-07-14 20:30:40.073657 [0.5424, 0.4841, 1.0]
2015-07-14 20:30:40.075657 do get, return /do?&x=0.5385&y=0.4765&z=1
2015-07-14 20:30:40.092663 do get, return /do?&x=0.5347&y=0.4708&z=1
2015-07-14 20:30:40.104659 do get, return /do?&x=0.5347&y=0.4689&z=1
2015-07-14 20:30:40.137688 [0.5366, 0.4746, 1.0]
2015-07-14 20:30:40.213698 [0.5385, 0.4765, 1.0]
2015-07-14 20:30:40.230663 [0.5347, 0.4708, 1.0]
2015-07-14 20:30:40.253667 [0.5347, 0.4689, 1.0]
2015-07-14 20:30:40.456370 do get, return /do?&x=0.5443&y=0.4574&z=1
2015-07-14 20:30:40.461371 do get, return /do?&x=0.5596&y=0.4192&z=1
2015-07-14 20:30:40.479371 do get, return /do?&x=0.5424&y=0.4631&z=1
2015-07-14 20:30:40.526373 [0.5443, 0.4574, 1.0]
2015-07-14 20:30:40.537379 [0.5596, 0.4192, 1.0]
2015-07-14 20:30:40.556375 do get, return /do?&x=0.5405&y=0.4803&z=1
2015-07-14 20:30:40.582378 [0.5424, 0.4631, 1.0]
2015-07-14 20:30:40.646405 [0.5405, 0.4803, 1.0]
2015-07-14 20:30:40.694384 do get, return /do?&x=0.5672&y=0.3886&z=1
2015-07-14 20:30:40.705383 do get, return /do?&x=0.5730&y=0.3714&z=1
2015-07-14 20:30:40.745385 [0.5672, 0.3886, 1.0]
2015-07-14 20:30:40.755385 [0.573, 0.3714, 1.0]
2015-07-14 20:30:40.769389 do get, return /do?&x=0.5768&y=0.3542&z=1
2015-07-14 20:30:40.816390 do get, return /do?&x=0.5787&y=0.3389&z=1
2015-07-14 20:30:40.825402 [0.5768, 0.3542, 1.0]
2015-07-14 20:30:40.835404 [0.5787, 0.3389, 1.0]
2015-07-14 20:30:40.849391 do get, return /do?&x=0.5806&y=0.3255&z=1
2015-07-14 20:30:40.861392 do get, return /do?&x=0.5825&y=0.3140&z=1
2015-07-14 20:30:40.867418 [0.5806, 0.3255, 1.0]
2015-07-14 20:30:40.877396 [0.5825, 0.314, 1.0]
2015-07-14 20:30:40.891394 do get, return /do?&x=0.5825&y=0.3045&z=1
2015-07-14 20:30:40.903394 do get, return /do?&x=0.5844&y=0.2930&z=1
2015-07-14 20:30:40.909393 [0.5825, 0.3045, 1.0]
2015-07-14 20:30:40.919395 [0.5844, 0.293, 1.0]
2015-07-14 20:30:40.935397 do get, return /do?&x=0.5844&y=0.2854&z=1
2015-07-14 20:30:40.948398 do get, return /do?&x=0.5863&y=0.2758&z=1
2015-07-14 20:30:40.953396 [0.5844, 0.2854, 1.0]
2015-07-14 20:30:40.961398 do get, return /do?&x=0.5634&y=0.4039&z=1
2015-07-14 20:30:40.962398 do get, return /do?&x=0.5558&y=0.4345&z=1
2015-07-14 20:30:40.964401 do get, return /do?&x=0.5500&y=0.4459&z=1
2015-07-14 20:30:40.964401 [0.5863, 0.2758, 1.0]
2015-07-14 20:30:40.972398 do get, return /do?&x=0.5385&y=0.4669&z=1
2015-07-14 20:30:40.981402 do get, return /do?&x=0.5902&y=0.2682&z=1
2015-07-14 20:30:40.987398 [0.5634, 0.4039, 1.0]
2015-07-14 20:30:40.998402 [0.5558, 0.4345, 1.0]
2015-07-14 20:30:41.008399 [0.55, 0.4459, 1.0]
2015-07-14 20:30:41.022400 do get, return /do?&x=0.5921&y=0.2625&z=1
2015-07-14 20:30:41.027400 [0.5385, 0.4669, 1.0]
2015-07-14 20:30:41.034402 [0.5902, 0.2682, 1.0]
2015-07-14 20:30:41.046402 do get, return /do?&x=0.5940&y=0.2529&z=1
2015-07-14 20:30:41.056402 do get, return /do?&x=0.5940&y=0.2472&z=1
2015-07-14 20:30:41.063402 do get, return /do?&x=0.5959&y=0.2395&z=1
2015-07-14 20:30:41.067402 [0.5921, 0.2625, 1.0]
2015-07-14 20:30:41.079423 do get, return /do?&x=0.5959&y=0.2319&z=1
2015-07-14 20:30:41.089406 do get, return /do?&x=0.5959&y=0.2204&z=1
2015-07-14 20:30:41.095406 [0.594, 0.2529, 1.0]
2015-07-14 20:30:41.102407 [0.594, 0.2472, 1.0]
2015-07-14 20:30:41.108429 [0.5959, 0.2395, 1.0]
2015-07-14 20:30:41.118406 do get, return /do?&x=0.5959&y=0.2089&z=1
2015-07-14 20:30:41.122429 [0.5959, 0.2319, 1.0]
2015-07-14 20:30:41.129430 [0.5959, 0.2204, 1.0]
2015-07-14 20:30:41.139408 do get, return /do?&x=0.5978&y=0.1936&z=1
2015-07-14 20:30:41.146431 do get, return /do?&x=0.5997&y=0.1764&z=1
2015-07-14 20:30:41.153408 do get, return /do?&x=0.6016&y=0.1593&z=1
2015-07-14 20:30:41.157408 [0.5959, 0.2089, 1.0]
2015-07-14 20:30:41.167408 do get, return /do?&x=0.6074&y=0.1382&z=1
2015-07-14 20:30:41.173409 do get, return /do?&x=0.6112&y=0.1172&z=1
2015-07-14 20:30:41.177425 [0.5978, 0.1936, 1.0]
2015-07-14 20:30:41.183425 [0.5997, 0.1764, 1.0]
2015-07-14 20:30:41.189409 [0.6016, 0.1593, 1.0]
2015-07-14 20:30:41.199428 do get, return /do?&x=0.6150&y=0.1019&z=1
2015-07-14 20:30:41.202426 [0.6074, 0.1382, 1.0]
2015-07-14 20:30:41.207427 [0.6112, 0.1172, 1.0]
2015-07-14 20:30:41.215411 do get, return /do?&x=0.6169&y=0.0904&z=1
2015-07-14 20:30:41.220411 do get, return /do?&x=0.6188&y=0.0828&z=1
2015-07-14 20:30:41.226412 do get, return /do?&x=0.6188&y=0.0771&z=1
2015-07-14 20:30:41.228428 [0.615, 0.1019, 1.0]
2015-07-14 20:30:41.238430 do get, return /do?&x=0.6188&y=0.0694&z=1
2015-07-14 20:30:41.244430 do get, return /do?&x=0.6188&y=0.0618&z=1
2015-07-14 20:30:41.247429 [0.6169, 0.0904, 1.0]
2015-07-14 20:30:41.252429 [0.6188, 0.0828, 1.0]
2015-07-14 20:30:41.257413 [0.6188, 0.0771, 1.0]
2015-07-14 20:30:41.266416 do get, return /do?&x=0.6188&y=0.0541&z=1
2015-07-14 20:30:41.294418 [0.6188, 0.0694, 1.0]
2015-07-14 20:30:41.329434 [0.6188, 0.0618, 1.0]
2015-07-14 20:30:41.340418 do get, return /do?&x=0.6188&y=0.0427&z=1
2015-07-14 20:30:41.347436 do get, return /do?&x=0.6188&y=0.0350&z=1
2015-07-14 20:30:41.354419 do get, return /do?&x=0.6188&y=0.0274&z=1
2015-07-14 20:30:41.358425 [0.6188, 0.0541, 1.0]
2015-07-14 20:30:41.368420 do get, return /do?&x=0.6188&y=0.0216&z=1
2015-07-14 20:30:41.376420 do get, return /do?&x=0.6169&y=0.0159&z=1
2015-07-14 20:30:41.380436 [0.6188, 0.0427, 1.0]
2015-07-14 20:30:41.386421 [0.6188, 0.035, 1.0]
2015-07-14 20:30:41.392421 [0.6188, 0.0274, 1.0]
2015-07-14 20:30:41.402422 do get, return /do?&x=0.6131&y=0.0102&z=1
2015-07-14 20:30:41.407423 [0.6188, 0.0216, 1.0]
2015-07-14 20:30:41.412451 [0.6169, 0.0159, 1.0]
2015-07-14 20:30:41.419423 do get, return /do?&x=0.6131&y=0.0044&z=1
2015-07-14 20:30:41.433423 [0.6131, 0.0102, 1.0]
2015-07-14 20:30:41.452441 [0.6131, 0.0044, 1.0]
2015-07-14 20:32:44.006668 do get, return /do?&x=0.4812&y=0.0274&z=1
2015-07-14 20:32:44.009634 do get, return /do?&x=0.5003&y=0.0618&z=1
2015-07-14 20:32:44.018634 do get, return /do?&x=0.5214&y=0.1057&z=1
2015-07-14 20:32:44.025666 [0.4812, 0.0274, 1.0]
2015-07-14 20:32:44.029667 do get, return /do?&x=0.5347&y=0.1440&z=1
2015-07-14 20:32:44.037654 do get, return /do?&x=0.5462&y=0.1764&z=1
2015-07-14 20:32:44.041638 [0.5003, 0.0618, 1.0]
2015-07-14 20:32:44.044641 do get, return /do?&x=0.5558&y=0.2051&z=1
2015-07-14 20:32:44.058671 [0.5214, 0.1057, 1.0]
2015-07-14 20:32:44.081644 do get, return /do?&x=0.5653&y=0.2280&z=1
2015-07-14 20:32:44.090637 [0.5347, 0.144, 1.0]
2015-07-14 20:32:44.103644 [0.5462, 0.1764, 1.0]
2015-07-14 20:32:44.123669 do get, return /do?&x=0.5730&y=0.2510&z=1
2015-07-14 20:32:44.130648 [0.5558, 0.2051, 1.0]
2015-07-14 20:32:44.154646 do get, return /do?&x=0.5787&y=0.2739&z=1
2015-07-14 20:32:44.164647 [0.5653, 0.228, 1.0]
2015-07-14 20:32:44.189642 do get, return /do?&x=0.5863&y=0.2949&z=1
2015-07-14 20:32:44.208657 do get, return /do?&x=0.5921&y=0.3140&z=1
2015-07-14 20:32:44.219673 [0.573, 0.251, 1.0]
2015-07-14 20:32:44.244650 do get, return /do?&x=0.5978&y=0.3332&z=1
2015-07-14 20:32:44.255661 [0.5787, 0.2739, 1.0]
2015-07-14 20:32:44.271666 do get, return /do?&x=0.6035&y=0.3485&z=1
2015-07-14 20:32:44.273663 [0.5863, 0.2949, 1.0]
2015-07-14 20:32:44.282648 [0.5921, 0.314, 1.0]
2015-07-14 20:32:44.304655 do get, return /do?&x=0.6074&y=0.3637&z=1
2015-07-14 20:32:44.307654 [0.5978, 0.3332, 1.0]
2015-07-14 20:32:44.323651 do get, return /do?&x=0.6131&y=0.3771&z=1
2015-07-14 20:32:44.326687 [0.6035, 0.3485, 1.0]
2015-07-14 20:32:44.342653 do get, return /do?&x=0.6188&y=0.3943&z=1
2015-07-14 20:32:44.352661 do get, return /do?&x=0.6226&y=0.4058&z=1
2015-07-14 20:32:44.355651 [0.6074, 0.3637, 1.0]
2015-07-14 20:32:44.370654 do get, return /do?&x=0.6265&y=0.4153&z=1
2015-07-14 20:32:44.373668 [0.6131, 0.3771, 1.0]
2015-07-14 20:32:44.397655 do get, return /do?&x=0.6303&y=0.4287&z=1
2015-07-14 20:32:44.408654 [0.6188, 0.3943, 1.0]
2015-07-14 20:32:44.425657 [0.6226, 0.4058, 1.0]
2015-07-14 20:32:44.451690 do get, return /do?&x=0.6341&y=0.4402&z=1
2015-07-14 20:32:44.463662 [0.6265, 0.4153, 1.0]
2015-07-14 20:32:44.493661 do get, return /do?&x=0.6379&y=0.4536&z=1
2015-07-14 20:32:44.502660 [0.6303, 0.4287, 1.0]
2015-07-14 20:32:44.529663 do get, return /do?&x=0.6437&y=0.4669&z=1
2015-07-14 20:32:44.551672 do get, return /do?&x=0.6494&y=0.4803&z=1
2015-07-14 20:32:44.559664 [0.6341, 0.4402, 1.0]
2015-07-14 20:32:44.585665 do get, return /do?&x=0.6532&y=0.4937&z=1
2015-07-14 20:32:44.596666 [0.6379, 0.4536, 1.0]
2015-07-14 20:32:44.621672 do get, return /do?&x=0.6571&y=0.5071&z=1
2015-07-14 20:32:44.632700 [0.6437, 0.4669, 1.0]
2015-07-14 20:32:44.649677 [0.6494, 0.4803, 1.0]
2015-07-14 20:32:44.674701 do get, return /do?&x=0.6609&y=0.5185&z=1
2015-07-14 20:32:44.688671 [0.6532, 0.4937, 1.0]
2015-07-14 20:32:44.720674 do get, return /do?&x=0.6647&y=0.5300&z=1
2015-07-14 20:32:44.731674 [0.6571, 0.5071, 1.0]
2015-07-14 20:32:44.767684 do get, return /do?&x=0.6666&y=0.5415&z=1
2015-07-14 20:32:44.785677 do get, return /do?&x=0.6685&y=0.5510&z=1
2015-07-14 20:32:44.798678 [0.6609, 0.5185, 1.0]
2015-07-14 20:32:44.831681 do get, return /do?&x=0.6704&y=0.5625&z=1
2015-07-14 20:32:44.841688 [0.6647, 0.53, 1.0]
2015-07-14 20:32:44.864686 do get, return /do?&x=0.6704&y=0.5702&z=1
2015-07-14 20:32:44.871688 [0.6666, 0.5415, 1.0]
2015-07-14 20:32:44.882685 [0.6685, 0.551, 1.0]
2015-07-14 20:32:44.898683 do get, return /do?&x=0.6704&y=0.5759&z=1
2015-07-14 20:32:44.899682 [0.6704, 0.5625, 1.0]
2015-07-14 20:32:44.918683 do get, return /do?&x=0.6704&y=0.5816&z=1
2015-07-14 20:32:44.918683 [0.6704, 0.5702, 1.0]
2015-07-14 20:32:44.933684 do get, return /do?&x=0.6704&y=0.5854&z=1
2015-07-14 20:32:44.943684 do get, return /do?&x=0.6685&y=0.5893&z=1
2015-07-14 20:32:44.947684 [0.6704, 0.5759, 1.0]
2015-07-14 20:32:44.964686 do get, return /do?&x=0.6647&y=0.5912&z=1
2015-07-14 20:32:44.965686 [0.6704, 0.5816, 1.0]
2015-07-14 20:32:44.980686 do get, return /do?&x=0.6647&y=0.5931&z=1
2015-07-14 20:32:44.984686 [0.6704, 0.5854, 1.0]
2015-07-14 20:32:44.990687 [0.6685, 0.5893, 1.0]
2015-07-14 20:32:44.999687 do get, return /do?&x=0.6628&y=0.5931&z=1
2015-07-14 20:32:45.003686 [0.6647, 0.5912, 1.0]
2015-07-14 20:32:45.015689 do get, return /do?&x=0.6609&y=0.5931&z=1
2015-07-14 20:32:45.018690 [0.6647, 0.5931, 1.0]
2015-07-14 20:32:45.028691 do get, return /do?&x=0.6590&y=0.5931&z=1
2015-07-14 20:32:45.036689 do get, return /do?&x=0.6571&y=0.5931&z=1
2015-07-14 20:32:45.041706 [0.6628, 0.5931, 1.0]
2015-07-14 20:32:45.052693 do get, return /do?&x=0.6551&y=0.5912&z=1
2015-07-14 20:32:45.057692 [0.6609, 0.5931, 1.0]
2015-07-14 20:32:45.068692 do get, return /do?&x=0.6513&y=0.5912&z=1
2015-07-14 20:32:45.073690 [0.659, 0.5931, 1.0]
2015-07-14 20:32:45.080708 [0.6571, 0.5931, 1.0]
2015-07-14 20:32:45.091692 do get, return /do?&x=0.6494&y=0.5873&z=1
2015-07-14 20:32:45.096709 [0.6551, 0.5912, 1.0]
2015-07-14 20:32:45.110710 [0.6513, 0.5912, 1.0]
2015-07-14 20:32:45.131711 [0.6494, 0.5873, 1.0]
2015-07-14 20:32:45.181868 do get, return /do?&x=0.6456&y=0.5854&z=1
2015-07-14 20:32:45.186867 do get, return /do?&x=0.6437&y=0.5816&z=1
2015-07-14 20:32:45.187867 do get, return /do?&x=0.6418&y=0.5797&z=1
2015-07-14 20:32:45.188885 do get, return /do?&x=0.6360&y=0.5778&z=1
2015-07-14 20:32:45.189866 do get, return /do?&x=0.6341&y=0.5740&z=1
2015-07-14 20:32:45.190867 do get, return /do?&x=0.6303&y=0.5720&z=1
2015-07-14 20:32:45.192884 [0.6456, 0.5854, 1.0]
2015-07-14 20:32:45.198884 [0.6437, 0.5816, 1.0]
2015-07-14 20:32:45.205891 [0.6418, 0.5797, 1.0]
2015-07-14 20:32:45.212867 [0.636, 0.5778, 1.0]
2015-07-14 20:32:45.219892 [0.6341, 0.574, 1.0]
2015-07-14 20:32:45.224894 [0.6303, 0.572, 1.0]
2015-07-14 20:32:45.233869 do get, return /do?&x=0.6245&y=0.5682&z=1
2015-07-14 20:32:45.239869 do get, return /do?&x=0.6207&y=0.5644&z=1
2015-07-14 20:32:45.245870 do get, return /do?&x=0.6188&y=0.5606&z=1
2015-07-14 20:32:45.253870 do get, return /do?&x=0.6150&y=0.5587&z=1
2015-07-14 20:32:45.268888 [0.6245, 0.5682, 1.0]
2015-07-14 20:32:45.274888 [0.6207, 0.5644, 1.0]
2015-07-14 20:32:45.281873 do get, return /do?&x=0.6131&y=0.5568&z=1
2015-07-14 20:32:45.283873 do get, return /do?&x=0.6112&y=0.5568&z=1
2015-07-14 20:32:45.284873 [0.6188, 0.5606, 1.0]
2015-07-14 20:32:45.292896 [0.615, 0.5587, 1.0]
2015-07-14 20:32:45.304874 do get, return /do?&x=0.6093&y=0.5549&z=1
2015-07-14 20:32:45.313874 do get, return /do?&x=0.6074&y=0.5549&z=1
2015-07-14 20:32:45.316900 [0.6131, 0.5568, 1.0]
2015-07-14 20:32:45.323899 [0.6112, 0.5568, 1.0]
2015-07-14 20:32:45.337900 do get, return /do?&x=0.6074&y=0.5549&z=1
2015-07-14 20:32:45.345880 do get, return /do?&x=0.6074&y=0.5529&z=1
2015-07-14 20:32:45.349878 [0.6093, 0.5549, 1.0]
2015-07-14 20:32:45.357879 [0.6074, 0.5549, 1.0]
2015-07-14 20:32:45.369887 do get, return /do?&x=0.6093&y=0.5529&z=1
2015-07-14 20:32:45.377877 do get, return /do?&x=0.6112&y=0.5510&z=1
2015-07-14 20:32:45.383877 [0.6074, 0.5549, 1.0]
2015-07-14 20:32:45.390878 [0.6074, 0.5529, 1.0]
2015-07-14 20:32:45.400879 do get, return /do?&x=0.6150&y=0.5510&z=1
2015-07-14 20:32:45.407879 do get, return /do?&x=0.6169&y=0.5510&z=1
2015-07-14 20:32:45.411896 [0.6093, 0.5529, 1.0]
2015-07-14 20:32:45.416896 [0.6112, 0.551, 1.0]
2015-07-14 20:32:45.425898 do get, return /do?&x=0.6207&y=0.5510&z=1
2015-07-14 20:32:45.432881 do get, return /do?&x=0.6226&y=0.5510&z=1
2015-07-14 20:32:45.435897 [0.615, 0.551, 1.0]
2015-07-14 20:32:45.443898 [0.6169, 0.551, 1.0]
2015-07-14 20:32:45.454882 do get, return /do?&x=0.6245&y=0.5510&z=1
2015-07-14 20:32:45.463882 do get, return /do?&x=0.6265&y=0.5510&z=1
2015-07-14 20:32:45.468881 [0.6207, 0.551, 1.0]
2015-07-14 20:32:45.475899 [0.6226, 0.551, 1.0]
2015-07-14 20:32:45.488884 do get, return /do?&x=0.6303&y=0.5510&z=1
2015-07-14 20:32:45.497902 do get, return /do?&x=0.6360&y=0.5510&z=1
2015-07-14 20:32:45.541886 [0.6245, 0.551, 1.0]
2015-07-14 20:32:45.588889 [0.6265, 0.551, 1.0]
2015-07-14 20:32:45.600891 do get, return /do?&x=0.6379&y=0.5510&z=1
2015-07-14 20:32:45.608891 do get, return /do?&x=0.6418&y=0.5510&z=1
2015-07-14 20:32:45.613891 [0.6303, 0.551, 1.0]
2015-07-14 20:32:45.619891 [0.636, 0.551, 1.0]
2015-07-14 20:32:45.640892 [0.6379, 0.551, 1.0]
2015-07-14 20:32:45.644910 do get, return /do?&x=0.6437&y=0.5510&z=1
2015-07-14 20:32:45.645893 do get, return /do?&x=0.6456&y=0.5510&z=1
2015-07-14 20:32:45.646899 [0.6418, 0.551, 1.0]
2015-07-14 20:32:45.657893 do get, return /do?&x=0.6475&y=0.5510&z=1
2015-07-14 20:32:45.673910 [0.6437, 0.551, 1.0]
2015-07-14 20:32:45.681895 do get, return /do?&x=0.6494&y=0.5510&z=1
2015-07-14 20:32:45.682896 [0.6456, 0.551, 1.0]
2015-07-14 20:32:45.682896 do get, return /do?&x=0.6513&y=0.5491&z=1
2015-07-14 20:32:45.693896 do get, return /do?&x=0.6532&y=0.5472&z=1
2015-07-14 20:32:45.705898 [0.6475, 0.551, 1.0]
2015-07-14 20:32:45.723897 do get, return /do?&x=0.6571&y=0.5472&z=1
2015-07-14 20:32:45.728897 [0.6494, 0.551, 1.0]
2015-07-14 20:32:45.739898 do get, return /do?&x=0.6590&y=0.5453&z=1
2015-07-14 20:32:45.744915 [0.6513, 0.5491, 1.0]
2015-07-14 20:32:45.755898 [0.6532, 0.5472, 1.0]
2015-07-14 20:32:45.769924 do get, return /do?&x=0.6628&y=0.5434&z=1
2015-07-14 20:32:45.777901 [0.6571, 0.5472, 1.0]
2015-07-14 20:32:45.795902 do get, return /do?&x=0.6666&y=0.5434&z=1
2015-07-14 20:32:45.799901 [0.659, 0.5453, 1.0]
2015-07-14 20:32:45.813904 do get, return /do?&x=0.6685&y=0.5415&z=1
2015-07-14 20:32:45.824903 do get, return /do?&x=0.6723&y=0.5396&z=1
2015-07-14 20:32:45.832919 [0.6628, 0.5434, 1.0]
2015-07-14 20:32:45.846907 do get, return /do?&x=0.6742&y=0.5396&z=1
2015-07-14 20:32:45.853921 [0.6666, 0.5434, 1.0]
2015-07-14 20:32:45.867908 do get, return /do?&x=0.6800&y=0.5376&z=1
2015-07-14 20:32:45.872905 [0.6685, 0.5415, 1.0]
2015-07-14 20:32:45.876911 [0.6723, 0.5396, 1.0]
2015-07-14 20:32:45.883924 do get, return /do?&x=0.6838&y=0.5338&z=1
2015-07-14 20:32:45.883924 [0.6742, 0.5396, 1.0]
2015-07-14 20:32:45.890907 do get, return /do?&x=0.6876&y=0.5338&z=1
2015-07-14 20:32:45.891906 [0.68, 0.5376, 1.0]
2015-07-14 20:32:45.898908 do get, return /do?&x=0.6915&y=0.5300&z=1
2015-07-14 20:32:45.903907 do get, return /do?&x=0.6991&y=0.5262&z=1
2015-07-14 20:32:45.904910 [0.6838, 0.5338, 1.0]
2015-07-14 20:32:45.911908 do get, return /do?&x=0.7029&y=0.5243&z=1
2015-07-14 20:32:45.911908 [0.6876, 0.5338, 1.0]
2015-07-14 20:32:45.919908 [0.6915, 0.53, 1.0]
2015-07-14 20:32:45.923925 [0.6991, 0.5262, 1.0]
2015-07-14 20:32:45.932925 [0.7029, 0.5243, 1.0]
2015-07-14 20:32:45.950911 do get, return /do?&x=0.7086&y=0.5205&z=1
2015-07-14 20:32:45.953911 do get, return /do?&x=0.7125&y=0.5205&z=1
2015-07-14 20:32:45.954911 do get, return /do?&x=0.7220&y=0.5147&z=1
2015-07-14 20:32:45.955919 do get, return /do?&x=0.7163&y=0.5166&z=1
2015-07-14 20:32:45.956913 do get, return /do?&x=0.7258&y=0.5147&z=1
2015-07-14 20:32:45.960926 do get, return /do?&x=0.7297&y=0.5109&z=1
2015-07-14 20:32:45.961927 [0.7086, 0.5205, 1.0]
2015-07-14 20:32:45.967910 [0.7125, 0.5205, 1.0]
2015-07-14 20:32:45.972920 [0.722, 0.5147, 1.0]
2015-07-14 20:32:45.978928 [0.7163, 0.5166, 1.0]
2015-07-14 20:32:45.984915 [0.7258, 0.5147, 1.0]
2015-07-14 20:32:45.990929 [0.7297, 0.5109, 1.0]
2015-07-14 20:32:46.015914 do get, return /do?&x=0.7335&y=0.5090&z=1
2015-07-14 20:32:46.016914 do get, return /do?&x=0.7392&y=0.5071&z=1
2015-07-14 20:32:46.018914 do get, return /do?&x=0.7411&y=0.5052&z=1
2015-07-14 20:32:46.038932 [0.7335, 0.509, 1.0]
2015-07-14 20:32:46.044917 [0.7392, 0.5071, 1.0]
2015-07-14 20:32:46.049916 do get, return /do?&x=0.7450&y=0.5052&z=1
2015-07-14 20:32:46.051939 [0.7411, 0.5052, 1.0]
2015-07-14 20:32:46.065917 do get, return /do?&x=0.7488&y=0.5033&z=1
2015-07-14 20:32:46.067918 do get, return /do?&x=0.7526&y=0.5013&z=1
2015-07-14 20:32:46.072934 [0.745, 0.5052, 1.0]
2015-07-14 20:32:46.080917 do get, return /do?&x=0.7545&y=0.4994&z=1
2015-07-14 20:32:46.083942 do get, return /do?&x=0.7564&y=0.4994&z=1
2015-07-14 20:32:46.083942 do get, return /do?&x=0.7583&y=0.4994&z=1
2015-07-14 20:32:46.086934 [0.7488, 0.5033, 1.0]
2015-07-14 20:32:46.092934 [0.7526, 0.5013, 1.0]
2015-07-14 20:32:46.102920 do get, return /do?&x=0.7583&y=0.4975&z=1
2015-07-14 20:32:46.105920 [0.7545, 0.4994, 1.0]
2015-07-14 20:32:46.111921 [0.7564, 0.4994, 1.0]
2015-07-14 20:32:46.118920 [0.7583, 0.4994, 1.0]
2015-07-14 20:32:46.137921 do get, return /do?&x=0.7602&y=0.4975&z=1
2015-07-14 20:32:46.139923 [0.7583, 0.4975, 1.0]
2015-07-14 20:32:46.150922 do get, return /do?&x=0.7622&y=0.4975&z=1
2015-07-14 20:32:46.166923 [0.7602, 0.4975, 1.0]
2015-07-14 20:32:46.179922 [0.7622, 0.4975, 1.0]
2015-07-14 20:32:46.189924 do get, return /do?&x=0.7641&y=0.4975&z=1
2015-07-14 20:32:46.202925 [0.7641, 0.4975, 1.0]
2015-07-14 20:32:46.202925 do get, return /do?&x=0.7660&y=0.4975&z=1
2015-07-14 20:32:46.204924 do get, return /do?&x=0.7698&y=0.4956&z=1
2015-07-14 20:32:46.204924 do get, return /do?&x=0.7755&y=0.4956&z=1
2015-07-14 20:32:46.205925 do get, return /do?&x=0.7794&y=0.4937&z=1
2015-07-14 20:32:46.206926 do get, return /do?&x=0.7832&y=0.4937&z=1
2015-07-14 20:32:46.216944 do get, return /do?&x=0.7870&y=0.4937&z=1
2015-07-14 20:32:46.221943 [0.766, 0.4975, 1.0]
2015-07-14 20:32:46.229928 [0.7698, 0.4956, 1.0]
2015-07-14 20:32:46.237943 [0.7755, 0.4956, 1.0]
2015-07-14 20:32:46.245929 [0.7794, 0.4937, 1.0]
2015-07-14 20:32:46.253945 [0.7832, 0.4937, 1.0]
2015-07-14 20:32:46.261928 [0.787, 0.4937, 1.0]
2015-07-14 20:32:46.271929 do get, return /do?&x=0.7908&y=0.4937&z=1
2015-07-14 20:32:46.280932 do get, return /do?&x=0.7947&y=0.4937&z=1
2015-07-14 20:32:46.288930 do get, return /do?&x=0.7985&y=0.4918&z=1
2015-07-14 20:32:46.297947 do get, return /do?&x=0.8042&y=0.4918&z=1
2015-07-14 20:32:46.305930 do get, return /do?&x=0.8080&y=0.4918&z=1
2015-07-14 20:32:46.316949 [0.7908, 0.4937, 1.0]
2015-07-14 20:32:46.322931 [0.7947, 0.4937, 1.0]
2015-07-14 20:32:46.329934 [0.7985, 0.4918, 1.0]
2015-07-14 20:32:46.333932 do get, return /do?&x=0.8099&y=0.4918&z=1
2015-07-14 20:32:46.336950 [0.8042, 0.4918, 1.0]
2015-07-14 20:32:46.343934 [0.808, 0.4918, 1.0]
2015-07-14 20:32:46.354950 do get, return /do?&x=0.8118&y=0.4918&z=1
2015-07-14 20:32:46.361933 do get, return /do?&x=0.8138&y=0.4918&z=1
2015-07-14 20:32:46.374951 [0.8099, 0.4918, 1.0]
2015-07-14 20:32:46.384937 do get, return /do?&x=0.8138&y=0.4937&z=1
2015-07-14 20:32:46.385934 do get, return /do?&x=0.8118&y=0.4937&z=1
2015-07-14 20:32:46.393935 do get, return /do?&x=0.8118&y=0.4956&z=1
2015-07-14 20:32:46.398952 [0.8118, 0.4918, 1.0]
2015-07-14 20:32:46.405937 [0.8138, 0.4918, 1.0]
2015-07-14 20:32:46.416937 do get, return /do?&x=0.8099&y=0.4956&z=1
2015-07-14 20:32:46.421937 [0.8138, 0.4937, 1.0]
2015-07-14 20:32:46.429936 [0.8118, 0.4937, 1.0]
2015-07-14 20:32:46.436937 [0.8118, 0.4956, 1.0]
2015-07-14 20:32:46.448955 do get, return /do?&x=0.8080&y=0.4956&z=1
2015-07-14 20:32:46.455939 do get, return /do?&x=0.8099&y=0.4956&z=1
2015-07-14 20:32:46.460956 [0.8099, 0.4956, 1.0]
2015-07-14 20:32:46.470941 do get, return /do?&x=0.8138&y=0.4956&z=1
2015-07-14 20:32:46.479942 do get, return /do?&x=0.8195&y=0.4937&z=1
2015-07-14 20:32:46.491942 [0.808, 0.4956, 1.0]
2015-07-14 20:32:46.497957 [0.8099, 0.4956, 1.0]
2015-07-14 20:32:46.499942 do get, return /do?&x=0.8291&y=0.4899&z=1
2015-07-14 20:32:46.511943 do get, return /do?&x=0.8424&y=0.4860&z=1
2015-07-14 20:32:46.516942 [0.8138, 0.4956, 1.0]
2015-07-14 20:32:46.523969 [0.8195, 0.4937, 1.0]
2015-07-14 20:32:46.533943 do get, return /do?&x=0.8635&y=0.4822&z=1
2015-07-14 20:32:46.541944 do get, return /do?&x=0.8864&y=0.4765&z=1
2015-07-14 20:32:46.545960 [0.8291, 0.4899, 1.0]
2015-07-14 20:32:46.552944 [0.8424, 0.486, 1.0]
2015-07-14 20:32:46.562946 do get, return /do?&x=0.9170&y=0.4669&z=1
2015-07-14 20:32:46.575945 [0.8635, 0.4822, 1.0]
2015-07-14 20:32:46.582945 [0.8864, 0.4765, 1.0]
2015-07-14 20:32:46.596947 do get, return /do?&x=0.9475&y=0.4593&z=1
2015-07-14 20:32:46.597947 do get, return /do?&x=0.9838&y=0.4497&z=1
2015-07-14 20:32:46.605970 [0.917, 0.4669, 1.0]
2015-07-14 20:32:46.626965 [0.9475, 0.4593, 1.0]
2015-07-14 20:32:46.633966 [0.9838, 0.4497, 1.0]
